DIM,8,8
k,1+1.7709585794e-05
1.2500000000e+01,1.2500000000e+01 | 1.0849532219e-03  , 3.0778284210e-04
3.7500000000e+01,1.2500000000e+01 | 1.0442326103e-03  , 2.9623108995e-04
6.2500000000e+01,1.2500000000e+01 | 9.6432015096e-04  , 2.7356127344e-04
8.7500000000e+01,1.2500000000e+01 | 8.4821572242e-04  , 2.4062443761e-04
1.1250000000e+02,1.2500000000e+01 | 7.0027486377e-04  , 1.9865610600e-04
1.3750000000e+02,1.2500000000e+01 | 5.2605164720e-04  , 1.4923192586e-04
1.6250000000e+02,1.2500000000e+01 | 3.3208563044e-04  , 9.4206957120e-05
1.8750000000e+02,1.2500000000e+01 | 1.2566121152e-04  , 3.5614011892e-05
1.2500000000e+01,3.7500000000e+01 | 1.0849532219e-03  , 3.0778284210e-04
3.7500000000e+01,3.7500000000e+01 | 1.0442326103e-03  , 2.9623108995e-04
6.2500000000e+01,3.7500000000e+01 | 9.6432015096e-04  , 2.7356127344e-04
8.7500000000e+01,3.7500000000e+01 | 8.4821572242e-04  , 2.4062443761e-04
1.1250000000e+02,3.7500000000e+01 | 7.0027486377e-04  , 1.9865610600e-04
1.3750000000e+02,3.7500000000e+01 | 5.2605164720e-04  , 1.4923192586e-04
1.6250000000e+02,3.7500000000e+01 | 3.3208563044e-04  , 9.4206957120e-05
1.8750000000e+02,3.7500000000e+01 | 1.2566121152e-04  , 3.5614011892e-05
1.2500000000e+01,6.2500000000e+01 | 1.0849532219e-03  , 3.0778284210e-04
3.7500000000e+01,6.2500000000e+01 | 1.0442326103e-03  , 2.9623108995e-04
6.2500000000e+01,6.2500000000e+01 | 9.6432015096e-04  , 2.7356127344e-04
8.7500000000e+01,6.2500000000e+01 | 8.4821572242e-04  , 2.4062443761e-04
1.1250000000e+02,6.2500000000e+01 | 7.0027486377e-04  , 1.9865610600e-04
1.3750000000e+02,6.2500000000e+01 | 5.2605164720e-04  , 1.4923192586e-04
1.6250000000e+02,6.2500000000e+01 | 3.3208563044e-04  , 9.4206957120e-05
1.8750000000e+02,6.2500000000e+01 | 1.2566121152e-04  , 3.5614011892e-05
1.2500000000e+01,8.7500000000e+01 | 1.0849532219e-03  , 3.0778284210e-04
3.7500000000e+01,8.7500000000e+01 | 1.0442326103e-03  , 2.9623108995e-04
6.2500000000e+01,8.7500000000e+01 | 9.6432015096e-04  , 2.7356127344e-04
8.7500000000e+01,8.7500000000e+01 | 8.4821572242e-04  , 2.4062443761e-04
1.1250000000e+02,8.7500000000e+01 | 7.0027486377e-04  , 1.9865610600e-04
1.3750000000e+02,8.7500000000e+01 | 5.2605164720e-04  , 1.4923192586e-04
1.6250000000e+02,8.7500000000e+01 | 3.3208563044e-04  , 9.4206957120e-05
1.8750000000e+02,8.7500000000e+01 | 1.2566121152e-04  , 3.5614011892e-05
1.2500000000e+01,1.1250000000e+02 | 1.0849532219e-03  , 3.0778284210e-04
3.7500000000e+01,1.1250000000e+02 | 1.0442326103e-03  , 2.9623108995e-04
6.2500000000e+01,1.1250000000e+02 | 9.6432015096e-04  , 2.7356127344e-04
8.7500000000e+01,1.1250000000e+02 | 8.4821572242e-04  , 2.4062443761e-04
1.1250000000e+02,1.1250000000e+02 | 7.0027486377e-04  , 1.9865610600e-04
1.3750000000e+02,1.1250000000e+02 | 5.2605164720e-04  , 1.4923192586e-04
1.6250000000e+02,1.1250000000e+02 | 3.3208563044e-04  , 9.4206957120e-05
1.8750000000e+02,1.1250000000e+02 | 1.2566121152e-04  , 3.5614011892e-05
1.2500000000e+01,1.3750000000e+02 | 1.0849532219e-03  , 3.0778284210e-04
3.7500000000e+01,1.3750000000e+02 | 1.0442326103e-03  , 2.9623108995e-04
6.2500000000e+01,1.3750000000e+02 | 9.6432015096e-04  , 2.7356127344e-04
8.7500000000e+01,1.3750000000e+02 | 8.4821572242e-04  , 2.4062443761e-04
1.1250000000e+02,1.3750000000e+02 | 7.0027486377e-04  , 1.9865610600e-04
1.3750000000e+02,1.3750000000e+02 | 5.2605164720e-04  , 1.4923192586e-04
1.6250000000e+02,1.3750000000e+02 | 3.3208563044e-04  , 9.4206957120e-05
1.8750000000e+02,1.3750000000e+02 | 1.2566121152e-04  , 3.5614011892e-05
1.2500000000e+01,1.6250000000e+02 | 1.0849532219e-03  , 3.0778284210e-04
3.7500000000e+01,1.6250000000e+02 | 1.0442326103e-03  , 2.9623108995e-04
6.2500000000e+01,1.6250000000e+02 | 9.6432015096e-04  , 2.7356127344e-04
8.7500000000e+01,1.6250000000e+02 | 8.4821572242e-04  , 2.4062443761e-04
1.1250000000e+02,1.6250000000e+02 | 7.0027486377e-04  , 1.9865610600e-04
1.3750000000e+02,1.6250000000e+02 | 5.2605164720e-04  , 1.4923192586e-04
1.6250000000e+02,1.6250000000e+02 | 3.3208563044e-04  , 9.4206957120e-05
1.8750000000e+02,1.6250000000e+02 | 1.2566121152e-04  , 3.5614011892e-05
1.2500000000e+01,1.8750000000e+02 | 1.0849532219e-03  , 3.0778284210e-04
3.7500000000e+01,1.8750000000e+02 | 1.0442326103e-03  , 2.9623108995e-04
6.2500000000e+01,1.8750000000e+02 | 9.6432015096e-04  , 2.7356127344e-04
8.7500000000e+01,1.8750000000e+02 | 8.4821572242e-04  , 2.4062443761e-04
1.1250000000e+02,1.8750000000e+02 | 7.0027486377e-04  , 1.9865610600e-04
1.3750000000e+02,1.8750000000e+02 | 5.2605164720e-04  , 1.4923192586e-04
1.6250000000e+02,1.8750000000e+02 | 3.3208563044e-04  , 9.4206957120e-05
1.8750000000e+02,1.8750000000e+02 | 1.2566121152e-04  , 3.5614011892e-05
