DIM,16,16
k,1+1.1959283010e-05
6.2500000000e+00,6.2500000000e+00 | 1.0901996593e-03  , 3.0927105018e-04
1.8750000000e+01,6.2500000000e+00 | 1.0799441208e-03  , 3.0636171808e-04
3.1250000000e+01,6.2500000000e+00 | 1.0595296528e-03  , 3.0057052317e-04
4.3750000000e+01,6.2500000000e+00 | 1.0291476030e-03  , 2.9195161070e-04
5.6250000000e+01,6.2500000000e+00 | 9.8908459433e-04  , 2.8058643007e-04
6.8750000000e+01,6.2500000000e+00 | 9.3971745555e-04  , 2.6658180691e-04
8.1250000000e+01,6.2500000000e+00 | 8.8151057623e-04  , 2.5006953254e-04
9.3750000000e+01,6.2500000000e+00 | 8.1501090942e-04  , 2.3120471665e-04
1.0625000000e+02,6.2500000000e+00 | 7.4084410676e-04  , 2.1016482732e-04
1.1875000000e+02,6.2500000000e+00 | 6.5970826320e-04  , 1.8714794898e-04
1.3125000000e+02,6.2500000000e+00 | 5.7236721453e-04  , 1.6237083936e-04
1.4375000000e+02,6.2500000000e+00 | 4.7964165670e-04  , 1.3606617922e-04
1.5625000000e+02,6.2500000000e+00 | 3.8240353566e-04  , 1.0848133513e-04
1.6875000000e+02,6.2500000000e+00 | 2.8156869225e-04  , 7.9876221931e-05
1.8125000000e+02,6.2500000000e+00 | 1.7808558333e-04  , 5.0518072783e-05
1.9375000000e+02,6.2500000000e+00 | 7.2951239702e-05  , 2.0568130239e-05
6.2500000000e+00,1.8750000000e+01 | 1.0901996593e-03  , 3.0927105018e-04
1.8750000000e+01,1.8750000000e+01 | 1.0799441208e-03  , 3.0636171808e-04
3.1250000000e+01,1.8750000000e+01 | 1.0595296528e-03  , 3.0057052317e-04
4.3750000000e+01,1.8750000000e+01 | 1.0291476030e-03  , 2.9195161070e-04
5.6250000000e+01,1.8750000000e+01 | 9.8908459433e-04  , 2.8058643007e-04
6.8750000000e+01,1.8750000000e+01 | 9.3971745555e-04  , 2.6658180691e-04
8.1250000000e+01,1.8750000000e+01 | 8.8151057623e-04  , 2.5006953254e-04
9.3750000000e+01,1.8750000000e+01 | 8.1501090942e-04  , 2.3120471665e-04
1.0625000000e+02,1.8750000000e+01 | 7.4084410676e-04  , 2.1016482732e-04
1.1875000000e+02,1.8750000000e+01 | 6.5970826320e-04  , 1.8714794898e-04
1.3125000000e+02,1.8750000000e+01 | 5.7236721453e-04  , 1.6237083936e-04
1.4375000000e+02,1.8750000000e+01 | 4.7964165670e-04  , 1.3606617922e-04
1.5625000000e+02,1.8750000000e+01 | 3.8240353566e-04  , 1.0848133513e-04
1.6875000000e+02,1.8750000000e+01 | 2.8156869225e-04  , 7.9876221931e-05
1.8125000000e+02,1.8750000000e+01 | 1.7808558333e-04  , 5.0518072783e-05
1.9375000000e+02,1.8750000000e+01 | 7.2951239702e-05  , 2.0568130239e-05
6.2500000000e+00,3.1250000000e+01 | 1.0901996593e-03  , 3.0927105018e-04
1.8750000000e+01,3.1250000000e+01 | 1.0799441208e-03  , 3.0636171808e-04
3.1250000000e+01,3.1250000000e+01 | 1.0595296528e-03  , 3.0057052317e-04
4.3750000000e+01,3.1250000000e+01 | 1.0291476030e-03  , 2.9195161070e-04
5.6250000000e+01,3.1250000000e+01 | 9.8908459433e-04  , 2.8058643007e-04
6.8750000000e+01,3.1250000000e+01 | 9.3971745555e-04  , 2.6658180691e-04
8.1250000000e+01,3.1250000000e+01 | 8.8151057623e-04  , 2.5006953254e-04
9.3750000000e+01,3.1250000000e+01 | 8.1501090942e-04  , 2.3120471665e-04
1.0625000000e+02,3.1250000000e+01 | 7.4084410676e-04  , 2.1016482732e-04
1.1875000000e+02,3.1250000000e+01 | 6.5970826320e-04  , 1.8714794898e-04
1.3125000000e+02,3.1250000000e+01 | 5.7236721453e-04  , 1.6237083936e-04
1.4375000000e+02,3.1250000000e+01 | 4.7964165670e-04  , 1.3606617922e-04
1.5625000000e+02,3.1250000000e+01 | 3.8240353566e-04  , 1.0848133513e-04
1.6875000000e+02,3.1250000000e+01 | 2.8156869225e-04  , 7.9876221931e-05
1.8125000000e+02,3.1250000000e+01 | 1.7808558333e-04  , 5.0518072783e-05
1.9375000000e+02,3.1250000000e+01 | 7.2951239702e-05  , 2.0568130239e-05
6.2500000000e+00,4.3750000000e+01 | 1.0901996593e-03  , 3.0927105018e-04
1.8750000000e+01,4.3750000000e+01 | 1.0799441208e-03  , 3.0636171808e-04
3.1250000000e+01,4.3750000000e+01 | 1.0595296528e-03  , 3.0057052317e-04
4.3750000000e+01,4.3750000000e+01 | 1.0291476030e-03  , 2.9195161070e-04
5.6250000000e+01,4.3750000000e+01 | 9.8908459433e-04  , 2.8058643007e-04
6.8750000000e+01,4.3750000000e+01 | 9.3971745555e-04  , 2.6658180691e-04
8.1250000000e+01,4.3750000000e+01 | 8.8151057623e-04  , 2.5006953254e-04
9.3750000000e+01,4.3750000000e+01 | 8.1501090942e-04  , 2.3120471665e-04
1.0625000000e+02,4.3750000000e+01 | 7.4084410676e-04  , 2.1016482732e-04
1.1875000000e+02,4.3750000000e+01 | 6.5970826320e-04  , 1.8714794898e-04
1.3125000000e+02,4.3750000000e+01 | 5.7236721453e-04  , 1.6237083936e-04
1.4375000000e+02,4.3750000000e+01 | 4.7964165670e-04  , 1.3606617922e-04
1.5625000000e+02,4.3750000000e+01 | 3.8240353566e-04  , 1.0848133513e-04
1.6875000000e+02,4.3750000000e+01 | 2.8156869225e-04  , 7.9876221931e-05
1.8125000000e+02,4.3750000000e+01 | 1.7808558333e-04  , 5.0518072783e-05
1.9375000000e+02,4.3750000000e+01 | 7.2951239702e-05  , 2.0568130239e-05
6.2500000000e+00,5.6250000000e+01 | 1.0901996593e-03  , 3.0927105018e-04
1.8750000000e+01,5.6250000000e+01 | 1.0799441208e-03  , 3.0636171808e-04
3.1250000000e+01,5.6250000000e+01 | 1.0595296528e-03  , 3.0057052317e-04
4.3750000000e+01,5.6250000000e+01 | 1.0291476030e-03  , 2.9195161070e-04
5.6250000000e+01,5.6250000000e+01 | 9.8908459433e-04  , 2.8058643007e-04
6.8750000000e+01,5.6250000000e+01 | 9.3971745555e-04  , 2.6658180691e-04
8.1250000000e+01,5.6250000000e+01 | 8.8151057623e-04  , 2.5006953254e-04
9.3750000000e+01,5.6250000000e+01 | 8.1501090942e-04  , 2.3120471665e-04
1.0625000000e+02,5.6250000000e+01 | 7.4084410676e-04  , 2.1016482732e-04
1.1875000000e+02,5.6250000000e+01 | 6.5970826320e-04  , 1.8714794898e-04
1.3125000000e+02,5.6250000000e+01 | 5.7236721453e-04  , 1.6237083936e-04
1.4375000000e+02,5.6250000000e+01 | 4.7964165670e-04  , 1.3606617922e-04
1.5625000000e+02,5.6250000000e+01 | 3.8240353566e-04  , 1.0848133513e-04
1.6875000000e+02,5.6250000000e+01 | 2.8156869225e-04  , 7.9876221931e-05
1.8125000000e+02,5.6250000000e+01 | 1.7808558333e-04  , 5.0518072783e-05
1.9375000000e+02,5.6250000000e+01 | 7.2951239702e-05  , 2.0568130239e-05
6.2500000000e+00,6.8750000000e+01 | 1.0901996593e-03  , 3.0927105018e-04
1.8750000000e+01,6.8750000000e+01 | 1.0799441208e-03  , 3.0636171808e-04
3.1250000000e+01,6.8750000000e+01 | 1.0595296528e-03  , 3.0057052317e-04
4.3750000000e+01,6.8750000000e+01 | 1.0291476030e-03  , 2.9195161070e-04
5.6250000000e+01,6.8750000000e+01 | 9.8908459433e-04  , 2.8058643007e-04
6.8750000000e+01,6.8750000000e+01 | 9.3971745555e-04  , 2.6658180691e-04
8.1250000000e+01,6.8750000000e+01 | 8.8151057623e-04  , 2.5006953254e-04
9.3750000000e+01,6.8750000000e+01 | 8.1501090942e-04  , 2.3120471665e-04
1.0625000000e+02,6.8750000000e+01 | 7.4084410676e-04  , 2.1016482732e-04
1.1875000000e+02,6.8750000000e+01 | 6.5970826320e-04  , 1.8714794898e-04
1.3125000000e+02,6.8750000000e+01 | 5.7236721453e-04  , 1.6237083936e-04
1.4375000000e+02,6.8750000000e+01 | 4.7964165670e-04  , 1.3606617922e-04
1.5625000000e+02,6.8750000000e+01 | 3.8240353566e-04  , 1.0848133513e-04
1.6875000000e+02,6.8750000000e+01 | 2.8156869225e-04  , 7.9876221931e-05
1.8125000000e+02,6.8750000000e+01 | 1.7808558333e-04  , 5.0518072783e-05
1.9375000000e+02,6.8750000000e+01 | 7.2951239702e-05  , 2.0568130239e-05
6.2500000000e+00,8.1250000000e+01 | 1.0901996593e-03  , 3.0927105018e-04
1.8750000000e+01,8.1250000000e+01 | 1.0799441208e-03  , 3.0636171808e-04
3.1250000000e+01,8.1250000000e+01 | 1.0595296528e-03  , 3.0057052317e-04
4.3750000000e+01,8.1250000000e+01 | 1.0291476030e-03  , 2.9195161070e-04
5.6250000000e+01,8.1250000000e+01 | 9.8908459433e-04  , 2.8058643007e-04
6.8750000000e+01,8.1250000000e+01 | 9.3971745555e-04  , 2.6658180691e-04
8.1250000000e+01,8.1250000000e+01 | 8.8151057623e-04  , 2.5006953254e-04
9.3750000000e+01,8.1250000000e+01 | 8.1501090942e-04  , 2.3120471665e-04
1.0625000000e+02,8.1250000000e+01 | 7.4084410676e-04  , 2.1016482732e-04
1.1875000000e+02,8.1250000000e+01 | 6.5970826320e-04  , 1.8714794898e-04
1.3125000000e+02,8.1250000000e+01 | 5.7236721453e-04  , 1.6237083936e-04
1.4375000000e+02,8.1250000000e+01 | 4.7964165670e-04  , 1.3606617922e-04
1.5625000000e+02,8.1250000000e+01 | 3.8240353566e-04  , 1.0848133513e-04
1.6875000000e+02,8.1250000000e+01 | 2.8156869225e-04  , 7.9876221931e-05
1.8125000000e+02,8.1250000000e+01 | 1.7808558333e-04  , 5.0518072783e-05
1.9375000000e+02,8.1250000000e+01 | 7.2951239702e-05  , 2.0568130239e-05
6.2500000000e+00,9.3750000000e+01 | 1.0901996593e-03  , 3.0927105018e-04
1.8750000000e+01,9.3750000000e+01 | 1.0799441208e-03  , 3.0636171808e-04
3.1250000000e+01,9.3750000000e+01 | 1.0595296528e-03  , 3.0057052317e-04
4.3750000000e+01,9.3750000000e+01 | 1.0291476030e-03  , 2.9195161070e-04
5.6250000000e+01,9.3750000000e+01 | 9.8908459433e-04  , 2.8058643007e-04
6.8750000000e+01,9.3750000000e+01 | 9.3971745555e-04  , 2.6658180691e-04
8.1250000000e+01,9.3750000000e+01 | 8.8151057623e-04  , 2.5006953254e-04
9.3750000000e+01,9.3750000000e+01 | 8.1501090942e-04  , 2.3120471665e-04
1.0625000000e+02,9.3750000000e+01 | 7.4084410676e-04  , 2.1016482732e-04
1.1875000000e+02,9.3750000000e+01 | 6.5970826320e-04  , 1.8714794898e-04
1.3125000000e+02,9.3750000000e+01 | 5.7236721453e-04  , 1.6237083936e-04
1.4375000000e+02,9.3750000000e+01 | 4.7964165670e-04  , 1.3606617922e-04
1.5625000000e+02,9.3750000000e+01 | 3.8240353566e-04  , 1.0848133513e-04
1.6875000000e+02,9.3750000000e+01 | 2.8156869225e-04  , 7.9876221931e-05
1.8125000000e+02,9.3750000000e+01 | 1.7808558333e-04  , 5.0518072783e-05
1.9375000000e+02,9.3750000000e+01 | 7.2951239702e-05  , 2.0568130239e-05
6.2500000000e+00,1.0625000000e+02 | 1.0901996593e-03  , 3.0927105018e-04
1.8750000000e+01,1.0625000000e+02 | 1.0799441208e-03  , 3.0636171808e-04
3.1250000000e+01,1.0625000000e+02 | 1.0595296528e-03  , 3.0057052317e-04
4.3750000000e+01,1.0625000000e+02 | 1.0291476030e-03  , 2.9195161070e-04
5.6250000000e+01,1.0625000000e+02 | 9.8908459433e-04  , 2.8058643007e-04
6.8750000000e+01,1.0625000000e+02 | 9.3971745555e-04  , 2.6658180691e-04
8.1250000000e+01,1.0625000000e+02 | 8.8151057623e-04  , 2.5006953254e-04
9.3750000000e+01,1.0625000000e+02 | 8.1501090942e-04  , 2.3120471665e-04
1.0625000000e+02,1.0625000000e+02 | 7.4084410676e-04  , 2.1016482732e-04
1.1875000000e+02,1.0625000000e+02 | 6.5970826320e-04  , 1.8714794898e-04
1.3125000000e+02,1.0625000000e+02 | 5.7236721453e-04  , 1.6237083936e-04
1.4375000000e+02,1.0625000000e+02 | 4.7964165670e-04  , 1.3606617922e-04
1.5625000000e+02,1.0625000000e+02 | 3.8240353566e-04  , 1.0848133513e-04
1.6875000000e+02,1.0625000000e+02 | 2.8156869225e-04  , 7.9876221931e-05
1.8125000000e+02,1.0625000000e+02 | 1.7808558333e-04  , 5.0518072783e-05
1.9375000000e+02,1.0625000000e+02 | 7.2951239702e-05  , 2.0568130239e-05
6.2500000000e+00,1.1875000000e+02 | 1.0901996593e-03  , 3.0927105018e-04
1.8750000000e+01,1.1875000000e+02 | 1.0799441208e-03  , 3.0636171808e-04
3.1250000000e+01,1.1875000000e+02 | 1.0595296528e-03  , 3.0057052317e-04
4.3750000000e+01,1.1875000000e+02 | 1.0291476030e-03  , 2.9195161070e-04
5.6250000000e+01,1.1875000000e+02 | 9.8908459433e-04  , 2.8058643007e-04
6.8750000000e+01,1.1875000000e+02 | 9.3971745555e-04  , 2.6658180691e-04
8.1250000000e+01,1.1875000000e+02 | 8.8151057623e-04  , 2.5006953254e-04
9.3750000000e+01,1.1875000000e+02 | 8.1501090942e-04  , 2.3120471665e-04
1.0625000000e+02,1.1875000000e+02 | 7.4084410676e-04  , 2.1016482732e-04
1.1875000000e+02,1.1875000000e+02 | 6.5970826320e-04  , 1.8714794898e-04
1.3125000000e+02,1.1875000000e+02 | 5.7236721453e-04  , 1.6237083936e-04
1.4375000000e+02,1.1875000000e+02 | 4.7964165670e-04  , 1.3606617922e-04
1.5625000000e+02,1.1875000000e+02 | 3.8240353566e-04  , 1.0848133513e-04
1.6875000000e+02,1.1875000000e+02 | 2.8156869225e-04  , 7.9876221931e-05
1.8125000000e+02,1.1875000000e+02 | 1.7808558333e-04  , 5.0518072783e-05
1.9375000000e+02,1.1875000000e+02 | 7.2951239702e-05  , 2.0568130239e-05
6.2500000000e+00,1.3125000000e+02 | 1.0901996593e-03  , 3.0927105018e-04
1.8750000000e+01,1.3125000000e+02 | 1.0799441208e-03  , 3.0636171808e-04
3.1250000000e+01,1.3125000000e+02 | 1.0595296528e-03  , 3.0057052317e-04
4.3750000000e+01,1.3125000000e+02 | 1.0291476030e-03  , 2.9195161070e-04
5.6250000000e+01,1.3125000000e+02 | 9.8908459433e-04  , 2.8058643007e-04
6.8750000000e+01,1.3125000000e+02 | 9.3971745555e-04  , 2.6658180691e-04
8.1250000000e+01,1.3125000000e+02 | 8.8151057623e-04  , 2.5006953254e-04
9.3750000000e+01,1.3125000000e+02 | 8.1501090942e-04  , 2.3120471665e-04
1.0625000000e+02,1.3125000000e+02 | 7.4084410676e-04  , 2.1016482732e-04
1.1875000000e+02,1.3125000000e+02 | 6.5970826320e-04  , 1.8714794898e-04
1.3125000000e+02,1.3125000000e+02 | 5.7236721453e-04  , 1.6237083936e-04
1.4375000000e+02,1.3125000000e+02 | 4.7964165670e-04  , 1.3606617922e-04
1.5625000000e+02,1.3125000000e+02 | 3.8240353566e-04  , 1.0848133513e-04
1.6875000000e+02,1.3125000000e+02 | 2.8156869225e-04  , 7.9876221931e-05
1.8125000000e+02,1.3125000000e+02 | 1.7808558333e-04  , 5.0518072783e-05
1.9375000000e+02,1.3125000000e+02 | 7.2951239702e-05  , 2.0568130239e-05
6.2500000000e+00,1.4375000000e+02 | 1.0901996593e-03  , 3.0927105018e-04
1.8750000000e+01,1.4375000000e+02 | 1.0799441208e-03  , 3.0636171808e-04
3.1250000000e+01,1.4375000000e+02 | 1.0595296528e-03  , 3.0057052317e-04
4.3750000000e+01,1.4375000000e+02 | 1.0291476030e-03  , 2.9195161070e-04
5.6250000000e+01,1.4375000000e+02 | 9.8908459433e-04  , 2.8058643007e-04
6.8750000000e+01,1.4375000000e+02 | 9.3971745555e-04  , 2.6658180691e-04
8.1250000000e+01,1.4375000000e+02 | 8.8151057623e-04  , 2.5006953254e-04
9.3750000000e+01,1.4375000000e+02 | 8.1501090942e-04  , 2.3120471665e-04
1.0625000000e+02,1.4375000000e+02 | 7.4084410676e-04  , 2.1016482732e-04
1.1875000000e+02,1.4375000000e+02 | 6.5970826320e-04  , 1.8714794898e-04
1.3125000000e+02,1.4375000000e+02 | 5.7236721453e-04  , 1.6237083936e-04
1.4375000000e+02,1.4375000000e+02 | 4.7964165670e-04  , 1.3606617922e-04
1.5625000000e+02,1.4375000000e+02 | 3.8240353566e-04  , 1.0848133513e-04
1.6875000000e+02,1.4375000000e+02 | 2.8156869225e-04  , 7.9876221931e-05
1.8125000000e+02,1.4375000000e+02 | 1.7808558333e-04  , 5.0518072783e-05
1.9375000000e+02,1.4375000000e+02 | 7.2951239702e-05  , 2.0568130239e-05
6.2500000000e+00,1.5625000000e+02 | 1.0901996593e-03  , 3.0927105018e-04
1.8750000000e+01,1.5625000000e+02 | 1.0799441208e-03  , 3.0636171808e-04
3.1250000000e+01,1.5625000000e+02 | 1.0595296528e-03  , 3.0057052317e-04
4.3750000000e+01,1.5625000000e+02 | 1.0291476030e-03  , 2.9195161070e-04
5.6250000000e+01,1.5625000000e+02 | 9.8908459433e-04  , 2.8058643007e-04
6.8750000000e+01,1.5625000000e+02 | 9.3971745555e-04  , 2.6658180691e-04
8.1250000000e+01,1.5625000000e+02 | 8.8151057623e-04  , 2.5006953254e-04
9.3750000000e+01,1.5625000000e+02 | 8.1501090942e-04  , 2.3120471665e-04
1.0625000000e+02,1.5625000000e+02 | 7.4084410676e-04  , 2.1016482732e-04
1.1875000000e+02,1.5625000000e+02 | 6.5970826320e-04  , 1.8714794898e-04
1.3125000000e+02,1.5625000000e+02 | 5.7236721453e-04  , 1.6237083936e-04
1.4375000000e+02,1.5625000000e+02 | 4.7964165670e-04  , 1.3606617922e-04
1.5625000000e+02,1.5625000000e+02 | 3.8240353566e-04  , 1.0848133513e-04
1.6875000000e+02,1.5625000000e+02 | 2.8156869225e-04  , 7.9876221931e-05
1.8125000000e+02,1.5625000000e+02 | 1.7808558333e-04  , 5.0518072783e-05
1.9375000000e+02,1.5625000000e+02 | 7.2951239702e-05  , 2.0568130239e-05
6.2500000000e+00,1.6875000000e+02 | 1.0901996593e-03  , 3.0927105018e-04
1.8750000000e+01,1.6875000000e+02 | 1.0799441208e-03  , 3.0636171808e-04
3.1250000000e+01,1.6875000000e+02 | 1.0595296528e-03  , 3.0057052317e-04
4.3750000000e+01,1.6875000000e+02 | 1.0291476030e-03  , 2.9195161070e-04
5.6250000000e+01,1.6875000000e+02 | 9.8908459433e-04  , 2.8058643007e-04
6.8750000000e+01,1.6875000000e+02 | 9.3971745555e-04  , 2.6658180691e-04
8.1250000000e+01,1.6875000000e+02 | 8.8151057623e-04  , 2.5006953254e-04
9.3750000000e+01,1.6875000000e+02 | 8.1501090942e-04  , 2.3120471665e-04
1.0625000000e+02,1.6875000000e+02 | 7.4084410676e-04  , 2.1016482732e-04
1.1875000000e+02,1.6875000000e+02 | 6.5970826320e-04  , 1.8714794898e-04
1.3125000000e+02,1.6875000000e+02 | 5.7236721453e-04  , 1.6237083936e-04
1.4375000000e+02,1.6875000000e+02 | 4.7964165670e-04  , 1.3606617922e-04
1.5625000000e+02,1.6875000000e+02 | 3.8240353566e-04  , 1.0848133513e-04
1.6875000000e+02,1.6875000000e+02 | 2.8156869225e-04  , 7.9876221931e-05
1.8125000000e+02,1.6875000000e+02 | 1.7808558333e-04  , 5.0518072783e-05
1.9375000000e+02,1.6875000000e+02 | 7.2951239702e-05  , 2.0568130239e-05
6.2500000000e+00,1.8125000000e+02 | 1.0901996593e-03  , 3.0927105018e-04
1.8750000000e+01,1.8125000000e+02 | 1.0799441208e-03  , 3.0636171808e-04
3.1250000000e+01,1.8125000000e+02 | 1.0595296528e-03  , 3.0057052317e-04
4.3750000000e+01,1.8125000000e+02 | 1.0291476030e-03  , 2.9195161070e-04
5.6250000000e+01,1.8125000000e+02 | 9.8908459433e-04  , 2.8058643007e-04
6.8750000000e+01,1.8125000000e+02 | 9.3971745555e-04  , 2.6658180691e-04
8.1250000000e+01,1.8125000000e+02 | 8.8151057623e-04  , 2.5006953254e-04
9.3750000000e+01,1.8125000000e+02 | 8.1501090942e-04  , 2.3120471665e-04
1.0625000000e+02,1.8125000000e+02 | 7.4084410676e-04  , 2.1016482732e-04
1.1875000000e+02,1.8125000000e+02 | 6.5970826320e-04  , 1.8714794898e-04
1.3125000000e+02,1.8125000000e+02 | 5.7236721453e-04  , 1.6237083936e-04
1.4375000000e+02,1.8125000000e+02 | 4.7964165670e-04  , 1.3606617922e-04
1.5625000000e+02,1.8125000000e+02 | 3.8240353566e-04  , 1.0848133513e-04
1.6875000000e+02,1.8125000000e+02 | 2.8156869225e-04  , 7.9876221931e-05
1.8125000000e+02,1.8125000000e+02 | 1.7808558333e-04  , 5.0518072783e-05
1.9375000000e+02,1.8125000000e+02 | 7.2951239702e-05  , 2.0568130239e-05
6.2500000000e+00,1.9375000000e+02 | 1.0901996593e-03  , 3.0927105018e-04
1.8750000000e+01,1.9375000000e+02 | 1.0799441208e-03  , 3.0636171808e-04
3.1250000000e+01,1.9375000000e+02 | 1.0595296528e-03  , 3.0057052317e-04
4.3750000000e+01,1.9375000000e+02 | 1.0291476030e-03  , 2.9195161070e-04
5.6250000000e+01,1.9375000000e+02 | 9.8908459433e-04  , 2.8058643007e-04
6.8750000000e+01,1.9375000000e+02 | 9.3971745555e-04  , 2.6658180691e-04
8.1250000000e+01,1.9375000000e+02 | 8.8151057623e-04  , 2.5006953254e-04
9.3750000000e+01,1.9375000000e+02 | 8.1501090942e-04  , 2.3120471665e-04
1.0625000000e+02,1.9375000000e+02 | 7.4084410676e-04  , 2.1016482732e-04
1.1875000000e+02,1.9375000000e+02 | 6.5970826320e-04  , 1.8714794898e-04
1.3125000000e+02,1.9375000000e+02 | 5.7236721453e-04  , 1.6237083936e-04
1.4375000000e+02,1.9375000000e+02 | 4.7964165670e-04  , 1.3606617922e-04
1.5625000000e+02,1.9375000000e+02 | 3.8240353566e-04  , 1.0848133513e-04
1.6875000000e+02,1.9375000000e+02 | 2.8156869225e-04  , 7.9876221931e-05
1.8125000000e+02,1.9375000000e+02 | 1.7808558333e-04  , 5.0518072783e-05
1.9375000000e+02,1.9375000000e+02 | 7.2951239702e-05  , 2.0568130239e-05
