DIM,32,32
k,1+1.0067269978e-05
3.1250000000e+00,3.1250000000e+00 | 1.0916416667e-03  , 3.0968008915e-04
9.3750000000e+00,3.1250000000e+00 | 1.0890722337e-03  , 3.0895118154e-04
1.5625000000e+01,3.1250000000e+00 | 1.0839394280e-03  , 3.0749509438e-04
2.1875000000e+01,3.1250000000e+00 | 1.0762553169e-03  , 3.0531524687e-04
2.8125000000e+01,3.1250000000e+00 | 1.0660379681e-03  , 3.0241675698e-04
3.4375000000e+01,3.1250000000e+00 | 1.0533114426e-03  , 2.9880645474e-04
4.0625000000e+01,3.1250000000e+00 | 1.0381057192e-03  , 2.9449285086e-04
4.6875000000e+01,3.1250000000e+00 | 1.0204565923e-03  , 2.8948609837e-04
5.3125000000e+01,3.1250000000e+00 | 1.0004055872e-03  , 2.8379797256e-04
5.9375000000e+01,3.1250000000e+00 | 9.7799988379e-04  , 2.7744185937e-04
6.5625000000e+01,3.1250000000e+00 | 9.5329220235e-04  , 2.7043271596e-04
7.1875000000e+01,3.1250000000e+00 | 9.2634068069e-04  , 2.6278702702e-04
7.8125000000e+01,3.1250000000e+00 | 8.9720877337e-04  , 2.5452279877e-04
8.4375000000e+01,3.1250000000e+00 | 8.6596507441e-04  , 2.4565949482e-04
9.0625000000e+01,3.1250000000e+00 | 8.3268312897e-04  , 2.3621797002e-04
9.6875000000e+01,3.1250000000e+00 | 7.9744129571e-04  , 2.2622046622e-04
1.0312500000e+02,3.1250000000e+00 | 7.6032251152e-04  , 2.1569050807e-04
1.0937500000e+02,3.1250000000e+00 | 7.2141411507e-04  , 2.0465285447e-04
1.1562500000e+02,3.1250000000e+00 | 6.8080771638e-04  , 1.9313351273e-04
1.2187500000e+02,3.1250000000e+00 | 6.3859889598e-04  , 1.8115959439e-04
1.2812500000e+02,3.1250000000e+00 | 5.9488699065e-04  , 1.6875927059e-04
1.3437500000e+02,3.1250000000e+00 | 5.4977489778e-04  , 1.5596174562e-04
1.4062500000e+02,3.1250000000e+00 | 5.0336877515e-04  , 1.4279712278e-04
1.4687500000e+02,3.1250000000e+00 | 4.5577784361e-04  , 1.2929638600e-04
1.5312500000e+02,3.1250000000e+00 | 4.0711413401e-04  , 1.1549132321e-04
1.5937500000e+02,3.1250000000e+00 | 3.5749219126e-04  , 1.0141442557e-04
1.6562500000e+02,3.1250000000e+00 | 3.0702881295e-04  , 8.7098828814e-05
1.7187500000e+02,3.1250000000e+00 | 2.5584276422e-04  , 7.2578215324e-05
1.7812500000e+02,3.1250000000e+00 | 2.0405454280e-04  , 5.7886727436e-05
1.8437500000e+02,3.1250000000e+00 | 1.5178623338e-04  , 4.3058037339e-05
1.9062500000e+02,3.1250000000e+00 | 9.9164480943e-05  , 2.8109391067e-05
1.9687500000e+02,3.1250000000e+00 | 4.6383625085e-05  , 1.2732969337e-05
3.1250000000e+00,9.3750000000e+00 | 1.0916416667e-03  , 3.0968008915e-04
9.3750000000e+00,9.3750000000e+00 | 1.0890722337e-03  , 3.0895118154e-04
1.5625000000e+01,9.3750000000e+00 | 1.0839394280e-03  , 3.0749509438e-04
2.1875000000e+01,9.3750000000e+00 | 1.0762553169e-03  , 3.0531524687e-04
2.8125000000e+01,9.3750000000e+00 | 1.0660379681e-03  , 3.0241675698e-04
3.4375000000e+01,9.3750000000e+00 | 1.0533114426e-03  , 2.9880645474e-04
4.0625000000e+01,9.3750000000e+00 | 1.0381057192e-03  , 2.9449285086e-04
4.6875000000e+01,9.3750000000e+00 | 1.0204565923e-03  , 2.8948609837e-04
5.3125000000e+01,9.3750000000e+00 | 1.0004055872e-03  , 2.8379797256e-04
5.9375000000e+01,9.3750000000e+00 | 9.7799988379e-04  , 2.7744185937e-04
6.5625000000e+01,9.3750000000e+00 | 9.5329220235e-04  , 2.7043271596e-04
7.1875000000e+01,9.3750000000e+00 | 9.2634068069e-04  , 2.6278702702e-04
7.8125000000e+01,9.3750000000e+00 | 8.9720877337e-04  , 2.5452279877e-04
8.4375000000e+01,9.3750000000e+00 | 8.6596507441e-04  , 2.4565949482e-04
9.0625000000e+01,9.3750000000e+00 | 8.3268312897e-04  , 2.3621797002e-04
9.6875000000e+01,9.3750000000e+00 | 7.9744129571e-04  , 2.2622046622e-04
1.0312500000e+02,9.3750000000e+00 | 7.6032251152e-04  , 2.1569050807e-04
1.0937500000e+02,9.3750000000e+00 | 7.2141411507e-04  , 2.0465285447e-04
1.1562500000e+02,9.3750000000e+00 | 6.8080771638e-04  , 1.9313351273e-04
1.2187500000e+02,9.3750000000e+00 | 6.3859889598e-04  , 1.8115959439e-04
1.2812500000e+02,9.3750000000e+00 | 5.9488699065e-04  , 1.6875927059e-04
1.3437500000e+02,9.3750000000e+00 | 5.4977489778e-04  , 1.5596174562e-04
1.4062500000e+02,9.3750000000e+00 | 5.0336877515e-04  , 1.4279712278e-04
1.4687500000e+02,9.3750000000e+00 | 4.5577784361e-04  , 1.2929638600e-04
1.5312500000e+02,9.3750000000e+00 | 4.0711413401e-04  , 1.1549132321e-04
1.5937500000e+02,9.3750000000e+00 | 3.5749219126e-04  , 1.0141442557e-04
1.6562500000e+02,9.3750000000e+00 | 3.0702881295e-04  , 8.7098828814e-05
1.7187500000e+02,9.3750000000e+00 | 2.5584276422e-04  , 7.2578215324e-05
1.7812500000e+02,9.3750000000e+00 | 2.0405454280e-04  , 5.7886727436e-05
1.8437500000e+02,9.3750000000e+00 | 1.5178623338e-04  , 4.3058037339e-05
1.9062500000e+02,9.3750000000e+00 | 9.9164480943e-05  , 2.8109391067e-05
1.9687500000e+02,9.3750000000e+00 | 4.6383625085e-05  , 1.2732969337e-05
3.1250000000e+00,1.5625000000e+01 | 1.0916416667e-03  , 3.0968008915e-04
9.3750000000e+00,1.5625000000e+01 | 1.0890722337e-03  , 3.0895118154e-04
1.5625000000e+01,1.5625000000e+01 | 1.0839394280e-03  , 3.0749509438e-04
2.1875000000e+01,1.5625000000e+01 | 1.0762553169e-03  , 3.0531524687e-04
2.8125000000e+01,1.5625000000e+01 | 1.0660379681e-03  , 3.0241675698e-04
3.4375000000e+01,1.5625000000e+01 | 1.0533114426e-03  , 2.9880645474e-04
4.0625000000e+01,1.5625000000e+01 | 1.0381057192e-03  , 2.9449285086e-04
4.6875000000e+01,1.5625000000e+01 | 1.0204565923e-03  , 2.8948609837e-04
5.3125000000e+01,1.5625000000e+01 | 1.0004055872e-03  , 2.8379797256e-04
5.9375000000e+01,1.5625000000e+01 | 9.7799988379e-04  , 2.7744185937e-04
6.5625000000e+01,1.5625000000e+01 | 9.5329220235e-04  , 2.7043271596e-04
7.1875000000e+01,1.5625000000e+01 | 9.2634068069e-04  , 2.6278702702e-04
7.8125000000e+01,1.5625000000e+01 | 8.9720877337e-04  , 2.5452279877e-04
8.4375000000e+01,1.5625000000e+01 | 8.6596507441e-04  , 2.4565949482e-04
9.0625000000e+01,1.5625000000e+01 | 8.3268312897e-04  , 2.3621797002e-04
9.6875000000e+01,1.5625000000e+01 | 7.9744129571e-04  , 2.2622046622e-04
1.0312500000e+02,1.5625000000e+01 | 7.6032251152e-04  , 2.1569050807e-04
1.0937500000e+02,1.5625000000e+01 | 7.2141411507e-04  , 2.0465285447e-04
1.1562500000e+02,1.5625000000e+01 | 6.8080771638e-04  , 1.9313351273e-04
1.2187500000e+02,1.5625000000e+01 | 6.3859889598e-04  , 1.8115959439e-04
1.2812500000e+02,1.5625000000e+01 | 5.9488699065e-04  , 1.6875927059e-04
1.3437500000e+02,1.5625000000e+01 | 5.4977489778e-04  , 1.5596174562e-04
1.4062500000e+02,1.5625000000e+01 | 5.0336877515e-04  , 1.4279712278e-04
1.4687500000e+02,1.5625000000e+01 | 4.5577784361e-04  , 1.2929638600e-04
1.5312500000e+02,1.5625000000e+01 | 4.0711413401e-04  , 1.1549132321e-04
1.5937500000e+02,1.5625000000e+01 | 3.5749219126e-04  , 1.0141442557e-04
1.6562500000e+02,1.5625000000e+01 | 3.0702881295e-04  , 8.7098828814e-05
1.7187500000e+02,1.5625000000e+01 | 2.5584276422e-04  , 7.2578215324e-05
1.7812500000e+02,1.5625000000e+01 | 2.0405454280e-04  , 5.7886727436e-05
1.8437500000e+02,1.5625000000e+01 | 1.5178623338e-04  , 4.3058037339e-05
1.9062500000e+02,1.5625000000e+01 | 9.9164480943e-05  , 2.8109391067e-05
1.9687500000e+02,1.5625000000e+01 | 4.6383625085e-05  , 1.2732969337e-05
3.1250000000e+00,2.1875000000e+01 | 1.0916416667e-03  , 3.0968008915e-04
9.3750000000e+00,2.1875000000e+01 | 1.0890722337e-03  , 3.0895118154e-04
1.5625000000e+01,2.1875000000e+01 | 1.0839394280e-03  , 3.0749509438e-04
2.1875000000e+01,2.1875000000e+01 | 1.0762553169e-03  , 3.0531524687e-04
2.8125000000e+01,2.1875000000e+01 | 1.0660379681e-03  , 3.0241675698e-04
3.4375000000e+01,2.1875000000e+01 | 1.0533114426e-03  , 2.9880645474e-04
4.0625000000e+01,2.1875000000e+01 | 1.0381057192e-03  , 2.9449285086e-04
4.6875000000e+01,2.1875000000e+01 | 1.0204565923e-03  , 2.8948609837e-04
5.3125000000e+01,2.1875000000e+01 | 1.0004055872e-03  , 2.8379797256e-04
5.9375000000e+01,2.1875000000e+01 | 9.7799988379e-04  , 2.7744185937e-04
6.5625000000e+01,2.1875000000e+01 | 9.5329220235e-04  , 2.7043271596e-04
7.1875000000e+01,2.1875000000e+01 | 9.2634068069e-04  , 2.6278702702e-04
7.8125000000e+01,2.1875000000e+01 | 8.9720877337e-04  , 2.5452279877e-04
8.4375000000e+01,2.1875000000e+01 | 8.6596507441e-04  , 2.4565949482e-04
9.0625000000e+01,2.1875000000e+01 | 8.3268312897e-04  , 2.3621797002e-04
9.6875000000e+01,2.1875000000e+01 | 7.9744129571e-04  , 2.2622046622e-04
1.0312500000e+02,2.1875000000e+01 | 7.6032251152e-04  , 2.1569050807e-04
1.0937500000e+02,2.1875000000e+01 | 7.2141411507e-04  , 2.0465285447e-04
1.1562500000e+02,2.1875000000e+01 | 6.8080771638e-04  , 1.9313351273e-04
1.2187500000e+02,2.1875000000e+01 | 6.3859889598e-04  , 1.8115959439e-04
1.2812500000e+02,2.1875000000e+01 | 5.9488699065e-04  , 1.6875927059e-04
1.3437500000e+02,2.1875000000e+01 | 5.4977489778e-04  , 1.5596174562e-04
1.4062500000e+02,2.1875000000e+01 | 5.0336877515e-04  , 1.4279712278e-04
1.4687500000e+02,2.1875000000e+01 | 4.5577784361e-04  , 1.2929638600e-04
1.5312500000e+02,2.1875000000e+01 | 4.0711413401e-04  , 1.1549132321e-04
1.5937500000e+02,2.1875000000e+01 | 3.5749219126e-04  , 1.0141442557e-04
1.6562500000e+02,2.1875000000e+01 | 3.0702881295e-04  , 8.7098828814e-05
1.7187500000e+02,2.1875000000e+01 | 2.5584276422e-04  , 7.2578215324e-05
1.7812500000e+02,2.1875000000e+01 | 2.0405454280e-04  , 5.7886727436e-05
1.8437500000e+02,2.1875000000e+01 | 1.5178623338e-04  , 4.3058037339e-05
1.9062500000e+02,2.1875000000e+01 | 9.9164480943e-05  , 2.8109391067e-05
1.9687500000e+02,2.1875000000e+01 | 4.6383625085e-05  , 1.2732969337e-05
3.1250000000e+00,2.8125000000e+01 | 1.0916416667e-03  , 3.0968008915e-04
9.3750000000e+00,2.8125000000e+01 | 1.0890722337e-03  , 3.0895118154e-04
1.5625000000e+01,2.8125000000e+01 | 1.0839394280e-03  , 3.0749509438e-04
2.1875000000e+01,2.8125000000e+01 | 1.0762553169e-03  , 3.0531524687e-04
2.8125000000e+01,2.8125000000e+01 | 1.0660379681e-03  , 3.0241675698e-04
3.4375000000e+01,2.8125000000e+01 | 1.0533114426e-03  , 2.9880645474e-04
4.0625000000e+01,2.8125000000e+01 | 1.0381057192e-03  , 2.9449285086e-04
4.6875000000e+01,2.8125000000e+01 | 1.0204565923e-03  , 2.8948609837e-04
5.3125000000e+01,2.8125000000e+01 | 1.0004055872e-03  , 2.8379797256e-04
5.9375000000e+01,2.8125000000e+01 | 9.7799988379e-04  , 2.7744185937e-04
6.5625000000e+01,2.8125000000e+01 | 9.5329220235e-04  , 2.7043271596e-04
7.1875000000e+01,2.8125000000e+01 | 9.2634068069e-04  , 2.6278702702e-04
7.8125000000e+01,2.8125000000e+01 | 8.9720877337e-04  , 2.5452279877e-04
8.4375000000e+01,2.8125000000e+01 | 8.6596507441e-04  , 2.4565949482e-04
9.0625000000e+01,2.8125000000e+01 | 8.3268312897e-04  , 2.3621797002e-04
9.6875000000e+01,2.8125000000e+01 | 7.9744129571e-04  , 2.2622046622e-04
1.0312500000e+02,2.8125000000e+01 | 7.6032251152e-04  , 2.1569050807e-04
1.0937500000e+02,2.8125000000e+01 | 7.2141411507e-04  , 2.0465285447e-04
1.1562500000e+02,2.8125000000e+01 | 6.8080771638e-04  , 1.9313351273e-04
1.2187500000e+02,2.8125000000e+01 | 6.3859889598e-04  , 1.8115959439e-04
1.2812500000e+02,2.8125000000e+01 | 5.9488699065e-04  , 1.6875927059e-04
1.3437500000e+02,2.8125000000e+01 | 5.4977489778e-04  , 1.5596174562e-04
1.4062500000e+02,2.8125000000e+01 | 5.0336877515e-04  , 1.4279712278e-04
1.4687500000e+02,2.8125000000e+01 | 4.5577784361e-04  , 1.2929638600e-04
1.5312500000e+02,2.8125000000e+01 | 4.0711413401e-04  , 1.1549132321e-04
1.5937500000e+02,2.8125000000e+01 | 3.5749219126e-04  , 1.0141442557e-04
1.6562500000e+02,2.8125000000e+01 | 3.0702881295e-04  , 8.7098828814e-05
1.7187500000e+02,2.8125000000e+01 | 2.5584276422e-04  , 7.2578215324e-05
1.7812500000e+02,2.8125000000e+01 | 2.0405454280e-04  , 5.7886727436e-05
1.8437500000e+02,2.8125000000e+01 | 1.5178623338e-04  , 4.3058037339e-05
1.9062500000e+02,2.8125000000e+01 | 9.9164480943e-05  , 2.8109391067e-05
1.9687500000e+02,2.8125000000e+01 | 4.6383625085e-05  , 1.2732969337e-05
3.1250000000e+00,3.4375000000e+01 | 1.0916416667e-03  , 3.0968008915e-04
9.3750000000e+00,3.4375000000e+01 | 1.0890722337e-03  , 3.0895118154e-04
1.5625000000e+01,3.4375000000e+01 | 1.0839394280e-03  , 3.0749509438e-04
2.1875000000e+01,3.4375000000e+01 | 1.0762553169e-03  , 3.0531524687e-04
2.8125000000e+01,3.4375000000e+01 | 1.0660379681e-03  , 3.0241675698e-04
3.4375000000e+01,3.4375000000e+01 | 1.0533114426e-03  , 2.9880645474e-04
4.0625000000e+01,3.4375000000e+01 | 1.0381057192e-03  , 2.9449285086e-04
4.6875000000e+01,3.4375000000e+01 | 1.0204565923e-03  , 2.8948609837e-04
5.3125000000e+01,3.4375000000e+01 | 1.0004055872e-03  , 2.8379797256e-04
5.9375000000e+01,3.4375000000e+01 | 9.7799988379e-04  , 2.7744185937e-04
6.5625000000e+01,3.4375000000e+01 | 9.5329220235e-04  , 2.7043271596e-04
7.1875000000e+01,3.4375000000e+01 | 9.2634068069e-04  , 2.6278702702e-04
7.8125000000e+01,3.4375000000e+01 | 8.9720877337e-04  , 2.5452279877e-04
8.4375000000e+01,3.4375000000e+01 | 8.6596507441e-04  , 2.4565949482e-04
9.0625000000e+01,3.4375000000e+01 | 8.3268312897e-04  , 2.3621797002e-04
9.6875000000e+01,3.4375000000e+01 | 7.9744129571e-04  , 2.2622046622e-04
1.0312500000e+02,3.4375000000e+01 | 7.6032251152e-04  , 2.1569050807e-04
1.0937500000e+02,3.4375000000e+01 | 7.2141411507e-04  , 2.0465285447e-04
1.1562500000e+02,3.4375000000e+01 | 6.8080771638e-04  , 1.9313351273e-04
1.2187500000e+02,3.4375000000e+01 | 6.3859889598e-04  , 1.8115959439e-04
1.2812500000e+02,3.4375000000e+01 | 5.9488699065e-04  , 1.6875927059e-04
1.3437500000e+02,3.4375000000e+01 | 5.4977489778e-04  , 1.5596174562e-04
1.4062500000e+02,3.4375000000e+01 | 5.0336877515e-04  , 1.4279712278e-04
1.4687500000e+02,3.4375000000e+01 | 4.5577784361e-04  , 1.2929638600e-04
1.5312500000e+02,3.4375000000e+01 | 4.0711413401e-04  , 1.1549132321e-04
1.5937500000e+02,3.4375000000e+01 | 3.5749219126e-04  , 1.0141442557e-04
1.6562500000e+02,3.4375000000e+01 | 3.0702881295e-04  , 8.7098828814e-05
1.7187500000e+02,3.4375000000e+01 | 2.5584276422e-04  , 7.2578215324e-05
1.7812500000e+02,3.4375000000e+01 | 2.0405454280e-04  , 5.7886727436e-05
1.8437500000e+02,3.4375000000e+01 | 1.5178623338e-04  , 4.3058037339e-05
1.9062500000e+02,3.4375000000e+01 | 9.9164480943e-05  , 2.8109391067e-05
1.9687500000e+02,3.4375000000e+01 | 4.6383625085e-05  , 1.2732969337e-05
3.1250000000e+00,4.0625000000e+01 | 1.0916416667e-03  , 3.0968008915e-04
9.3750000000e+00,4.0625000000e+01 | 1.0890722337e-03  , 3.0895118154e-04
1.5625000000e+01,4.0625000000e+01 | 1.0839394280e-03  , 3.0749509438e-04
2.1875000000e+01,4.0625000000e+01 | 1.0762553169e-03  , 3.0531524687e-04
2.8125000000e+01,4.0625000000e+01 | 1.0660379681e-03  , 3.0241675698e-04
3.4375000000e+01,4.0625000000e+01 | 1.0533114426e-03  , 2.9880645474e-04
4.0625000000e+01,4.0625000000e+01 | 1.0381057192e-03  , 2.9449285086e-04
4.6875000000e+01,4.0625000000e+01 | 1.0204565923e-03  , 2.8948609837e-04
5.3125000000e+01,4.0625000000e+01 | 1.0004055872e-03  , 2.8379797256e-04
5.9375000000e+01,4.0625000000e+01 | 9.7799988379e-04  , 2.7744185937e-04
6.5625000000e+01,4.0625000000e+01 | 9.5329220235e-04  , 2.7043271596e-04
7.1875000000e+01,4.0625000000e+01 | 9.2634068069e-04  , 2.6278702702e-04
7.8125000000e+01,4.0625000000e+01 | 8.9720877337e-04  , 2.5452279877e-04
8.4375000000e+01,4.0625000000e+01 | 8.6596507441e-04  , 2.4565949482e-04
9.0625000000e+01,4.0625000000e+01 | 8.3268312897e-04  , 2.3621797002e-04
9.6875000000e+01,4.0625000000e+01 | 7.9744129571e-04  , 2.2622046622e-04
1.0312500000e+02,4.0625000000e+01 | 7.6032251152e-04  , 2.1569050807e-04
1.0937500000e+02,4.0625000000e+01 | 7.2141411507e-04  , 2.0465285447e-04
1.1562500000e+02,4.0625000000e+01 | 6.8080771638e-04  , 1.9313351273e-04
1.2187500000e+02,4.0625000000e+01 | 6.3859889598e-04  , 1.8115959439e-04
1.2812500000e+02,4.0625000000e+01 | 5.9488699065e-04  , 1.6875927059e-04
1.3437500000e+02,4.0625000000e+01 | 5.4977489778e-04  , 1.5596174562e-04
1.4062500000e+02,4.0625000000e+01 | 5.0336877515e-04  , 1.4279712278e-04
1.4687500000e+02,4.0625000000e+01 | 4.5577784361e-04  , 1.2929638600e-04
1.5312500000e+02,4.0625000000e+01 | 4.0711413401e-04  , 1.1549132321e-04
1.5937500000e+02,4.0625000000e+01 | 3.5749219126e-04  , 1.0141442557e-04
1.6562500000e+02,4.0625000000e+01 | 3.0702881295e-04  , 8.7098828814e-05
1.7187500000e+02,4.0625000000e+01 | 2.5584276422e-04  , 7.2578215324e-05
1.7812500000e+02,4.0625000000e+01 | 2.0405454280e-04  , 5.7886727436e-05
1.8437500000e+02,4.0625000000e+01 | 1.5178623338e-04  , 4.3058037339e-05
1.9062500000e+02,4.0625000000e+01 | 9.9164480943e-05  , 2.8109391067e-05
1.9687500000e+02,4.0625000000e+01 | 4.6383625085e-05  , 1.2732969337e-05
3.1250000000e+00,4.6875000000e+01 | 1.0916416667e-03  , 3.0968008915e-04
9.3750000000e+00,4.6875000000e+01 | 1.0890722337e-03  , 3.0895118154e-04
1.5625000000e+01,4.6875000000e+01 | 1.0839394280e-03  , 3.0749509438e-04
2.1875000000e+01,4.6875000000e+01 | 1.0762553169e-03  , 3.0531524687e-04
2.8125000000e+01,4.6875000000e+01 | 1.0660379681e-03  , 3.0241675698e-04
3.4375000000e+01,4.6875000000e+01 | 1.0533114426e-03  , 2.9880645474e-04
4.0625000000e+01,4.6875000000e+01 | 1.0381057192e-03  , 2.9449285086e-04
4.6875000000e+01,4.6875000000e+01 | 1.0204565923e-03  , 2.8948609837e-04
5.3125000000e+01,4.6875000000e+01 | 1.0004055872e-03  , 2.8379797256e-04
5.9375000000e+01,4.6875000000e+01 | 9.7799988379e-04  , 2.7744185937e-04
6.5625000000e+01,4.6875000000e+01 | 9.5329220235e-04  , 2.7043271596e-04
7.1875000000e+01,4.6875000000e+01 | 9.2634068069e-04  , 2.6278702702e-04
7.8125000000e+01,4.6875000000e+01 | 8.9720877337e-04  , 2.5452279877e-04
8.4375000000e+01,4.6875000000e+01 | 8.6596507441e-04  , 2.4565949482e-04
9.0625000000e+01,4.6875000000e+01 | 8.3268312897e-04  , 2.3621797002e-04
9.6875000000e+01,4.6875000000e+01 | 7.9744129571e-04  , 2.2622046622e-04
1.0312500000e+02,4.6875000000e+01 | 7.6032251152e-04  , 2.1569050807e-04
1.0937500000e+02,4.6875000000e+01 | 7.2141411507e-04  , 2.0465285447e-04
1.1562500000e+02,4.6875000000e+01 | 6.8080771638e-04  , 1.9313351273e-04
1.2187500000e+02,4.6875000000e+01 | 6.3859889598e-04  , 1.8115959439e-04
1.2812500000e+02,4.6875000000e+01 | 5.9488699065e-04  , 1.6875927059e-04
1.3437500000e+02,4.6875000000e+01 | 5.4977489778e-04  , 1.5596174562e-04
1.4062500000e+02,4.6875000000e+01 | 5.0336877515e-04  , 1.4279712278e-04
1.4687500000e+02,4.6875000000e+01 | 4.5577784361e-04  , 1.2929638600e-04
1.5312500000e+02,4.6875000000e+01 | 4.0711413401e-04  , 1.1549132321e-04
1.5937500000e+02,4.6875000000e+01 | 3.5749219126e-04  , 1.0141442557e-04
1.6562500000e+02,4.6875000000e+01 | 3.0702881295e-04  , 8.7098828814e-05
1.7187500000e+02,4.6875000000e+01 | 2.5584276422e-04  , 7.2578215324e-05
1.7812500000e+02,4.6875000000e+01 | 2.0405454280e-04  , 5.7886727436e-05
1.8437500000e+02,4.6875000000e+01 | 1.5178623338e-04  , 4.3058037339e-05
1.9062500000e+02,4.6875000000e+01 | 9.9164480943e-05  , 2.8109391067e-05
1.9687500000e+02,4.6875000000e+01 | 4.6383625085e-05  , 1.2732969337e-05
3.1250000000e+00,5.3125000000e+01 | 1.0916416667e-03  , 3.0968008915e-04
9.3750000000e+00,5.3125000000e+01 | 1.0890722337e-03  , 3.0895118154e-04
1.5625000000e+01,5.3125000000e+01 | 1.0839394280e-03  , 3.0749509438e-04
2.1875000000e+01,5.3125000000e+01 | 1.0762553169e-03  , 3.0531524687e-04
2.8125000000e+01,5.3125000000e+01 | 1.0660379681e-03  , 3.0241675698e-04
3.4375000000e+01,5.3125000000e+01 | 1.0533114426e-03  , 2.9880645474e-04
4.0625000000e+01,5.3125000000e+01 | 1.0381057192e-03  , 2.9449285086e-04
4.6875000000e+01,5.3125000000e+01 | 1.0204565923e-03  , 2.8948609837e-04
5.3125000000e+01,5.3125000000e+01 | 1.0004055872e-03  , 2.8379797256e-04
5.9375000000e+01,5.3125000000e+01 | 9.7799988379e-04  , 2.7744185937e-04
6.5625000000e+01,5.3125000000e+01 | 9.5329220235e-04  , 2.7043271596e-04
7.1875000000e+01,5.3125000000e+01 | 9.2634068069e-04  , 2.6278702702e-04
7.8125000000e+01,5.3125000000e+01 | 8.9720877337e-04  , 2.5452279877e-04
8.4375000000e+01,5.3125000000e+01 | 8.6596507441e-04  , 2.4565949482e-04
9.0625000000e+01,5.3125000000e+01 | 8.3268312897e-04  , 2.3621797002e-04
9.6875000000e+01,5.3125000000e+01 | 7.9744129571e-04  , 2.2622046622e-04
1.0312500000e+02,5.3125000000e+01 | 7.6032251152e-04  , 2.1569050807e-04
1.0937500000e+02,5.3125000000e+01 | 7.2141411507e-04  , 2.0465285447e-04
1.1562500000e+02,5.3125000000e+01 | 6.8080771638e-04  , 1.9313351273e-04
1.2187500000e+02,5.3125000000e+01 | 6.3859889598e-04  , 1.8115959439e-04
1.2812500000e+02,5.3125000000e+01 | 5.9488699065e-04  , 1.6875927059e-04
1.3437500000e+02,5.3125000000e+01 | 5.4977489778e-04  , 1.5596174562e-04
1.4062500000e+02,5.3125000000e+01 | 5.0336877515e-04  , 1.4279712278e-04
1.4687500000e+02,5.3125000000e+01 | 4.5577784361e-04  , 1.2929638600e-04
1.5312500000e+02,5.3125000000e+01 | 4.0711413401e-04  , 1.1549132321e-04
1.5937500000e+02,5.3125000000e+01 | 3.5749219126e-04  , 1.0141442557e-04
1.6562500000e+02,5.3125000000e+01 | 3.0702881295e-04  , 8.7098828814e-05
1.7187500000e+02,5.3125000000e+01 | 2.5584276422e-04  , 7.2578215324e-05
1.7812500000e+02,5.3125000000e+01 | 2.0405454280e-04  , 5.7886727436e-05
1.8437500000e+02,5.3125000000e+01 | 1.5178623338e-04  , 4.3058037339e-05
1.9062500000e+02,5.3125000000e+01 | 9.9164480943e-05  , 2.8109391067e-05
1.9687500000e+02,5.3125000000e+01 | 4.6383625085e-05  , 1.2732969337e-05
3.1250000000e+00,5.9375000000e+01 | 1.0916416667e-03  , 3.0968008915e-04
9.3750000000e+00,5.9375000000e+01 | 1.0890722337e-03  , 3.0895118154e-04
1.5625000000e+01,5.9375000000e+01 | 1.0839394280e-03  , 3.0749509438e-04
2.1875000000e+01,5.9375000000e+01 | 1.0762553169e-03  , 3.0531524687e-04
2.8125000000e+01,5.9375000000e+01 | 1.0660379681e-03  , 3.0241675698e-04
3.4375000000e+01,5.9375000000e+01 | 1.0533114426e-03  , 2.9880645474e-04
4.0625000000e+01,5.9375000000e+01 | 1.0381057192e-03  , 2.9449285086e-04
4.6875000000e+01,5.9375000000e+01 | 1.0204565923e-03  , 2.8948609837e-04
5.3125000000e+01,5.9375000000e+01 | 1.0004055872e-03  , 2.8379797256e-04
5.9375000000e+01,5.9375000000e+01 | 9.7799988379e-04  , 2.7744185937e-04
6.5625000000e+01,5.9375000000e+01 | 9.5329220235e-04  , 2.7043271596e-04
7.1875000000e+01,5.9375000000e+01 | 9.2634068069e-04  , 2.6278702702e-04
7.8125000000e+01,5.9375000000e+01 | 8.9720877337e-04  , 2.5452279877e-04
8.4375000000e+01,5.9375000000e+01 | 8.6596507441e-04  , 2.4565949482e-04
9.0625000000e+01,5.9375000000e+01 | 8.3268312897e-04  , 2.3621797002e-04
9.6875000000e+01,5.9375000000e+01 | 7.9744129571e-04  , 2.2622046622e-04
1.0312500000e+02,5.9375000000e+01 | 7.6032251152e-04  , 2.1569050807e-04
1.0937500000e+02,5.9375000000e+01 | 7.2141411507e-04  , 2.0465285447e-04
1.1562500000e+02,5.9375000000e+01 | 6.8080771638e-04  , 1.9313351273e-04
1.2187500000e+02,5.9375000000e+01 | 6.3859889598e-04  , 1.8115959439e-04
1.2812500000e+02,5.9375000000e+01 | 5.9488699065e-04  , 1.6875927059e-04
1.3437500000e+02,5.9375000000e+01 | 5.4977489778e-04  , 1.5596174562e-04
1.4062500000e+02,5.9375000000e+01 | 5.0336877515e-04  , 1.4279712278e-04
1.4687500000e+02,5.9375000000e+01 | 4.5577784361e-04  , 1.2929638600e-04
1.5312500000e+02,5.9375000000e+01 | 4.0711413401e-04  , 1.1549132321e-04
1.5937500000e+02,5.9375000000e+01 | 3.5749219126e-04  , 1.0141442557e-04
1.6562500000e+02,5.9375000000e+01 | 3.0702881295e-04  , 8.7098828814e-05
1.7187500000e+02,5.9375000000e+01 | 2.5584276422e-04  , 7.2578215324e-05
1.7812500000e+02,5.9375000000e+01 | 2.0405454280e-04  , 5.7886727436e-05
1.8437500000e+02,5.9375000000e+01 | 1.5178623338e-04  , 4.3058037339e-05
1.9062500000e+02,5.9375000000e+01 | 9.9164480943e-05  , 2.8109391067e-05
1.9687500000e+02,5.9375000000e+01 | 4.6383625085e-05  , 1.2732969337e-05
3.1250000000e+00,6.5625000000e+01 | 1.0916416667e-03  , 3.0968008915e-04
9.3750000000e+00,6.5625000000e+01 | 1.0890722337e-03  , 3.0895118154e-04
1.5625000000e+01,6.5625000000e+01 | 1.0839394280e-03  , 3.0749509438e-04
2.1875000000e+01,6.5625000000e+01 | 1.0762553169e-03  , 3.0531524687e-04
2.8125000000e+01,6.5625000000e+01 | 1.0660379681e-03  , 3.0241675698e-04
3.4375000000e+01,6.5625000000e+01 | 1.0533114426e-03  , 2.9880645474e-04
4.0625000000e+01,6.5625000000e+01 | 1.0381057192e-03  , 2.9449285086e-04
4.6875000000e+01,6.5625000000e+01 | 1.0204565923e-03  , 2.8948609837e-04
5.3125000000e+01,6.5625000000e+01 | 1.0004055872e-03  , 2.8379797256e-04
5.9375000000e+01,6.5625000000e+01 | 9.7799988379e-04  , 2.7744185937e-04
6.5625000000e+01,6.5625000000e+01 | 9.5329220235e-04  , 2.7043271596e-04
7.1875000000e+01,6.5625000000e+01 | 9.2634068069e-04  , 2.6278702702e-04
7.8125000000e+01,6.5625000000e+01 | 8.9720877337e-04  , 2.5452279877e-04
8.4375000000e+01,6.5625000000e+01 | 8.6596507441e-04  , 2.4565949482e-04
9.0625000000e+01,6.5625000000e+01 | 8.3268312897e-04  , 2.3621797002e-04
9.6875000000e+01,6.5625000000e+01 | 7.9744129571e-04  , 2.2622046622e-04
1.0312500000e+02,6.5625000000e+01 | 7.6032251152e-04  , 2.1569050807e-04
1.0937500000e+02,6.5625000000e+01 | 7.2141411507e-04  , 2.0465285447e-04
1.1562500000e+02,6.5625000000e+01 | 6.8080771638e-04  , 1.9313351273e-04
1.2187500000e+02,6.5625000000e+01 | 6.3859889598e-04  , 1.8115959439e-04
1.2812500000e+02,6.5625000000e+01 | 5.9488699065e-04  , 1.6875927059e-04
1.3437500000e+02,6.5625000000e+01 | 5.4977489778e-04  , 1.5596174562e-04
1.4062500000e+02,6.5625000000e+01 | 5.0336877515e-04  , 1.4279712278e-04
1.4687500000e+02,6.5625000000e+01 | 4.5577784361e-04  , 1.2929638600e-04
1.5312500000e+02,6.5625000000e+01 | 4.0711413401e-04  , 1.1549132321e-04
1.5937500000e+02,6.5625000000e+01 | 3.5749219126e-04  , 1.0141442557e-04
1.6562500000e+02,6.5625000000e+01 | 3.0702881295e-04  , 8.7098828814e-05
1.7187500000e+02,6.5625000000e+01 | 2.5584276422e-04  , 7.2578215324e-05
1.7812500000e+02,6.5625000000e+01 | 2.0405454280e-04  , 5.7886727436e-05
1.8437500000e+02,6.5625000000e+01 | 1.5178623338e-04  , 4.3058037339e-05
1.9062500000e+02,6.5625000000e+01 | 9.9164480943e-05  , 2.8109391067e-05
1.9687500000e+02,6.5625000000e+01 | 4.6383625085e-05  , 1.2732969337e-05
3.1250000000e+00,7.1875000000e+01 | 1.0916416667e-03  , 3.0968008915e-04
9.3750000000e+00,7.1875000000e+01 | 1.0890722337e-03  , 3.0895118154e-04
1.5625000000e+01,7.1875000000e+01 | 1.0839394280e-03  , 3.0749509438e-04
2.1875000000e+01,7.1875000000e+01 | 1.0762553169e-03  , 3.0531524687e-04
2.8125000000e+01,7.1875000000e+01 | 1.0660379681e-03  , 3.0241675698e-04
3.4375000000e+01,7.1875000000e+01 | 1.0533114426e-03  , 2.9880645474e-04
4.0625000000e+01,7.1875000000e+01 | 1.0381057192e-03  , 2.9449285086e-04
4.6875000000e+01,7.1875000000e+01 | 1.0204565923e-03  , 2.8948609837e-04
5.3125000000e+01,7.1875000000e+01 | 1.0004055872e-03  , 2.8379797256e-04
5.9375000000e+01,7.1875000000e+01 | 9.7799988379e-04  , 2.7744185937e-04
6.5625000000e+01,7.1875000000e+01 | 9.5329220235e-04  , 2.7043271596e-04
7.1875000000e+01,7.1875000000e+01 | 9.2634068069e-04  , 2.6278702702e-04
7.8125000000e+01,7.1875000000e+01 | 8.9720877337e-04  , 2.5452279877e-04
8.4375000000e+01,7.1875000000e+01 | 8.6596507441e-04  , 2.4565949482e-04
9.0625000000e+01,7.1875000000e+01 | 8.3268312897e-04  , 2.3621797002e-04
9.6875000000e+01,7.1875000000e+01 | 7.9744129571e-04  , 2.2622046622e-04
1.0312500000e+02,7.1875000000e+01 | 7.6032251152e-04  , 2.1569050807e-04
1.0937500000e+02,7.1875000000e+01 | 7.2141411507e-04  , 2.0465285447e-04
1.1562500000e+02,7.1875000000e+01 | 6.8080771638e-04  , 1.9313351273e-04
1.2187500000e+02,7.1875000000e+01 | 6.3859889598e-04  , 1.8115959439e-04
1.2812500000e+02,7.1875000000e+01 | 5.9488699065e-04  , 1.6875927059e-04
1.3437500000e+02,7.1875000000e+01 | 5.4977489778e-04  , 1.5596174562e-04
1.4062500000e+02,7.1875000000e+01 | 5.0336877515e-04  , 1.4279712278e-04
1.4687500000e+02,7.1875000000e+01 | 4.5577784361e-04  , 1.2929638600e-04
1.5312500000e+02,7.1875000000e+01 | 4.0711413401e-04  , 1.1549132321e-04
1.5937500000e+02,7.1875000000e+01 | 3.5749219126e-04  , 1.0141442557e-04
1.6562500000e+02,7.1875000000e+01 | 3.0702881295e-04  , 8.7098828814e-05
1.7187500000e+02,7.1875000000e+01 | 2.5584276422e-04  , 7.2578215324e-05
1.7812500000e+02,7.1875000000e+01 | 2.0405454280e-04  , 5.7886727436e-05
1.8437500000e+02,7.1875000000e+01 | 1.5178623338e-04  , 4.3058037339e-05
1.9062500000e+02,7.1875000000e+01 | 9.9164480943e-05  , 2.8109391067e-05
1.9687500000e+02,7.1875000000e+01 | 4.6383625085e-05  , 1.2732969337e-05
3.1250000000e+00,7.8125000000e+01 | 1.0916416667e-03  , 3.0968008915e-04
9.3750000000e+00,7.8125000000e+01 | 1.0890722337e-03  , 3.0895118154e-04
1.5625000000e+01,7.8125000000e+01 | 1.0839394280e-03  , 3.0749509438e-04
2.1875000000e+01,7.8125000000e+01 | 1.0762553169e-03  , 3.0531524687e-04
2.8125000000e+01,7.8125000000e+01 | 1.0660379681e-03  , 3.0241675698e-04
3.4375000000e+01,7.8125000000e+01 | 1.0533114426e-03  , 2.9880645474e-04
4.0625000000e+01,7.8125000000e+01 | 1.0381057192e-03  , 2.9449285086e-04
4.6875000000e+01,7.8125000000e+01 | 1.0204565923e-03  , 2.8948609837e-04
5.3125000000e+01,7.8125000000e+01 | 1.0004055872e-03  , 2.8379797256e-04
5.9375000000e+01,7.8125000000e+01 | 9.7799988379e-04  , 2.7744185937e-04
6.5625000000e+01,7.8125000000e+01 | 9.5329220235e-04  , 2.7043271596e-04
7.1875000000e+01,7.8125000000e+01 | 9.2634068069e-04  , 2.6278702702e-04
7.8125000000e+01,7.8125000000e+01 | 8.9720877337e-04  , 2.5452279877e-04
8.4375000000e+01,7.8125000000e+01 | 8.6596507441e-04  , 2.4565949482e-04
9.0625000000e+01,7.8125000000e+01 | 8.3268312897e-04  , 2.3621797002e-04
9.6875000000e+01,7.8125000000e+01 | 7.9744129571e-04  , 2.2622046622e-04
1.0312500000e+02,7.8125000000e+01 | 7.6032251152e-04  , 2.1569050807e-04
1.0937500000e+02,7.8125000000e+01 | 7.2141411507e-04  , 2.0465285447e-04
1.1562500000e+02,7.8125000000e+01 | 6.8080771638e-04  , 1.9313351273e-04
1.2187500000e+02,7.8125000000e+01 | 6.3859889598e-04  , 1.8115959439e-04
1.2812500000e+02,7.8125000000e+01 | 5.9488699065e-04  , 1.6875927059e-04
1.3437500000e+02,7.8125000000e+01 | 5.4977489778e-04  , 1.5596174562e-04
1.4062500000e+02,7.8125000000e+01 | 5.0336877515e-04  , 1.4279712278e-04
1.4687500000e+02,7.8125000000e+01 | 4.5577784361e-04  , 1.2929638600e-04
1.5312500000e+02,7.8125000000e+01 | 4.0711413401e-04  , 1.1549132321e-04
1.5937500000e+02,7.8125000000e+01 | 3.5749219126e-04  , 1.0141442557e-04
1.6562500000e+02,7.8125000000e+01 | 3.0702881295e-04  , 8.7098828814e-05
1.7187500000e+02,7.8125000000e+01 | 2.5584276422e-04  , 7.2578215324e-05
1.7812500000e+02,7.8125000000e+01 | 2.0405454280e-04  , 5.7886727436e-05
1.8437500000e+02,7.8125000000e+01 | 1.5178623338e-04  , 4.3058037339e-05
1.9062500000e+02,7.8125000000e+01 | 9.9164480943e-05  , 2.8109391067e-05
1.9687500000e+02,7.8125000000e+01 | 4.6383625085e-05  , 1.2732969337e-05
3.1250000000e+00,8.4375000000e+01 | 1.0916416667e-03  , 3.0968008915e-04
9.3750000000e+00,8.4375000000e+01 | 1.0890722337e-03  , 3.0895118154e-04
1.5625000000e+01,8.4375000000e+01 | 1.0839394280e-03  , 3.0749509438e-04
2.1875000000e+01,8.4375000000e+01 | 1.0762553169e-03  , 3.0531524687e-04
2.8125000000e+01,8.4375000000e+01 | 1.0660379681e-03  , 3.0241675698e-04
3.4375000000e+01,8.4375000000e+01 | 1.0533114426e-03  , 2.9880645474e-04
4.0625000000e+01,8.4375000000e+01 | 1.0381057192e-03  , 2.9449285086e-04
4.6875000000e+01,8.4375000000e+01 | 1.0204565923e-03  , 2.8948609837e-04
5.3125000000e+01,8.4375000000e+01 | 1.0004055872e-03  , 2.8379797256e-04
5.9375000000e+01,8.4375000000e+01 | 9.7799988379e-04  , 2.7744185937e-04
6.5625000000e+01,8.4375000000e+01 | 9.5329220235e-04  , 2.7043271596e-04
7.1875000000e+01,8.4375000000e+01 | 9.2634068069e-04  , 2.6278702702e-04
7.8125000000e+01,8.4375000000e+01 | 8.9720877337e-04  , 2.5452279877e-04
8.4375000000e+01,8.4375000000e+01 | 8.6596507441e-04  , 2.4565949482e-04
9.0625000000e+01,8.4375000000e+01 | 8.3268312897e-04  , 2.3621797002e-04
9.6875000000e+01,8.4375000000e+01 | 7.9744129571e-04  , 2.2622046622e-04
1.0312500000e+02,8.4375000000e+01 | 7.6032251152e-04  , 2.1569050807e-04
1.0937500000e+02,8.4375000000e+01 | 7.2141411507e-04  , 2.0465285447e-04
1.1562500000e+02,8.4375000000e+01 | 6.8080771638e-04  , 1.9313351273e-04
1.2187500000e+02,8.4375000000e+01 | 6.3859889598e-04  , 1.8115959439e-04
1.2812500000e+02,8.4375000000e+01 | 5.9488699065e-04  , 1.6875927059e-04
1.3437500000e+02,8.4375000000e+01 | 5.4977489778e-04  , 1.5596174562e-04
1.4062500000e+02,8.4375000000e+01 | 5.0336877515e-04  , 1.4279712278e-04
1.4687500000e+02,8.4375000000e+01 | 4.5577784361e-04  , 1.2929638600e-04
1.5312500000e+02,8.4375000000e+01 | 4.0711413401e-04  , 1.1549132321e-04
1.5937500000e+02,8.4375000000e+01 | 3.5749219126e-04  , 1.0141442557e-04
1.6562500000e+02,8.4375000000e+01 | 3.0702881295e-04  , 8.7098828814e-05
1.7187500000e+02,8.4375000000e+01 | 2.5584276422e-04  , 7.2578215324e-05
1.7812500000e+02,8.4375000000e+01 | 2.0405454280e-04  , 5.7886727436e-05
1.8437500000e+02,8.4375000000e+01 | 1.5178623338e-04  , 4.3058037339e-05
1.9062500000e+02,8.4375000000e+01 | 9.9164480943e-05  , 2.8109391067e-05
1.9687500000e+02,8.4375000000e+01 | 4.6383625085e-05  , 1.2732969337e-05
3.1250000000e+00,9.0625000000e+01 | 1.0916416667e-03  , 3.0968008915e-04
9.3750000000e+00,9.0625000000e+01 | 1.0890722337e-03  , 3.0895118154e-04
1.5625000000e+01,9.0625000000e+01 | 1.0839394280e-03  , 3.0749509438e-04
2.1875000000e+01,9.0625000000e+01 | 1.0762553169e-03  , 3.0531524687e-04
2.8125000000e+01,9.0625000000e+01 | 1.0660379681e-03  , 3.0241675698e-04
3.4375000000e+01,9.0625000000e+01 | 1.0533114426e-03  , 2.9880645474e-04
4.0625000000e+01,9.0625000000e+01 | 1.0381057192e-03  , 2.9449285086e-04
4.6875000000e+01,9.0625000000e+01 | 1.0204565923e-03  , 2.8948609837e-04
5.3125000000e+01,9.0625000000e+01 | 1.0004055872e-03  , 2.8379797256e-04
5.9375000000e+01,9.0625000000e+01 | 9.7799988379e-04  , 2.7744185937e-04
6.5625000000e+01,9.0625000000e+01 | 9.5329220235e-04  , 2.7043271596e-04
7.1875000000e+01,9.0625000000e+01 | 9.2634068069e-04  , 2.6278702702e-04
7.8125000000e+01,9.0625000000e+01 | 8.9720877337e-04  , 2.5452279877e-04
8.4375000000e+01,9.0625000000e+01 | 8.6596507441e-04  , 2.4565949482e-04
9.0625000000e+01,9.0625000000e+01 | 8.3268312897e-04  , 2.3621797002e-04
9.6875000000e+01,9.0625000000e+01 | 7.9744129571e-04  , 2.2622046622e-04
1.0312500000e+02,9.0625000000e+01 | 7.6032251152e-04  , 2.1569050807e-04
1.0937500000e+02,9.0625000000e+01 | 7.2141411507e-04  , 2.0465285447e-04
1.1562500000e+02,9.0625000000e+01 | 6.8080771638e-04  , 1.9313351273e-04
1.2187500000e+02,9.0625000000e+01 | 6.3859889598e-04  , 1.8115959439e-04
1.2812500000e+02,9.0625000000e+01 | 5.9488699065e-04  , 1.6875927059e-04
1.3437500000e+02,9.0625000000e+01 | 5.4977489778e-04  , 1.5596174562e-04
1.4062500000e+02,9.0625000000e+01 | 5.0336877515e-04  , 1.4279712278e-04
1.4687500000e+02,9.0625000000e+01 | 4.5577784361e-04  , 1.2929638600e-04
1.5312500000e+02,9.0625000000e+01 | 4.0711413401e-04  , 1.1549132321e-04
1.5937500000e+02,9.0625000000e+01 | 3.5749219126e-04  , 1.0141442557e-04
1.6562500000e+02,9.0625000000e+01 | 3.0702881295e-04  , 8.7098828814e-05
1.7187500000e+02,9.0625000000e+01 | 2.5584276422e-04  , 7.2578215324e-05
1.7812500000e+02,9.0625000000e+01 | 2.0405454280e-04  , 5.7886727436e-05
1.8437500000e+02,9.0625000000e+01 | 1.5178623338e-04  , 4.3058037339e-05
1.9062500000e+02,9.0625000000e+01 | 9.9164480943e-05  , 2.8109391067e-05
1.9687500000e+02,9.0625000000e+01 | 4.6383625085e-05  , 1.2732969337e-05
3.1250000000e+00,9.6875000000e+01 | 1.0916416667e-03  , 3.0968008915e-04
9.3750000000e+00,9.6875000000e+01 | 1.0890722337e-03  , 3.0895118154e-04
1.5625000000e+01,9.6875000000e+01 | 1.0839394280e-03  , 3.0749509438e-04
2.1875000000e+01,9.6875000000e+01 | 1.0762553169e-03  , 3.0531524687e-04
2.8125000000e+01,9.6875000000e+01 | 1.0660379681e-03  , 3.0241675698e-04
3.4375000000e+01,9.6875000000e+01 | 1.0533114426e-03  , 2.9880645474e-04
4.0625000000e+01,9.6875000000e+01 | 1.0381057192e-03  , 2.9449285086e-04
4.6875000000e+01,9.6875000000e+01 | 1.0204565923e-03  , 2.8948609837e-04
5.3125000000e+01,9.6875000000e+01 | 1.0004055872e-03  , 2.8379797256e-04
5.9375000000e+01,9.6875000000e+01 | 9.7799988379e-04  , 2.7744185937e-04
6.5625000000e+01,9.6875000000e+01 | 9.5329220235e-04  , 2.7043271596e-04
7.1875000000e+01,9.6875000000e+01 | 9.2634068069e-04  , 2.6278702702e-04
7.8125000000e+01,9.6875000000e+01 | 8.9720877337e-04  , 2.5452279877e-04
8.4375000000e+01,9.6875000000e+01 | 8.6596507441e-04  , 2.4565949482e-04
9.0625000000e+01,9.6875000000e+01 | 8.3268312897e-04  , 2.3621797002e-04
9.6875000000e+01,9.6875000000e+01 | 7.9744129571e-04  , 2.2622046622e-04
1.0312500000e+02,9.6875000000e+01 | 7.6032251152e-04  , 2.1569050807e-04
1.0937500000e+02,9.6875000000e+01 | 7.2141411507e-04  , 2.0465285447e-04
1.1562500000e+02,9.6875000000e+01 | 6.8080771638e-04  , 1.9313351273e-04
1.2187500000e+02,9.6875000000e+01 | 6.3859889598e-04  , 1.8115959439e-04
1.2812500000e+02,9.6875000000e+01 | 5.9488699065e-04  , 1.6875927059e-04
1.3437500000e+02,9.6875000000e+01 | 5.4977489778e-04  , 1.5596174562e-04
1.4062500000e+02,9.6875000000e+01 | 5.0336877515e-04  , 1.4279712278e-04
1.4687500000e+02,9.6875000000e+01 | 4.5577784361e-04  , 1.2929638600e-04
1.5312500000e+02,9.6875000000e+01 | 4.0711413401e-04  , 1.1549132321e-04
1.5937500000e+02,9.6875000000e+01 | 3.5749219126e-04  , 1.0141442557e-04
1.6562500000e+02,9.6875000000e+01 | 3.0702881295e-04  , 8.7098828814e-05
1.7187500000e+02,9.6875000000e+01 | 2.5584276422e-04  , 7.2578215324e-05
1.7812500000e+02,9.6875000000e+01 | 2.0405454280e-04  , 5.7886727436e-05
1.8437500000e+02,9.6875000000e+01 | 1.5178623338e-04  , 4.3058037339e-05
1.9062500000e+02,9.6875000000e+01 | 9.9164480943e-05  , 2.8109391067e-05
1.9687500000e+02,9.6875000000e+01 | 4.6383625085e-05  , 1.2732969337e-05
3.1250000000e+00,1.0312500000e+02 | 1.0916416667e-03  , 3.0968008915e-04
9.3750000000e+00,1.0312500000e+02 | 1.0890722337e-03  , 3.0895118154e-04
1.5625000000e+01,1.0312500000e+02 | 1.0839394280e-03  , 3.0749509438e-04
2.1875000000e+01,1.0312500000e+02 | 1.0762553169e-03  , 3.0531524687e-04
2.8125000000e+01,1.0312500000e+02 | 1.0660379681e-03  , 3.0241675698e-04
3.4375000000e+01,1.0312500000e+02 | 1.0533114426e-03  , 2.9880645474e-04
4.0625000000e+01,1.0312500000e+02 | 1.0381057192e-03  , 2.9449285086e-04
4.6875000000e+01,1.0312500000e+02 | 1.0204565923e-03  , 2.8948609837e-04
5.3125000000e+01,1.0312500000e+02 | 1.0004055872e-03  , 2.8379797256e-04
5.9375000000e+01,1.0312500000e+02 | 9.7799988379e-04  , 2.7744185937e-04
6.5625000000e+01,1.0312500000e+02 | 9.5329220235e-04  , 2.7043271596e-04
7.1875000000e+01,1.0312500000e+02 | 9.2634068069e-04  , 2.6278702702e-04
7.8125000000e+01,1.0312500000e+02 | 8.9720877337e-04  , 2.5452279877e-04
8.4375000000e+01,1.0312500000e+02 | 8.6596507441e-04  , 2.4565949482e-04
9.0625000000e+01,1.0312500000e+02 | 8.3268312897e-04  , 2.3621797002e-04
9.6875000000e+01,1.0312500000e+02 | 7.9744129571e-04  , 2.2622046622e-04
1.0312500000e+02,1.0312500000e+02 | 7.6032251152e-04  , 2.1569050807e-04
1.0937500000e+02,1.0312500000e+02 | 7.2141411507e-04  , 2.0465285447e-04
1.1562500000e+02,1.0312500000e+02 | 6.8080771638e-04  , 1.9313351273e-04
1.2187500000e+02,1.0312500000e+02 | 6.3859889598e-04  , 1.8115959439e-04
1.2812500000e+02,1.0312500000e+02 | 5.9488699065e-04  , 1.6875927059e-04
1.3437500000e+02,1.0312500000e+02 | 5.4977489778e-04  , 1.5596174562e-04
1.4062500000e+02,1.0312500000e+02 | 5.0336877515e-04  , 1.4279712278e-04
1.4687500000e+02,1.0312500000e+02 | 4.5577784361e-04  , 1.2929638600e-04
1.5312500000e+02,1.0312500000e+02 | 4.0711413401e-04  , 1.1549132321e-04
1.5937500000e+02,1.0312500000e+02 | 3.5749219126e-04  , 1.0141442557e-04
1.6562500000e+02,1.0312500000e+02 | 3.0702881295e-04  , 8.7098828814e-05
1.7187500000e+02,1.0312500000e+02 | 2.5584276422e-04  , 7.2578215324e-05
1.7812500000e+02,1.0312500000e+02 | 2.0405454280e-04  , 5.7886727436e-05
1.8437500000e+02,1.0312500000e+02 | 1.5178623338e-04  , 4.3058037339e-05
1.9062500000e+02,1.0312500000e+02 | 9.9164480943e-05  , 2.8109391067e-05
1.9687500000e+02,1.0312500000e+02 | 4.6383625085e-05  , 1.2732969337e-05
3.1250000000e+00,1.0937500000e+02 | 1.0916416667e-03  , 3.0968008915e-04
9.3750000000e+00,1.0937500000e+02 | 1.0890722337e-03  , 3.0895118154e-04
1.5625000000e+01,1.0937500000e+02 | 1.0839394280e-03  , 3.0749509438e-04
2.1875000000e+01,1.0937500000e+02 | 1.0762553169e-03  , 3.0531524687e-04
2.8125000000e+01,1.0937500000e+02 | 1.0660379681e-03  , 3.0241675698e-04
3.4375000000e+01,1.0937500000e+02 | 1.0533114426e-03  , 2.9880645474e-04
4.0625000000e+01,1.0937500000e+02 | 1.0381057192e-03  , 2.9449285086e-04
4.6875000000e+01,1.0937500000e+02 | 1.0204565923e-03  , 2.8948609837e-04
5.3125000000e+01,1.0937500000e+02 | 1.0004055872e-03  , 2.8379797256e-04
5.9375000000e+01,1.0937500000e+02 | 9.7799988379e-04  , 2.7744185937e-04
6.5625000000e+01,1.0937500000e+02 | 9.5329220235e-04  , 2.7043271596e-04
7.1875000000e+01,1.0937500000e+02 | 9.2634068069e-04  , 2.6278702702e-04
7.8125000000e+01,1.0937500000e+02 | 8.9720877337e-04  , 2.5452279877e-04
8.4375000000e+01,1.0937500000e+02 | 8.6596507441e-04  , 2.4565949482e-04
9.0625000000e+01,1.0937500000e+02 | 8.3268312897e-04  , 2.3621797002e-04
9.6875000000e+01,1.0937500000e+02 | 7.9744129571e-04  , 2.2622046622e-04
1.0312500000e+02,1.0937500000e+02 | 7.6032251152e-04  , 2.1569050807e-04
1.0937500000e+02,1.0937500000e+02 | 7.2141411507e-04  , 2.0465285447e-04
1.1562500000e+02,1.0937500000e+02 | 6.8080771638e-04  , 1.9313351273e-04
1.2187500000e+02,1.0937500000e+02 | 6.3859889598e-04  , 1.8115959439e-04
1.2812500000e+02,1.0937500000e+02 | 5.9488699065e-04  , 1.6875927059e-04
1.3437500000e+02,1.0937500000e+02 | 5.4977489778e-04  , 1.5596174562e-04
1.4062500000e+02,1.0937500000e+02 | 5.0336877515e-04  , 1.4279712278e-04
1.4687500000e+02,1.0937500000e+02 | 4.5577784361e-04  , 1.2929638600e-04
1.5312500000e+02,1.0937500000e+02 | 4.0711413401e-04  , 1.1549132321e-04
1.5937500000e+02,1.0937500000e+02 | 3.5749219126e-04  , 1.0141442557e-04
1.6562500000e+02,1.0937500000e+02 | 3.0702881295e-04  , 8.7098828814e-05
1.7187500000e+02,1.0937500000e+02 | 2.5584276422e-04  , 7.2578215324e-05
1.7812500000e+02,1.0937500000e+02 | 2.0405454280e-04  , 5.7886727436e-05
1.8437500000e+02,1.0937500000e+02 | 1.5178623338e-04  , 4.3058037339e-05
1.9062500000e+02,1.0937500000e+02 | 9.9164480943e-05  , 2.8109391067e-05
1.9687500000e+02,1.0937500000e+02 | 4.6383625085e-05  , 1.2732969337e-05
3.1250000000e+00,1.1562500000e+02 | 1.0916416667e-03  , 3.0968008915e-04
9.3750000000e+00,1.1562500000e+02 | 1.0890722337e-03  , 3.0895118154e-04
1.5625000000e+01,1.1562500000e+02 | 1.0839394280e-03  , 3.0749509438e-04
2.1875000000e+01,1.1562500000e+02 | 1.0762553169e-03  , 3.0531524687e-04
2.8125000000e+01,1.1562500000e+02 | 1.0660379681e-03  , 3.0241675698e-04
3.4375000000e+01,1.1562500000e+02 | 1.0533114426e-03  , 2.9880645474e-04
4.0625000000e+01,1.1562500000e+02 | 1.0381057192e-03  , 2.9449285086e-04
4.6875000000e+01,1.1562500000e+02 | 1.0204565923e-03  , 2.8948609837e-04
5.3125000000e+01,1.1562500000e+02 | 1.0004055872e-03  , 2.8379797256e-04
5.9375000000e+01,1.1562500000e+02 | 9.7799988379e-04  , 2.7744185937e-04
6.5625000000e+01,1.1562500000e+02 | 9.5329220235e-04  , 2.7043271596e-04
7.1875000000e+01,1.1562500000e+02 | 9.2634068069e-04  , 2.6278702702e-04
7.8125000000e+01,1.1562500000e+02 | 8.9720877337e-04  , 2.5452279877e-04
8.4375000000e+01,1.1562500000e+02 | 8.6596507441e-04  , 2.4565949482e-04
9.0625000000e+01,1.1562500000e+02 | 8.3268312897e-04  , 2.3621797002e-04
9.6875000000e+01,1.1562500000e+02 | 7.9744129571e-04  , 2.2622046622e-04
1.0312500000e+02,1.1562500000e+02 | 7.6032251152e-04  , 2.1569050807e-04
1.0937500000e+02,1.1562500000e+02 | 7.2141411507e-04  , 2.0465285447e-04
1.1562500000e+02,1.1562500000e+02 | 6.8080771638e-04  , 1.9313351273e-04
1.2187500000e+02,1.1562500000e+02 | 6.3859889598e-04  , 1.8115959439e-04
1.2812500000e+02,1.1562500000e+02 | 5.9488699065e-04  , 1.6875927059e-04
1.3437500000e+02,1.1562500000e+02 | 5.4977489778e-04  , 1.5596174562e-04
1.4062500000e+02,1.1562500000e+02 | 5.0336877515e-04  , 1.4279712278e-04
1.4687500000e+02,1.1562500000e+02 | 4.5577784361e-04  , 1.2929638600e-04
1.5312500000e+02,1.1562500000e+02 | 4.0711413401e-04  , 1.1549132321e-04
1.5937500000e+02,1.1562500000e+02 | 3.5749219126e-04  , 1.0141442557e-04
1.6562500000e+02,1.1562500000e+02 | 3.0702881295e-04  , 8.7098828814e-05
1.7187500000e+02,1.1562500000e+02 | 2.5584276422e-04  , 7.2578215324e-05
1.7812500000e+02,1.1562500000e+02 | 2.0405454280e-04  , 5.7886727436e-05
1.8437500000e+02,1.1562500000e+02 | 1.5178623338e-04  , 4.3058037339e-05
1.9062500000e+02,1.1562500000e+02 | 9.9164480943e-05  , 2.8109391067e-05
1.9687500000e+02,1.1562500000e+02 | 4.6383625085e-05  , 1.2732969337e-05
3.1250000000e+00,1.2187500000e+02 | 1.0916416667e-03  , 3.0968008915e-04
9.3750000000e+00,1.2187500000e+02 | 1.0890722337e-03  , 3.0895118154e-04
1.5625000000e+01,1.2187500000e+02 | 1.0839394280e-03  , 3.0749509438e-04
2.1875000000e+01,1.2187500000e+02 | 1.0762553169e-03  , 3.0531524687e-04
2.8125000000e+01,1.2187500000e+02 | 1.0660379681e-03  , 3.0241675698e-04
3.4375000000e+01,1.2187500000e+02 | 1.0533114426e-03  , 2.9880645474e-04
4.0625000000e+01,1.2187500000e+02 | 1.0381057192e-03  , 2.9449285086e-04
4.6875000000e+01,1.2187500000e+02 | 1.0204565923e-03  , 2.8948609837e-04
5.3125000000e+01,1.2187500000e+02 | 1.0004055872e-03  , 2.8379797256e-04
5.9375000000e+01,1.2187500000e+02 | 9.7799988379e-04  , 2.7744185937e-04
6.5625000000e+01,1.2187500000e+02 | 9.5329220235e-04  , 2.7043271596e-04
7.1875000000e+01,1.2187500000e+02 | 9.2634068069e-04  , 2.6278702702e-04
7.8125000000e+01,1.2187500000e+02 | 8.9720877337e-04  , 2.5452279877e-04
8.4375000000e+01,1.2187500000e+02 | 8.6596507441e-04  , 2.4565949482e-04
9.0625000000e+01,1.2187500000e+02 | 8.3268312897e-04  , 2.3621797002e-04
9.6875000000e+01,1.2187500000e+02 | 7.9744129571e-04  , 2.2622046622e-04
1.0312500000e+02,1.2187500000e+02 | 7.6032251152e-04  , 2.1569050807e-04
1.0937500000e+02,1.2187500000e+02 | 7.2141411507e-04  , 2.0465285447e-04
1.1562500000e+02,1.2187500000e+02 | 6.8080771638e-04  , 1.9313351273e-04
1.2187500000e+02,1.2187500000e+02 | 6.3859889598e-04  , 1.8115959439e-04
1.2812500000e+02,1.2187500000e+02 | 5.9488699065e-04  , 1.6875927059e-04
1.3437500000e+02,1.2187500000e+02 | 5.4977489778e-04  , 1.5596174562e-04
1.4062500000e+02,1.2187500000e+02 | 5.0336877515e-04  , 1.4279712278e-04
1.4687500000e+02,1.2187500000e+02 | 4.5577784361e-04  , 1.2929638600e-04
1.5312500000e+02,1.2187500000e+02 | 4.0711413401e-04  , 1.1549132321e-04
1.5937500000e+02,1.2187500000e+02 | 3.5749219126e-04  , 1.0141442557e-04
1.6562500000e+02,1.2187500000e+02 | 3.0702881295e-04  , 8.7098828814e-05
1.7187500000e+02,1.2187500000e+02 | 2.5584276422e-04  , 7.2578215324e-05
1.7812500000e+02,1.2187500000e+02 | 2.0405454280e-04  , 5.7886727436e-05
1.8437500000e+02,1.2187500000e+02 | 1.5178623338e-04  , 4.3058037339e-05
1.9062500000e+02,1.2187500000e+02 | 9.9164480943e-05  , 2.8109391067e-05
1.9687500000e+02,1.2187500000e+02 | 4.6383625085e-05  , 1.2732969337e-05
3.1250000000e+00,1.2812500000e+02 | 1.0916416667e-03  , 3.0968008915e-04
9.3750000000e+00,1.2812500000e+02 | 1.0890722337e-03  , 3.0895118154e-04
1.5625000000e+01,1.2812500000e+02 | 1.0839394280e-03  , 3.0749509438e-04
2.1875000000e+01,1.2812500000e+02 | 1.0762553169e-03  , 3.0531524687e-04
2.8125000000e+01,1.2812500000e+02 | 1.0660379681e-03  , 3.0241675698e-04
3.4375000000e+01,1.2812500000e+02 | 1.0533114426e-03  , 2.9880645474e-04
4.0625000000e+01,1.2812500000e+02 | 1.0381057192e-03  , 2.9449285086e-04
4.6875000000e+01,1.2812500000e+02 | 1.0204565923e-03  , 2.8948609837e-04
5.3125000000e+01,1.2812500000e+02 | 1.0004055872e-03  , 2.8379797256e-04
5.9375000000e+01,1.2812500000e+02 | 9.7799988379e-04  , 2.7744185937e-04
6.5625000000e+01,1.2812500000e+02 | 9.5329220235e-04  , 2.7043271596e-04
7.1875000000e+01,1.2812500000e+02 | 9.2634068069e-04  , 2.6278702702e-04
7.8125000000e+01,1.2812500000e+02 | 8.9720877337e-04  , 2.5452279877e-04
8.4375000000e+01,1.2812500000e+02 | 8.6596507441e-04  , 2.4565949482e-04
9.0625000000e+01,1.2812500000e+02 | 8.3268312897e-04  , 2.3621797002e-04
9.6875000000e+01,1.2812500000e+02 | 7.9744129571e-04  , 2.2622046622e-04
1.0312500000e+02,1.2812500000e+02 | 7.6032251152e-04  , 2.1569050807e-04
1.0937500000e+02,1.2812500000e+02 | 7.2141411507e-04  , 2.0465285447e-04
1.1562500000e+02,1.2812500000e+02 | 6.8080771638e-04  , 1.9313351273e-04
1.2187500000e+02,1.2812500000e+02 | 6.3859889598e-04  , 1.8115959439e-04
1.2812500000e+02,1.2812500000e+02 | 5.9488699065e-04  , 1.6875927059e-04
1.3437500000e+02,1.2812500000e+02 | 5.4977489778e-04  , 1.5596174562e-04
1.4062500000e+02,1.2812500000e+02 | 5.0336877515e-04  , 1.4279712278e-04
1.4687500000e+02,1.2812500000e+02 | 4.5577784361e-04  , 1.2929638600e-04
1.5312500000e+02,1.2812500000e+02 | 4.0711413401e-04  , 1.1549132321e-04
1.5937500000e+02,1.2812500000e+02 | 3.5749219126e-04  , 1.0141442557e-04
1.6562500000e+02,1.2812500000e+02 | 3.0702881295e-04  , 8.7098828814e-05
1.7187500000e+02,1.2812500000e+02 | 2.5584276422e-04  , 7.2578215324e-05
1.7812500000e+02,1.2812500000e+02 | 2.0405454280e-04  , 5.7886727436e-05
1.8437500000e+02,1.2812500000e+02 | 1.5178623338e-04  , 4.3058037339e-05
1.9062500000e+02,1.2812500000e+02 | 9.9164480943e-05  , 2.8109391067e-05
1.9687500000e+02,1.2812500000e+02 | 4.6383625085e-05  , 1.2732969337e-05
3.1250000000e+00,1.3437500000e+02 | 1.0916416667e-03  , 3.0968008915e-04
9.3750000000e+00,1.3437500000e+02 | 1.0890722337e-03  , 3.0895118154e-04
1.5625000000e+01,1.3437500000e+02 | 1.0839394280e-03  , 3.0749509438e-04
2.1875000000e+01,1.3437500000e+02 | 1.0762553169e-03  , 3.0531524687e-04
2.8125000000e+01,1.3437500000e+02 | 1.0660379681e-03  , 3.0241675698e-04
3.4375000000e+01,1.3437500000e+02 | 1.0533114426e-03  , 2.9880645474e-04
4.0625000000e+01,1.3437500000e+02 | 1.0381057192e-03  , 2.9449285086e-04
4.6875000000e+01,1.3437500000e+02 | 1.0204565923e-03  , 2.8948609837e-04
5.3125000000e+01,1.3437500000e+02 | 1.0004055872e-03  , 2.8379797256e-04
5.9375000000e+01,1.3437500000e+02 | 9.7799988379e-04  , 2.7744185937e-04
6.5625000000e+01,1.3437500000e+02 | 9.5329220235e-04  , 2.7043271596e-04
7.1875000000e+01,1.3437500000e+02 | 9.2634068069e-04  , 2.6278702702e-04
7.8125000000e+01,1.3437500000e+02 | 8.9720877337e-04  , 2.5452279877e-04
8.4375000000e+01,1.3437500000e+02 | 8.6596507441e-04  , 2.4565949482e-04
9.0625000000e+01,1.3437500000e+02 | 8.3268312897e-04  , 2.3621797002e-04
9.6875000000e+01,1.3437500000e+02 | 7.9744129571e-04  , 2.2622046622e-04
1.0312500000e+02,1.3437500000e+02 | 7.6032251152e-04  , 2.1569050807e-04
1.0937500000e+02,1.3437500000e+02 | 7.2141411507e-04  , 2.0465285447e-04
1.1562500000e+02,1.3437500000e+02 | 6.8080771638e-04  , 1.9313351273e-04
1.2187500000e+02,1.3437500000e+02 | 6.3859889598e-04  , 1.8115959439e-04
1.2812500000e+02,1.3437500000e+02 | 5.9488699065e-04  , 1.6875927059e-04
1.3437500000e+02,1.3437500000e+02 | 5.4977489778e-04  , 1.5596174562e-04
1.4062500000e+02,1.3437500000e+02 | 5.0336877515e-04  , 1.4279712278e-04
1.4687500000e+02,1.3437500000e+02 | 4.5577784361e-04  , 1.2929638600e-04
1.5312500000e+02,1.3437500000e+02 | 4.0711413401e-04  , 1.1549132321e-04
1.5937500000e+02,1.3437500000e+02 | 3.5749219126e-04  , 1.0141442557e-04
1.6562500000e+02,1.3437500000e+02 | 3.0702881295e-04  , 8.7098828814e-05
1.7187500000e+02,1.3437500000e+02 | 2.5584276422e-04  , 7.2578215324e-05
1.7812500000e+02,1.3437500000e+02 | 2.0405454280e-04  , 5.7886727436e-05
1.8437500000e+02,1.3437500000e+02 | 1.5178623338e-04  , 4.3058037339e-05
1.9062500000e+02,1.3437500000e+02 | 9.9164480943e-05  , 2.8109391067e-05
1.9687500000e+02,1.3437500000e+02 | 4.6383625085e-05  , 1.2732969337e-05
3.1250000000e+00,1.4062500000e+02 | 1.0916416667e-03  , 3.0968008915e-04
9.3750000000e+00,1.4062500000e+02 | 1.0890722337e-03  , 3.0895118154e-04
1.5625000000e+01,1.4062500000e+02 | 1.0839394280e-03  , 3.0749509438e-04
2.1875000000e+01,1.4062500000e+02 | 1.0762553169e-03  , 3.0531524687e-04
2.8125000000e+01,1.4062500000e+02 | 1.0660379681e-03  , 3.0241675698e-04
3.4375000000e+01,1.4062500000e+02 | 1.0533114426e-03  , 2.9880645474e-04
4.0625000000e+01,1.4062500000e+02 | 1.0381057192e-03  , 2.9449285086e-04
4.6875000000e+01,1.4062500000e+02 | 1.0204565923e-03  , 2.8948609837e-04
5.3125000000e+01,1.4062500000e+02 | 1.0004055872e-03  , 2.8379797256e-04
5.9375000000e+01,1.4062500000e+02 | 9.7799988379e-04  , 2.7744185937e-04
6.5625000000e+01,1.4062500000e+02 | 9.5329220235e-04  , 2.7043271596e-04
7.1875000000e+01,1.4062500000e+02 | 9.2634068069e-04  , 2.6278702702e-04
7.8125000000e+01,1.4062500000e+02 | 8.9720877337e-04  , 2.5452279877e-04
8.4375000000e+01,1.4062500000e+02 | 8.6596507441e-04  , 2.4565949482e-04
9.0625000000e+01,1.4062500000e+02 | 8.3268312897e-04  , 2.3621797002e-04
9.6875000000e+01,1.4062500000e+02 | 7.9744129571e-04  , 2.2622046622e-04
1.0312500000e+02,1.4062500000e+02 | 7.6032251152e-04  , 2.1569050807e-04
1.0937500000e+02,1.4062500000e+02 | 7.2141411507e-04  , 2.0465285447e-04
1.1562500000e+02,1.4062500000e+02 | 6.8080771638e-04  , 1.9313351273e-04
1.2187500000e+02,1.4062500000e+02 | 6.3859889598e-04  , 1.8115959439e-04
1.2812500000e+02,1.4062500000e+02 | 5.9488699065e-04  , 1.6875927059e-04
1.3437500000e+02,1.4062500000e+02 | 5.4977489778e-04  , 1.5596174562e-04
1.4062500000e+02,1.4062500000e+02 | 5.0336877515e-04  , 1.4279712278e-04
1.4687500000e+02,1.4062500000e+02 | 4.5577784361e-04  , 1.2929638600e-04
1.5312500000e+02,1.4062500000e+02 | 4.0711413401e-04  , 1.1549132321e-04
1.5937500000e+02,1.4062500000e+02 | 3.5749219126e-04  , 1.0141442557e-04
1.6562500000e+02,1.4062500000e+02 | 3.0702881295e-04  , 8.7098828814e-05
1.7187500000e+02,1.4062500000e+02 | 2.5584276422e-04  , 7.2578215324e-05
1.7812500000e+02,1.4062500000e+02 | 2.0405454280e-04  , 5.7886727436e-05
1.8437500000e+02,1.4062500000e+02 | 1.5178623338e-04  , 4.3058037339e-05
1.9062500000e+02,1.4062500000e+02 | 9.9164480943e-05  , 2.8109391067e-05
1.9687500000e+02,1.4062500000e+02 | 4.6383625085e-05  , 1.2732969337e-05
3.1250000000e+00,1.4687500000e+02 | 1.0916416667e-03  , 3.0968008915e-04
9.3750000000e+00,1.4687500000e+02 | 1.0890722337e-03  , 3.0895118154e-04
1.5625000000e+01,1.4687500000e+02 | 1.0839394280e-03  , 3.0749509438e-04
2.1875000000e+01,1.4687500000e+02 | 1.0762553169e-03  , 3.0531524687e-04
2.8125000000e+01,1.4687500000e+02 | 1.0660379681e-03  , 3.0241675698e-04
3.4375000000e+01,1.4687500000e+02 | 1.0533114426e-03  , 2.9880645474e-04
4.0625000000e+01,1.4687500000e+02 | 1.0381057192e-03  , 2.9449285086e-04
4.6875000000e+01,1.4687500000e+02 | 1.0204565923e-03  , 2.8948609837e-04
5.3125000000e+01,1.4687500000e+02 | 1.0004055872e-03  , 2.8379797256e-04
5.9375000000e+01,1.4687500000e+02 | 9.7799988379e-04  , 2.7744185937e-04
6.5625000000e+01,1.4687500000e+02 | 9.5329220235e-04  , 2.7043271596e-04
7.1875000000e+01,1.4687500000e+02 | 9.2634068069e-04  , 2.6278702702e-04
7.8125000000e+01,1.4687500000e+02 | 8.9720877337e-04  , 2.5452279877e-04
8.4375000000e+01,1.4687500000e+02 | 8.6596507441e-04  , 2.4565949482e-04
9.0625000000e+01,1.4687500000e+02 | 8.3268312897e-04  , 2.3621797002e-04
9.6875000000e+01,1.4687500000e+02 | 7.9744129571e-04  , 2.2622046622e-04
1.0312500000e+02,1.4687500000e+02 | 7.6032251152e-04  , 2.1569050807e-04
1.0937500000e+02,1.4687500000e+02 | 7.2141411507e-04  , 2.0465285447e-04
1.1562500000e+02,1.4687500000e+02 | 6.8080771638e-04  , 1.9313351273e-04
1.2187500000e+02,1.4687500000e+02 | 6.3859889598e-04  , 1.8115959439e-04
1.2812500000e+02,1.4687500000e+02 | 5.9488699065e-04  , 1.6875927059e-04
1.3437500000e+02,1.4687500000e+02 | 5.4977489778e-04  , 1.5596174562e-04
1.4062500000e+02,1.4687500000e+02 | 5.0336877515e-04  , 1.4279712278e-04
1.4687500000e+02,1.4687500000e+02 | 4.5577784361e-04  , 1.2929638600e-04
1.5312500000e+02,1.4687500000e+02 | 4.0711413401e-04  , 1.1549132321e-04
1.5937500000e+02,1.4687500000e+02 | 3.5749219126e-04  , 1.0141442557e-04
1.6562500000e+02,1.4687500000e+02 | 3.0702881295e-04  , 8.7098828814e-05
1.7187500000e+02,1.4687500000e+02 | 2.5584276422e-04  , 7.2578215324e-05
1.7812500000e+02,1.4687500000e+02 | 2.0405454280e-04  , 5.7886727436e-05
1.8437500000e+02,1.4687500000e+02 | 1.5178623338e-04  , 4.3058037339e-05
1.9062500000e+02,1.4687500000e+02 | 9.9164480943e-05  , 2.8109391067e-05
1.9687500000e+02,1.4687500000e+02 | 4.6383625085e-05  , 1.2732969337e-05
3.1250000000e+00,1.5312500000e+02 | 1.0916416667e-03  , 3.0968008915e-04
9.3750000000e+00,1.5312500000e+02 | 1.0890722337e-03  , 3.0895118154e-04
1.5625000000e+01,1.5312500000e+02 | 1.0839394280e-03  , 3.0749509438e-04
2.1875000000e+01,1.5312500000e+02 | 1.0762553169e-03  , 3.0531524687e-04
2.8125000000e+01,1.5312500000e+02 | 1.0660379681e-03  , 3.0241675698e-04
3.4375000000e+01,1.5312500000e+02 | 1.0533114426e-03  , 2.9880645474e-04
4.0625000000e+01,1.5312500000e+02 | 1.0381057192e-03  , 2.9449285086e-04
4.6875000000e+01,1.5312500000e+02 | 1.0204565923e-03  , 2.8948609837e-04
5.3125000000e+01,1.5312500000e+02 | 1.0004055872e-03  , 2.8379797256e-04
5.9375000000e+01,1.5312500000e+02 | 9.7799988379e-04  , 2.7744185937e-04
6.5625000000e+01,1.5312500000e+02 | 9.5329220235e-04  , 2.7043271596e-04
7.1875000000e+01,1.5312500000e+02 | 9.2634068069e-04  , 2.6278702702e-04
7.8125000000e+01,1.5312500000e+02 | 8.9720877337e-04  , 2.5452279877e-04
8.4375000000e+01,1.5312500000e+02 | 8.6596507441e-04  , 2.4565949482e-04
9.0625000000e+01,1.5312500000e+02 | 8.3268312897e-04  , 2.3621797002e-04
9.6875000000e+01,1.5312500000e+02 | 7.9744129571e-04  , 2.2622046622e-04
1.0312500000e+02,1.5312500000e+02 | 7.6032251152e-04  , 2.1569050807e-04
1.0937500000e+02,1.5312500000e+02 | 7.2141411507e-04  , 2.0465285447e-04
1.1562500000e+02,1.5312500000e+02 | 6.8080771638e-04  , 1.9313351273e-04
1.2187500000e+02,1.5312500000e+02 | 6.3859889598e-04  , 1.8115959439e-04
1.2812500000e+02,1.5312500000e+02 | 5.9488699065e-04  , 1.6875927059e-04
1.3437500000e+02,1.5312500000e+02 | 5.4977489778e-04  , 1.5596174562e-04
1.4062500000e+02,1.5312500000e+02 | 5.0336877515e-04  , 1.4279712278e-04
1.4687500000e+02,1.5312500000e+02 | 4.5577784361e-04  , 1.2929638600e-04
1.5312500000e+02,1.5312500000e+02 | 4.0711413401e-04  , 1.1549132321e-04
1.5937500000e+02,1.5312500000e+02 | 3.5749219126e-04  , 1.0141442557e-04
1.6562500000e+02,1.5312500000e+02 | 3.0702881295e-04  , 8.7098828814e-05
1.7187500000e+02,1.5312500000e+02 | 2.5584276422e-04  , 7.2578215324e-05
1.7812500000e+02,1.5312500000e+02 | 2.0405454280e-04  , 5.7886727436e-05
1.8437500000e+02,1.5312500000e+02 | 1.5178623338e-04  , 4.3058037339e-05
1.9062500000e+02,1.5312500000e+02 | 9.9164480943e-05  , 2.8109391067e-05
1.9687500000e+02,1.5312500000e+02 | 4.6383625085e-05  , 1.2732969337e-05
3.1250000000e+00,1.5937500000e+02 | 1.0916416667e-03  , 3.0968008915e-04
9.3750000000e+00,1.5937500000e+02 | 1.0890722337e-03  , 3.0895118154e-04
1.5625000000e+01,1.5937500000e+02 | 1.0839394280e-03  , 3.0749509438e-04
2.1875000000e+01,1.5937500000e+02 | 1.0762553169e-03  , 3.0531524687e-04
2.8125000000e+01,1.5937500000e+02 | 1.0660379681e-03  , 3.0241675698e-04
3.4375000000e+01,1.5937500000e+02 | 1.0533114426e-03  , 2.9880645474e-04
4.0625000000e+01,1.5937500000e+02 | 1.0381057192e-03  , 2.9449285086e-04
4.6875000000e+01,1.5937500000e+02 | 1.0204565923e-03  , 2.8948609837e-04
5.3125000000e+01,1.5937500000e+02 | 1.0004055872e-03  , 2.8379797256e-04
5.9375000000e+01,1.5937500000e+02 | 9.7799988379e-04  , 2.7744185937e-04
6.5625000000e+01,1.5937500000e+02 | 9.5329220235e-04  , 2.7043271596e-04
7.1875000000e+01,1.5937500000e+02 | 9.2634068069e-04  , 2.6278702702e-04
7.8125000000e+01,1.5937500000e+02 | 8.9720877337e-04  , 2.5452279877e-04
8.4375000000e+01,1.5937500000e+02 | 8.6596507441e-04  , 2.4565949482e-04
9.0625000000e+01,1.5937500000e+02 | 8.3268312897e-04  , 2.3621797002e-04
9.6875000000e+01,1.5937500000e+02 | 7.9744129571e-04  , 2.2622046622e-04
1.0312500000e+02,1.5937500000e+02 | 7.6032251152e-04  , 2.1569050807e-04
1.0937500000e+02,1.5937500000e+02 | 7.2141411507e-04  , 2.0465285447e-04
1.1562500000e+02,1.5937500000e+02 | 6.8080771638e-04  , 1.9313351273e-04
1.2187500000e+02,1.5937500000e+02 | 6.3859889598e-04  , 1.8115959439e-04
1.2812500000e+02,1.5937500000e+02 | 5.9488699065e-04  , 1.6875927059e-04
1.3437500000e+02,1.5937500000e+02 | 5.4977489778e-04  , 1.5596174562e-04
1.4062500000e+02,1.5937500000e+02 | 5.0336877515e-04  , 1.4279712278e-04
1.4687500000e+02,1.5937500000e+02 | 4.5577784361e-04  , 1.2929638600e-04
1.5312500000e+02,1.5937500000e+02 | 4.0711413401e-04  , 1.1549132321e-04
1.5937500000e+02,1.5937500000e+02 | 3.5749219126e-04  , 1.0141442557e-04
1.6562500000e+02,1.5937500000e+02 | 3.0702881295e-04  , 8.7098828814e-05
1.7187500000e+02,1.5937500000e+02 | 2.5584276422e-04  , 7.2578215324e-05
1.7812500000e+02,1.5937500000e+02 | 2.0405454280e-04  , 5.7886727436e-05
1.8437500000e+02,1.5937500000e+02 | 1.5178623338e-04  , 4.3058037339e-05
1.9062500000e+02,1.5937500000e+02 | 9.9164480943e-05  , 2.8109391067e-05
1.9687500000e+02,1.5937500000e+02 | 4.6383625085e-05  , 1.2732969337e-05
3.1250000000e+00,1.6562500000e+02 | 1.0916416667e-03  , 3.0968008915e-04
9.3750000000e+00,1.6562500000e+02 | 1.0890722337e-03  , 3.0895118154e-04
1.5625000000e+01,1.6562500000e+02 | 1.0839394280e-03  , 3.0749509438e-04
2.1875000000e+01,1.6562500000e+02 | 1.0762553169e-03  , 3.0531524687e-04
2.8125000000e+01,1.6562500000e+02 | 1.0660379681e-03  , 3.0241675698e-04
3.4375000000e+01,1.6562500000e+02 | 1.0533114426e-03  , 2.9880645474e-04
4.0625000000e+01,1.6562500000e+02 | 1.0381057192e-03  , 2.9449285086e-04
4.6875000000e+01,1.6562500000e+02 | 1.0204565923e-03  , 2.8948609837e-04
5.3125000000e+01,1.6562500000e+02 | 1.0004055872e-03  , 2.8379797256e-04
5.9375000000e+01,1.6562500000e+02 | 9.7799988379e-04  , 2.7744185937e-04
6.5625000000e+01,1.6562500000e+02 | 9.5329220235e-04  , 2.7043271596e-04
7.1875000000e+01,1.6562500000e+02 | 9.2634068069e-04  , 2.6278702702e-04
7.8125000000e+01,1.6562500000e+02 | 8.9720877337e-04  , 2.5452279877e-04
8.4375000000e+01,1.6562500000e+02 | 8.6596507441e-04  , 2.4565949482e-04
9.0625000000e+01,1.6562500000e+02 | 8.3268312897e-04  , 2.3621797002e-04
9.6875000000e+01,1.6562500000e+02 | 7.9744129571e-04  , 2.2622046622e-04
1.0312500000e+02,1.6562500000e+02 | 7.6032251152e-04  , 2.1569050807e-04
1.0937500000e+02,1.6562500000e+02 | 7.2141411507e-04  , 2.0465285447e-04
1.1562500000e+02,1.6562500000e+02 | 6.8080771638e-04  , 1.9313351273e-04
1.2187500000e+02,1.6562500000e+02 | 6.3859889598e-04  , 1.8115959439e-04
1.2812500000e+02,1.6562500000e+02 | 5.9488699065e-04  , 1.6875927059e-04
1.3437500000e+02,1.6562500000e+02 | 5.4977489778e-04  , 1.5596174562e-04
1.4062500000e+02,1.6562500000e+02 | 5.0336877515e-04  , 1.4279712278e-04
1.4687500000e+02,1.6562500000e+02 | 4.5577784361e-04  , 1.2929638600e-04
1.5312500000e+02,1.6562500000e+02 | 4.0711413401e-04  , 1.1549132321e-04
1.5937500000e+02,1.6562500000e+02 | 3.5749219126e-04  , 1.0141442557e-04
1.6562500000e+02,1.6562500000e+02 | 3.0702881295e-04  , 8.7098828814e-05
1.7187500000e+02,1.6562500000e+02 | 2.5584276422e-04  , 7.2578215324e-05
1.7812500000e+02,1.6562500000e+02 | 2.0405454280e-04  , 5.7886727436e-05
1.8437500000e+02,1.6562500000e+02 | 1.5178623338e-04  , 4.3058037339e-05
1.9062500000e+02,1.6562500000e+02 | 9.9164480943e-05  , 2.8109391067e-05
1.9687500000e+02,1.6562500000e+02 | 4.6383625085e-05  , 1.2732969337e-05
3.1250000000e+00,1.7187500000e+02 | 1.0916416667e-03  , 3.0968008915e-04
9.3750000000e+00,1.7187500000e+02 | 1.0890722337e-03  , 3.0895118154e-04
1.5625000000e+01,1.7187500000e+02 | 1.0839394280e-03  , 3.0749509438e-04
2.1875000000e+01,1.7187500000e+02 | 1.0762553169e-03  , 3.0531524687e-04
2.8125000000e+01,1.7187500000e+02 | 1.0660379681e-03  , 3.0241675698e-04
3.4375000000e+01,1.7187500000e+02 | 1.0533114426e-03  , 2.9880645474e-04
4.0625000000e+01,1.7187500000e+02 | 1.0381057192e-03  , 2.9449285086e-04
4.6875000000e+01,1.7187500000e+02 | 1.0204565923e-03  , 2.8948609837e-04
5.3125000000e+01,1.7187500000e+02 | 1.0004055872e-03  , 2.8379797256e-04
5.9375000000e+01,1.7187500000e+02 | 9.7799988379e-04  , 2.7744185937e-04
6.5625000000e+01,1.7187500000e+02 | 9.5329220235e-04  , 2.7043271596e-04
7.1875000000e+01,1.7187500000e+02 | 9.2634068069e-04  , 2.6278702702e-04
7.8125000000e+01,1.7187500000e+02 | 8.9720877337e-04  , 2.5452279877e-04
8.4375000000e+01,1.7187500000e+02 | 8.6596507441e-04  , 2.4565949482e-04
9.0625000000e+01,1.7187500000e+02 | 8.3268312897e-04  , 2.3621797002e-04
9.6875000000e+01,1.7187500000e+02 | 7.9744129571e-04  , 2.2622046622e-04
1.0312500000e+02,1.7187500000e+02 | 7.6032251152e-04  , 2.1569050807e-04
1.0937500000e+02,1.7187500000e+02 | 7.2141411507e-04  , 2.0465285447e-04
1.1562500000e+02,1.7187500000e+02 | 6.8080771638e-04  , 1.9313351273e-04
1.2187500000e+02,1.7187500000e+02 | 6.3859889598e-04  , 1.8115959439e-04
1.2812500000e+02,1.7187500000e+02 | 5.9488699065e-04  , 1.6875927059e-04
1.3437500000e+02,1.7187500000e+02 | 5.4977489778e-04  , 1.5596174562e-04
1.4062500000e+02,1.7187500000e+02 | 5.0336877515e-04  , 1.4279712278e-04
1.4687500000e+02,1.7187500000e+02 | 4.5577784361e-04  , 1.2929638600e-04
1.5312500000e+02,1.7187500000e+02 | 4.0711413401e-04  , 1.1549132321e-04
1.5937500000e+02,1.7187500000e+02 | 3.5749219126e-04  , 1.0141442557e-04
1.6562500000e+02,1.7187500000e+02 | 3.0702881295e-04  , 8.7098828814e-05
1.7187500000e+02,1.7187500000e+02 | 2.5584276422e-04  , 7.2578215324e-05
1.7812500000e+02,1.7187500000e+02 | 2.0405454280e-04  , 5.7886727436e-05
1.8437500000e+02,1.7187500000e+02 | 1.5178623338e-04  , 4.3058037339e-05
1.9062500000e+02,1.7187500000e+02 | 9.9164480943e-05  , 2.8109391067e-05
1.9687500000e+02,1.7187500000e+02 | 4.6383625085e-05  , 1.2732969337e-05
3.1250000000e+00,1.7812500000e+02 | 1.0916416667e-03  , 3.0968008915e-04
9.3750000000e+00,1.7812500000e+02 | 1.0890722337e-03  , 3.0895118154e-04
1.5625000000e+01,1.7812500000e+02 | 1.0839394280e-03  , 3.0749509438e-04
2.1875000000e+01,1.7812500000e+02 | 1.0762553169e-03  , 3.0531524687e-04
2.8125000000e+01,1.7812500000e+02 | 1.0660379681e-03  , 3.0241675698e-04
3.4375000000e+01,1.7812500000e+02 | 1.0533114426e-03  , 2.9880645474e-04
4.0625000000e+01,1.7812500000e+02 | 1.0381057192e-03  , 2.9449285086e-04
4.6875000000e+01,1.7812500000e+02 | 1.0204565923e-03  , 2.8948609837e-04
5.3125000000e+01,1.7812500000e+02 | 1.0004055872e-03  , 2.8379797256e-04
5.9375000000e+01,1.7812500000e+02 | 9.7799988379e-04  , 2.7744185937e-04
6.5625000000e+01,1.7812500000e+02 | 9.5329220235e-04  , 2.7043271596e-04
7.1875000000e+01,1.7812500000e+02 | 9.2634068069e-04  , 2.6278702702e-04
7.8125000000e+01,1.7812500000e+02 | 8.9720877337e-04  , 2.5452279877e-04
8.4375000000e+01,1.7812500000e+02 | 8.6596507441e-04  , 2.4565949482e-04
9.0625000000e+01,1.7812500000e+02 | 8.3268312897e-04  , 2.3621797002e-04
9.6875000000e+01,1.7812500000e+02 | 7.9744129571e-04  , 2.2622046622e-04
1.0312500000e+02,1.7812500000e+02 | 7.6032251152e-04  , 2.1569050807e-04
1.0937500000e+02,1.7812500000e+02 | 7.2141411507e-04  , 2.0465285447e-04
1.1562500000e+02,1.7812500000e+02 | 6.8080771638e-04  , 1.9313351273e-04
1.2187500000e+02,1.7812500000e+02 | 6.3859889598e-04  , 1.8115959439e-04
1.2812500000e+02,1.7812500000e+02 | 5.9488699065e-04  , 1.6875927059e-04
1.3437500000e+02,1.7812500000e+02 | 5.4977489778e-04  , 1.5596174562e-04
1.4062500000e+02,1.7812500000e+02 | 5.0336877515e-04  , 1.4279712278e-04
1.4687500000e+02,1.7812500000e+02 | 4.5577784361e-04  , 1.2929638600e-04
1.5312500000e+02,1.7812500000e+02 | 4.0711413401e-04  , 1.1549132321e-04
1.5937500000e+02,1.7812500000e+02 | 3.5749219126e-04  , 1.0141442557e-04
1.6562500000e+02,1.7812500000e+02 | 3.0702881295e-04  , 8.7098828814e-05
1.7187500000e+02,1.7812500000e+02 | 2.5584276422e-04  , 7.2578215324e-05
1.7812500000e+02,1.7812500000e+02 | 2.0405454280e-04  , 5.7886727436e-05
1.8437500000e+02,1.7812500000e+02 | 1.5178623338e-04  , 4.3058037339e-05
1.9062500000e+02,1.7812500000e+02 | 9.9164480943e-05  , 2.8109391067e-05
1.9687500000e+02,1.7812500000e+02 | 4.6383625085e-05  , 1.2732969337e-05
3.1250000000e+00,1.8437500000e+02 | 1.0916416667e-03  , 3.0968008915e-04
9.3750000000e+00,1.8437500000e+02 | 1.0890722337e-03  , 3.0895118154e-04
1.5625000000e+01,1.8437500000e+02 | 1.0839394280e-03  , 3.0749509438e-04
2.1875000000e+01,1.8437500000e+02 | 1.0762553169e-03  , 3.0531524687e-04
2.8125000000e+01,1.8437500000e+02 | 1.0660379681e-03  , 3.0241675698e-04
3.4375000000e+01,1.8437500000e+02 | 1.0533114426e-03  , 2.9880645474e-04
4.0625000000e+01,1.8437500000e+02 | 1.0381057192e-03  , 2.9449285086e-04
4.6875000000e+01,1.8437500000e+02 | 1.0204565923e-03  , 2.8948609837e-04
5.3125000000e+01,1.8437500000e+02 | 1.0004055872e-03  , 2.8379797256e-04
5.9375000000e+01,1.8437500000e+02 | 9.7799988379e-04  , 2.7744185937e-04
6.5625000000e+01,1.8437500000e+02 | 9.5329220235e-04  , 2.7043271596e-04
7.1875000000e+01,1.8437500000e+02 | 9.2634068069e-04  , 2.6278702702e-04
7.8125000000e+01,1.8437500000e+02 | 8.9720877337e-04  , 2.5452279877e-04
8.4375000000e+01,1.8437500000e+02 | 8.6596507441e-04  , 2.4565949482e-04
9.0625000000e+01,1.8437500000e+02 | 8.3268312897e-04  , 2.3621797002e-04
9.6875000000e+01,1.8437500000e+02 | 7.9744129571e-04  , 2.2622046622e-04
1.0312500000e+02,1.8437500000e+02 | 7.6032251152e-04  , 2.1569050807e-04
1.0937500000e+02,1.8437500000e+02 | 7.2141411507e-04  , 2.0465285447e-04
1.1562500000e+02,1.8437500000e+02 | 6.8080771638e-04  , 1.9313351273e-04
1.2187500000e+02,1.8437500000e+02 | 6.3859889598e-04  , 1.8115959439e-04
1.2812500000e+02,1.8437500000e+02 | 5.9488699065e-04  , 1.6875927059e-04
1.3437500000e+02,1.8437500000e+02 | 5.4977489778e-04  , 1.5596174562e-04
1.4062500000e+02,1.8437500000e+02 | 5.0336877515e-04  , 1.4279712278e-04
1.4687500000e+02,1.8437500000e+02 | 4.5577784361e-04  , 1.2929638600e-04
1.5312500000e+02,1.8437500000e+02 | 4.0711413401e-04  , 1.1549132321e-04
1.5937500000e+02,1.8437500000e+02 | 3.5749219126e-04  , 1.0141442557e-04
1.6562500000e+02,1.8437500000e+02 | 3.0702881295e-04  , 8.7098828814e-05
1.7187500000e+02,1.8437500000e+02 | 2.5584276422e-04  , 7.2578215324e-05
1.7812500000e+02,1.8437500000e+02 | 2.0405454280e-04  , 5.7886727436e-05
1.8437500000e+02,1.8437500000e+02 | 1.5178623338e-04  , 4.3058037339e-05
1.9062500000e+02,1.8437500000e+02 | 9.9164480943e-05  , 2.8109391067e-05
1.9687500000e+02,1.8437500000e+02 | 4.6383625085e-05  , 1.2732969337e-05
3.1250000000e+00,1.9062500000e+02 | 1.0916416667e-03  , 3.0968008915e-04
9.3750000000e+00,1.9062500000e+02 | 1.0890722337e-03  , 3.0895118154e-04
1.5625000000e+01,1.9062500000e+02 | 1.0839394280e-03  , 3.0749509438e-04
2.1875000000e+01,1.9062500000e+02 | 1.0762553169e-03  , 3.0531524687e-04
2.8125000000e+01,1.9062500000e+02 | 1.0660379681e-03  , 3.0241675698e-04
3.4375000000e+01,1.9062500000e+02 | 1.0533114426e-03  , 2.9880645474e-04
4.0625000000e+01,1.9062500000e+02 | 1.0381057192e-03  , 2.9449285086e-04
4.6875000000e+01,1.9062500000e+02 | 1.0204565923e-03  , 2.8948609837e-04
5.3125000000e+01,1.9062500000e+02 | 1.0004055872e-03  , 2.8379797256e-04
5.9375000000e+01,1.9062500000e+02 | 9.7799988379e-04  , 2.7744185937e-04
6.5625000000e+01,1.9062500000e+02 | 9.5329220235e-04  , 2.7043271596e-04
7.1875000000e+01,1.9062500000e+02 | 9.2634068069e-04  , 2.6278702702e-04
7.8125000000e+01,1.9062500000e+02 | 8.9720877337e-04  , 2.5452279877e-04
8.4375000000e+01,1.9062500000e+02 | 8.6596507441e-04  , 2.4565949482e-04
9.0625000000e+01,1.9062500000e+02 | 8.3268312897e-04  , 2.3621797002e-04
9.6875000000e+01,1.9062500000e+02 | 7.9744129571e-04  , 2.2622046622e-04
1.0312500000e+02,1.9062500000e+02 | 7.6032251152e-04  , 2.1569050807e-04
1.0937500000e+02,1.9062500000e+02 | 7.2141411507e-04  , 2.0465285447e-04
1.1562500000e+02,1.9062500000e+02 | 6.8080771638e-04  , 1.9313351273e-04
1.2187500000e+02,1.9062500000e+02 | 6.3859889598e-04  , 1.8115959439e-04
1.2812500000e+02,1.9062500000e+02 | 5.9488699065e-04  , 1.6875927059e-04
1.3437500000e+02,1.9062500000e+02 | 5.4977489778e-04  , 1.5596174562e-04
1.4062500000e+02,1.9062500000e+02 | 5.0336877515e-04  , 1.4279712278e-04
1.4687500000e+02,1.9062500000e+02 | 4.5577784361e-04  , 1.2929638600e-04
1.5312500000e+02,1.9062500000e+02 | 4.0711413401e-04  , 1.1549132321e-04
1.5937500000e+02,1.9062500000e+02 | 3.5749219126e-04  , 1.0141442557e-04
1.6562500000e+02,1.9062500000e+02 | 3.0702881295e-04  , 8.7098828814e-05
1.7187500000e+02,1.9062500000e+02 | 2.5584276422e-04  , 7.2578215324e-05
1.7812500000e+02,1.9062500000e+02 | 2.0405454280e-04  , 5.7886727436e-05
1.8437500000e+02,1.9062500000e+02 | 1.5178623338e-04  , 4.3058037339e-05
1.9062500000e+02,1.9062500000e+02 | 9.9164480943e-05  , 2.8109391067e-05
1.9687500000e+02,1.9062500000e+02 | 4.6383625085e-05  , 1.2732969337e-05
3.1250000000e+00,1.9687500000e+02 | 1.0916416667e-03  , 3.0968008915e-04
9.3750000000e+00,1.9687500000e+02 | 1.0890722337e-03  , 3.0895118154e-04
1.5625000000e+01,1.9687500000e+02 | 1.0839394280e-03  , 3.0749509438e-04
2.1875000000e+01,1.9687500000e+02 | 1.0762553169e-03  , 3.0531524687e-04
2.8125000000e+01,1.9687500000e+02 | 1.0660379681e-03  , 3.0241675698e-04
3.4375000000e+01,1.9687500000e+02 | 1.0533114426e-03  , 2.9880645474e-04
4.0625000000e+01,1.9687500000e+02 | 1.0381057192e-03  , 2.9449285086e-04
4.6875000000e+01,1.9687500000e+02 | 1.0204565923e-03  , 2.8948609837e-04
5.3125000000e+01,1.9687500000e+02 | 1.0004055872e-03  , 2.8379797256e-04
5.9375000000e+01,1.9687500000e+02 | 9.7799988379e-04  , 2.7744185937e-04
6.5625000000e+01,1.9687500000e+02 | 9.5329220235e-04  , 2.7043271596e-04
7.1875000000e+01,1.9687500000e+02 | 9.2634068069e-04  , 2.6278702702e-04
7.8125000000e+01,1.9687500000e+02 | 8.9720877337e-04  , 2.5452279877e-04
8.4375000000e+01,1.9687500000e+02 | 8.6596507441e-04  , 2.4565949482e-04
9.0625000000e+01,1.9687500000e+02 | 8.3268312897e-04  , 2.3621797002e-04
9.6875000000e+01,1.9687500000e+02 | 7.9744129571e-04  , 2.2622046622e-04
1.0312500000e+02,1.9687500000e+02 | 7.6032251152e-04  , 2.1569050807e-04
1.0937500000e+02,1.9687500000e+02 | 7.2141411507e-04  , 2.0465285447e-04
1.1562500000e+02,1.9687500000e+02 | 6.8080771638e-04  , 1.9313351273e-04
1.2187500000e+02,1.9687500000e+02 | 6.3859889598e-04  , 1.8115959439e-04
1.2812500000e+02,1.9687500000e+02 | 5.9488699065e-04  , 1.6875927059e-04
1.3437500000e+02,1.9687500000e+02 | 5.4977489778e-04  , 1.5596174562e-04
1.4062500000e+02,1.9687500000e+02 | 5.0336877515e-04  , 1.4279712278e-04
1.4687500000e+02,1.9687500000e+02 | 4.5577784361e-04  , 1.2929638600e-04
1.5312500000e+02,1.9687500000e+02 | 4.0711413401e-04  , 1.1549132321e-04
1.5937500000e+02,1.9687500000e+02 | 3.5749219126e-04  , 1.0141442557e-04
1.6562500000e+02,1.9687500000e+02 | 3.0702881295e-04  , 8.7098828814e-05
1.7187500000e+02,1.9687500000e+02 | 2.5584276422e-04  , 7.2578215324e-05
1.7812500000e+02,1.9687500000e+02 | 2.0405454280e-04  , 5.7886727436e-05
1.8437500000e+02,1.9687500000e+02 | 1.5178623338e-04  , 4.3058037339e-05
1.9062500000e+02,1.9687500000e+02 | 9.9164480943e-05  , 2.8109391067e-05
1.9687500000e+02,1.9687500000e+02 | 4.6383625085e-05  , 1.2732969337e-05
