5.0000000000e-01   1.1545563783e-07
1.5000000000e+00   1.5771119219e-07
2.5000000000e+00   2.0133883392e-07
3.5000000000e+00   2.4671812351e-07
4.5000000000e+00   2.9424386077e-07
5.5000000000e+00   3.4432951962e-07
6.5000000000e+00   3.9741084529e-07
7.5000000000e+00   4.5394964532e-07
8.5000000000e+00   5.1443780726e-07
9.5000000000e+00   5.7940157812e-07
1.0500000000e+01   6.4940614271e-07
1.1500000000e+01   7.2506054075e-07
1.2500000000e+01   8.0702296549e-07
1.3500000000e+01   8.9600649002e-07
1.4500000000e+01   9.9278527103e-07
1.5500000000e+01   1.0982012839e-06
1.6500000000e+01   1.2131716479e-06
1.7500000000e+01   1.3386966053e-06
1.8500000000e+01   1.4758682231e-06
1.9500000000e+01   1.6258798945e-06
2.0500000000e+01   1.7900367209e-06
2.1500000000e+01   1.9697668669e-06
2.2500000000e+01   2.1666339845e-06
2.3500000000e+01   2.3823508179e-06
2.4500000000e+01   2.6187941033e-06
2.5500000000e+01   2.9500104057e-06
2.6500000000e+01   3.5326781701e-06
2.7500000000e+01   4.2639632414e-06
2.8500000000e+01   5.1746311834e-06
2.9500000000e+01   6.3029947477e-06
3.0500000000e+01   7.6965258540e-06
3.1500000000e+01   9.4138529515e-06
3.2500000000e+01   1.1527227805e-05
3.3500000000e+01   1.4125565499e-05
3.4500000000e+01   1.7318185581e-05
3.5500000000e+01   2.1239411754e-05
3.6500000000e+01   2.6054223672e-05
3.7500000000e+01   3.1965198650e-05
3.8500000000e+01   3.9221035387e-05
3.9500000000e+01   4.8127018365e-05
4.0500000000e+01   5.9057863251e-05
4.1500000000e+01   7.2473483821e-05
4.2500000000e+01   8.8938343870e-05
4.3500000000e+01   1.0914520840e-04
4.4500000000e+01   1.3394429356e-04
4.5500000000e+01   1.6437904186e-04
4.6500000000e+01   2.0173002823e-04
4.7500000000e+01   2.4756884427e-04
4.8500000000e+01   3.0382422833e-04
4.9500000000e+01   3.7286322406e-04
5.0500000000e+01   4.5759078259e-04
5.1500000000e+01   5.6157199975e-04
5.2500000000e+01   6.8918213198e-04
5.3500000000e+01   8.4579070382e-04
5.4500000000e+01   1.0379874542e-03
5.5500000000e+01   1.2738596298e-03
5.6500000000e+01   1.5633322937e-03
5.7500000000e+01   1.9185859712e-03
5.8500000000e+01   2.3545692054e-03
5.9500000000e+01   2.8896275947e-03
6.0500000000e+01   3.5462757803e-03
6.1500000000e+01   4.3521448717e-03
6.2500000000e+01   5.3411451789e-03
6.3500000000e+01   6.5548931815e-03
6.4500000000e+01   8.0444627830e-03
6.5500000000e+01   9.8725345490e-03
6.6500000000e+01   1.2116033371e-02
6.7500000000e+01   1.4869365555e-02
6.8500000000e+01   1.8248391562e-02
6.9500000000e+01   2.2395301581e-02
7.0500000000e+01   2.7484599100e-02
7.1500000000e+01   3.3730444306e-02
7.2500000000e+01   4.1395666312e-02
7.3500000000e+01   5.0802823489e-02
7.4500000000e+01   6.2347777349e-02
7.5500000000e+01   7.5494792594e-02
7.6500000000e+01   8.7564282352e-02
7.7500000000e+01   9.9409498772e-02
7.8500000000e+01   1.1100011644e-01
7.9500000000e+01   1.2230646645e-01
8.0500000000e+01   1.3329961273e-01
8.1500000000e+01   1.4395142648e-01
8.2500000000e+01   1.5423465837e-01
8.3500000000e+01   1.6412300851e-01
8.4500000000e+01   1.7359119392e-01
8.5500000000e+01   1.8261501320e-01
8.6500000000e+01   1.9117140850e-01
8.7500000000e+01   1.9923852441e-01
8.8500000000e+01   2.0679576367e-01
8.9500000000e+01   2.1382383965e-01
9.0500000000e+01   2.2030482536e-01
9.1500000000e+01   2.2622219891e-01
9.2500000000e+01   2.3156088532e-01
9.3500000000e+01   2.3630729455e-01
9.4500000000e+01   2.4044935567e-01
9.5500000000e+01   2.4397654712e-01
9.6500000000e+01   2.4687992291e-01
9.7500000000e+01   2.4915213480e-01
9.8500000000e+01   2.5078745032e-01
9.9500000000e+01   2.5178176667e-01
1.0050000000e+02   2.5213262037e-01
1.0150000000e+02   2.5183919279e-01
1.0250000000e+02   2.5090231143e-01
1.0350000000e+02   2.4932444696e-01
1.0450000000e+02   2.4710970618e-01
1.0550000000e+02   2.4426382067e-01
1.0650000000e+02   2.4079413148e-01
1.0750000000e+02   2.3670956958e-01
1.0850000000e+02   2.3202063246e-01
1.0950000000e+02   2.2673935661e-01
1.1050000000e+02   2.2087928625e-01
1.1150000000e+02   2.1445543820e-01
1.1250000000e+02   2.0748426308e-01
1.1350000000e+02   1.9998360293e-01
1.1450000000e+02   1.9197264531e-01
1.1550000000e+02   1.8347187407e-01
1.1650000000e+02   1.7450301688e-01
1.1750000000e+02   1.6508898966e-01
1.1850000000e+02   1.5525383807e-01
1.1950000000e+02   1.4502267616e-01
1.2050000000e+02   1.3442162243e-01
1.2150000000e+02   1.2347773330e-01
1.2250000000e+02   1.1221893438e-01
1.2350000000e+02   1.0067394950e-01
1.2450000000e+02   8.8872227803e-02
1.2550000000e+02   7.9367530156e-02
1.2650000000e+02   7.2201667225e-02
1.2750000000e+02   6.5663958799e-02
1.2850000000e+02   5.9697526815e-02
1.2950000000e+02   5.4250463314e-02
1.3050000000e+02   4.9275378844e-02
1.3150000000e+02   4.4728990170e-02
1.3250000000e+02   4.0571743710e-02
1.3350000000e+02   3.6767471420e-02
1.3450000000e+02   3.3283076132e-02
1.3550000000e+02   3.0088243607e-02
1.3650000000e+02   2.7155178800e-02
1.3750000000e+02   2.4458364049e-02
1.3850000000e+02   2.1974337066e-02
1.3950000000e+02   1.9681486815e-02
1.4050000000e+02   1.7559865499e-02
1.4150000000e+02   1.5591015013e-02
1.4250000000e+02   1.3757806358e-02
1.4350000000e+02   1.2044290618e-02
1.4450000000e+02   1.0435560206e-02
1.4550000000e+02   8.9176191680e-03
1.4650000000e+02   7.4772614168e-03
1.4750000000e+02   6.1019558400e-03
1.4850000000e+02   4.7797372790e-03
1.4950000000e+02   3.4991024324e-03
