Runs,SC Level,Mean
37,0,1.149399771424996e+02,-9.094947017729282e-12 

Runs,SC Level,Mean
157,1,1.242494001850142e+02,1.939413346315767e+03 

Runs,SC Level,Mean
165,2,1.258467758178894e+02,2.470371369397375e+03 

Runs,SC Level,Mean
481,3,1.257072941397530e+02,2.520739715981848e+03 

Runs,SC Level,Mean
517,4,1.257411649206257e+02,2.542779472533262e+03 

Runs,SC Level,Mean
973,5,1.258864709462206e+02,2.577111818322757e+03 

Runs,SC Level,Mean
981,6,1.258872403942019e+02,2.577818312678592e+03 

Runs,SC Level,Mean
1297,7,1.259954640319331e+02,2.631187944062976e+03 

Runs,SC Level,Mean
1781,8,1.259909842333112e+02,2.626093824019517e+03 

Runs,SC Level,Mean
1901,9,1.260333492476535e+02,2.655499277319135e+03 
