
Starting UQ at 2014-01-23 11:19:02.304588

Loading uncertain variables...
set var Problem/x type,mean,stdev: normal 0.0 1.0
okRange: (-1e+30, 1e+30)

Attempting to clear old inputs...

Running samples in parallel...
Variables: ['x']
  ...using 4 processors...
Starting run 0
Starting run 1
Starting run 2
Starting run 3
   soln 0: -8.0254917268
Starting run 4
   soln 2: -3.15369595736
Starting run 5
   soln 3: -1.04651132758
Starting run 6
   soln 4: 1.0
Starting run 7
   soln 1: -5.41085800572
Starting run 8
   soln 6: 5.15369595736
   soln 5: 3.04651132758
   soln 8: 10.0254917268
   soln 7: 7.41085800572
