
Runs,SC Level,Mean
26,0,3.019738342231849e-02,5.421010862427522e-19 

Runs,SC Level,Mean
131,1,3.653231484997504e-02,3.585178928342213e-04 

Runs,SC Level,Mean
136,2,3.656753823801887e-02,3.733619305931904e-04 

Runs,SC Level,Mean
491,3,3.709920082015571e-02,6.020745680568999e-04 

Runs,SC Level,Mean
506,4,3.709920090553491e-02,6.020752326537477e-04 

Runs,SC Level,Mean
1031,5,3.710511235149216e-02,6.135753316408011e-04 

Runs,SC Level,Mean
1036,6,3.710511235149182e-02,6.135753316444056e-04 

Runs,SC Level,Mean
1581,7,3.712742871307965e-02,6.578955490926068e-04 

Runs,SC Level,Mean
2186,8,3.712744514744505e-02,6.580274235137289e-04 

Runs,SC Level,Mean
2291,9,3.712744516177383e-02,6.580278823011907e-04 
