
Runs,SC Level,Mean
16,0,3.019738342231849e-02,-5.421010862427522e-19 

Runs,SC Level,Mean
61,1,3.653231484997511e-02,3.585178928342254e-04 

Runs,SC Level,Mean
66,2,3.656753823801887e-02,3.733619305931934e-04 

Runs,SC Level,Mean
181,3,3.709920082015553e-02,6.020745680569031e-04 

Runs,SC Level,Mean
196,4,3.709920090553501e-02,6.020752326537438e-04 

Runs,SC Level,Mean
361,5,3.710511235149157e-02,6.135753316408145e-04 

Runs,SC Level,Mean
366,6,3.710511235149140e-02,6.135753316443980e-04 

Runs,SC Level,Mean
481,7,3.710512500280244e-02,6.136762101923454e-04 

Runs,SC Level,Mean
656,8,3.710514143716794e-02,6.138080853465623e-04 

Runs,SC Level,Mean
701,9,3.710514145149679e-02,6.138085441346464e-04 
