
Runs,SC Level,Mean
16,0,3.019738342231849e-02,-5.421010862427522e-19 

Runs,SC Level,Mean
61,1,3.653231484997511e-02,3.585178928342254e-04 

Runs,SC Level,Mean
146,2,3.709912543723917e-02,6.019316078458565e-04 

Runs,SC Level,Mean
311,3,3.710511226605204e-02,6.135746651727799e-04 

Runs,SC Level,Mean
556,4,3.710514143710789e-02,6.138080834707570e-04 

Runs,SC Level,Mean
921,5,3.710514152184011e-02,6.138108090581250e-04 

#Runs,SC Level,Mean
#1406,6,3.710514152200546e-02,6.138108302689137e-04 

#Runs,SC Level,Mean
#2051,7,3.710514152200581e-02,6.138108303874589e-04 

#Runs,SC Level,Mean
#2856,8,3.710514152200532e-02,6.138108303879804e-04 

#Runs,SC Level,Mean
#3861,9,3.710514152200605e-02,6.138108303879483e-04 
