DIM,6,6
k,1+2.3402799608e-05
1.6666666667e+01,1.6666666667e+01 | 1.0796025989e-03  , 3.0626506845e-04
5.0000000000e+01,1.6666666667e+01 | 1.0077507124e-03  , 2.8588189880e-04
8.3333333333e+01,1.6666666667e+01 | 8.6882897093e-04  , 2.4647214125e-04
1.1666666667e+02,1.6666666667e+01 | 6.7208317395e-04  , 1.9065867329e-04
1.5000000000e+02,1.6666666667e+01 | 4.3060755147e-04  , 1.2215606892e-04
1.8333333333e+02,1.6666666667e+01 | 1.6047700360e-04  , 4.5505302976e-05
1.6666666667e+01,5.0000000000e+01 | 1.0796025989e-03  , 3.0626506845e-04
5.0000000000e+01,5.0000000000e+01 | 1.0077507124e-03  , 2.8588189880e-04
8.3333333333e+01,5.0000000000e+01 | 8.6882897093e-04  , 2.4647214125e-04
1.1666666667e+02,5.0000000000e+01 | 6.7208317395e-04  , 1.9065867329e-04
1.5000000000e+02,5.0000000000e+01 | 4.3060755147e-04  , 1.2215606892e-04
1.8333333333e+02,5.0000000000e+01 | 1.6047700360e-04  , 4.5505302976e-05
1.6666666667e+01,8.3333333333e+01 | 1.0796025989e-03  , 3.0626506845e-04
5.0000000000e+01,8.3333333333e+01 | 1.0077507124e-03  , 2.8588189880e-04
8.3333333333e+01,8.3333333333e+01 | 8.6882897093e-04  , 2.4647214125e-04
1.1666666667e+02,8.3333333333e+01 | 6.7208317395e-04  , 1.9065867329e-04
1.5000000000e+02,8.3333333333e+01 | 4.3060755147e-04  , 1.2215606892e-04
1.8333333333e+02,8.3333333333e+01 | 1.6047700360e-04  , 4.5505302976e-05
1.6666666667e+01,1.1666666667e+02 | 1.0796025989e-03  , 3.0626506845e-04
5.0000000000e+01,1.1666666667e+02 | 1.0077507124e-03  , 2.8588189880e-04
8.3333333333e+01,1.1666666667e+02 | 8.6882897093e-04  , 2.4647214125e-04
1.1666666667e+02,1.1666666667e+02 | 6.7208317395e-04  , 1.9065867329e-04
1.5000000000e+02,1.1666666667e+02 | 4.3060755147e-04  , 1.2215606892e-04
1.8333333333e+02,1.1666666667e+02 | 1.6047700360e-04  , 4.5505302976e-05
1.6666666667e+01,1.5000000000e+02 | 1.0796025989e-03  , 3.0626506845e-04
5.0000000000e+01,1.5000000000e+02 | 1.0077507124e-03  , 2.8588189880e-04
8.3333333333e+01,1.5000000000e+02 | 8.6882897093e-04  , 2.4647214125e-04
1.1666666667e+02,1.5000000000e+02 | 6.7208317395e-04  , 1.9065867329e-04
1.5000000000e+02,1.5000000000e+02 | 4.3060755147e-04  , 1.2215606892e-04
1.8333333333e+02,1.5000000000e+02 | 1.6047700360e-04  , 4.5505302976e-05
1.6666666667e+01,1.8333333333e+02 | 1.0796025989e-03  , 3.0626506845e-04
5.0000000000e+01,1.8333333333e+02 | 1.0077507124e-03  , 2.8588189880e-04
8.3333333333e+01,1.8333333333e+02 | 8.6882897093e-04  , 2.4647214125e-04
1.1666666667e+02,1.8333333333e+02 | 6.7208317395e-04  , 1.9065867329e-04
1.5000000000e+02,1.8333333333e+02 | 4.3060755147e-04  , 1.2215606892e-04
1.8333333333e+02,1.8333333333e+02 | 1.6047700360e-04  , 4.5505302976e-05
