\BOOKMARK [0][-]{dummy.1}{\376\377\000A\000b\000s\000t\000r\000a\000c\000t}{}% 1
\BOOKMARK [0][-]{dummy.2}{\376\377\000C\000o\000n\000t\000e\000n\000t\000s}{}% 2
\BOOKMARK [0][-]{dummy.4}{\376\377\000L\000i\000s\000t\000\040\000o\000f\000\040\000F\000i\000g\000u\000r\000e\000s}{}% 3
\BOOKMARK [0][-]{dummy.6}{\376\377\000L\000i\000s\000t\000\040\000o\000f\000\040\000T\000a\000b\000l\000e\000s}{}% 4
\BOOKMARK [0][-]{chapter.8}{\376\377\0001\000\040\000I\000n\000t\000r\000o\000d\000u\000c\000t\000i\000o\000n}{}% 5
\BOOKMARK [0][-]{chapter.9}{\376\377\0002\000\040\000S\000i\000m\000u\000l\000a\000t\000i\000o\000n\000\040\000P\000h\000y\000s\000i\000c\000s}{}% 6
\BOOKMARK [1][-]{section.10}{\376\377\0002\000.\0001\000\040\000S\000i\000m\000u\000l\000a\000t\000i\000o\000n\000s\000\040\000U\000s\000e\000d}{chapter.9}% 7
\BOOKMARK [1][-]{section.11}{\376\377\0002\000.\0002\000\040\000P\000o\000l\000y\000n\000o\000m\000i\000a\000l\000\040\000E\000v\000a\000l\000u\000a\000t\000i\000o\000n\000s}{chapter.9}% 8
\BOOKMARK [1][-]{section.13}{\376\377\0002\000.\0003\000\040\000A\000t\000t\000e\000n\000u\000a\000t\000i\000o\000n}{chapter.9}% 9
\BOOKMARK [1][-]{section.21}{\376\377\0002\000.\0004\000\040\000N\000e\000u\000t\000r\000o\000n\000\040\000D\000i\000f\000f\000u\000s\000i\000o\000n}{chapter.9}% 10
\BOOKMARK [0][-]{chapter.32}{\376\377\0003\000\040\000U\000n\000c\000e\000r\000t\000a\000i\000n\000t\000y\000\040\000Q\000u\000a\000n\000t\000i\000f\000i\000c\000a\000t\000i\000o\000n\000\040\000T\000e\000c\000h\000n\000i\000q\000u\000e\000s}{}% 11
\BOOKMARK [1][-]{section.33}{\376\377\0003\000.\0001\000\040\000U\000n\000c\000e\000r\000t\000a\000i\000n\000t\000y\000\040\000Q\000u\000a\000n\000t\000i\000f\000i\000c\000a\000t\000i\000o\000n\000\040\000M\000e\000t\000h\000o\000d\000s}{chapter.32}% 12
\BOOKMARK [1][-]{section.34}{\376\377\0003\000.\0002\000\040\000C\000o\000r\000r\000e\000l\000a\000t\000i\000o\000n}{chapter.32}% 13
\BOOKMARK [1][-]{section.35}{\376\377\0003\000.\0003\000\040\000M\000o\000n\000t\000e\000\040\000C\000a\000r\000l\000o}{chapter.32}% 14
\BOOKMARK [1][-]{section.37}{\376\377\0003\000.\0004\000\040\000L\000a\000t\000i\000n\000\040\000H\000y\000p\000e\000r\000c\000u\000b\000e\000\040\000S\000a\000m\000p\000l\000i\000n\000g}{chapter.32}% 15
\BOOKMARK [1][-]{section.38}{\376\377\0003\000.\0005\000\040\000G\000e\000n\000e\000r\000a\000l\000i\000z\000e\000d\000\040\000P\000o\000l\000y\000n\000o\000m\000i\000a\000l\000\040\000C\000h\000a\000o\000s}{chapter.32}% 16
\BOOKMARK [2][-]{subsection.45}{\376\377\0003\000.\0005\000.\0001\000\040\000P\000o\000l\000y\000n\000o\000m\000i\000a\000l\000\040\000I\000n\000d\000e\000x\000\040\000S\000e\000t\000\040\000C\000o\000n\000s\000t\000r\000u\000c\000t\000i\000o\000n}{section.38}% 17
\BOOKMARK [2][-]{subsection.52}{\376\377\0003\000.\0005\000.\0002\000\040\000A\000n\000i\000s\000o\000t\000r\000o\000p\000y}{section.38}% 18
\BOOKMARK [1][-]{section.58}{\376\377\0003\000.\0006\000\040\000S\000t\000o\000c\000h\000a\000s\000t\000i\000c\000\040\000C\000o\000l\000l\000o\000c\000a\000t\000i\000o\000n}{chapter.32}% 19
\BOOKMARK [2][-]{subsection.71}{\376\377\0003\000.\0006\000.\0001\000\040\000S\000m\000o\000l\000y\000a\000k\000\040\000S\000p\000a\000r\000s\000e\000\040\000G\000r\000i\000d\000s}{section.58}% 20
\BOOKMARK [0][-]{chapter.81}{\376\377\0004\000\040\000P\000r\000e\000l\000i\000m\000i\000n\000a\000r\000y\000\040\000R\000e\000s\000u\000l\000t\000s}{}% 21
\BOOKMARK [1][-]{section.82}{\376\377\0004\000.\0001\000\040\000P\000o\000l\000y\000n\000o\000m\000i\000a\000l\000\040\000E\000v\000a\000l\000u\000a\000t\000i\000o\000n\000s}{chapter.81}% 22
\BOOKMARK [1][-]{section.87}{\376\377\0004\000.\0002\000\040\000A\000t\000t\000e\000n\000u\000a\000t\000i\000o\000n}{chapter.81}% 23
\BOOKMARK [1][-]{section.93}{\376\377\0004\000.\0003\000\040\000N\000e\000u\000t\000r\000o\000n\000\040\000D\000i\000f\000f\000u\000s\000i\000o\000n}{chapter.81}% 24
\BOOKMARK [1][-]{section.96}{\376\377\0004\000.\0004\000\040\000C\000o\000n\000c\000l\000u\000s\000i\000o\000n\000s}{chapter.81}% 25
\BOOKMARK [0][-]{chapter.97}{\376\377\0005\000\040\000P\000r\000o\000p\000o\000s\000e\000d\000\040\000W\000o\000r\000k}{}% 26
\BOOKMARK [1][-]{section.98}{\376\377\0005\000.\0001\000\040\000A\000d\000a\000p\000t\000i\000v\000e\000\040\000S\000p\000a\000r\000s\000e\000\040\000G\000r\000i\000d}{chapter.97}% 27
\BOOKMARK [1][-]{section.101}{\376\377\0005\000.\0002\000\040\000A\000d\000a\000p\000t\000i\000v\000e\000\040\000H\000D\000M\000R}{chapter.97}% 28
\BOOKMARK [1][-]{section.106}{\376\377\0005\000.\0003\000\040\000Q\000u\000a\000d\000r\000a\000t\000u\000r\000e}{chapter.97}% 29
\BOOKMARK [1][-]{section.107}{\376\377\0005\000.\0004\000\040\000E\000n\000g\000i\000n\000e\000e\000r\000i\000n\000g\000\040\000A\000p\000p\000l\000i\000c\000a\000t\000i\000o\000n}{chapter.97}% 30
\BOOKMARK [0][-]{dummy.108}{\376\377\000B\000i\000b\000l\000i\000o\000g\000r\000a\000p\000h\000y}{}% 31
