5.0000000000e-01   2.0000000000e-01
1.5000000000e+00   2.0000000000e-01
2.5000000000e+00   2.0000000000e-01
3.5000000000e+00   2.0000000000e-01
4.5000000000e+00   2.0000000000e-01
5.5000000000e+00   2.0000000000e-01
6.5000000000e+00   2.0000000000e-01
7.5000000000e+00   2.0000000000e-01
8.5000000000e+00   2.0000000000e-01
9.5000000000e+00   2.0000000000e-01
1.0500000000e+01   2.0000000000e-01
1.1500000000e+01   2.0000000000e-01
1.2500000000e+01   2.0000000000e-01
1.3500000000e+01   2.0000000000e-01
1.4500000000e+01   2.0000000000e-01
1.5500000000e+01   2.0000000000e-01
1.6500000000e+01   2.0000000000e-01
1.7500000000e+01   2.0000000000e-01
1.8500000000e+01   2.0000000000e-01
1.9500000000e+01   2.0000000000e-01
2.0500000000e+01   2.0000000000e-01
2.1500000000e+01   2.0000000000e-01
2.2500000000e+01   2.0000000000e-01
2.3500000000e+01   2.0000000000e-01
2.4500000000e+01   2.0000000000e-01
2.5500000000e+01   2.0000000000e-01
2.6500000000e+01   2.0000000000e-01
2.7500000000e+01   2.0000000000e-01
2.8500000000e+01   2.0000000000e-01
2.9500000000e+01   2.0000000000e-01
3.0500000000e+01   2.0000000000e-01
3.1500000000e+01   2.0000000000e-01
3.2500000000e+01   2.0000000000e-01
3.3500000000e+01   2.0000000000e-01
3.4500000000e+01   2.0000000000e-01
3.5500000000e+01   2.0000000000e-01
3.6500000000e+01   2.0000000000e-01
3.7500000000e+01   2.0000000000e-01
3.8500000000e+01   2.0000000000e-01
3.9500000000e+01   2.0000000000e-01
4.0500000000e+01   2.0000000000e-01
4.1500000000e+01   2.0000000000e-01
4.2500000000e+01   2.0000000000e-01
4.3500000000e+01   2.0000000000e-01
4.4500000000e+01   2.0000000000e-01
4.5500000000e+01   2.0000000000e-01
4.6500000000e+01   2.0000000000e-01
4.7500000000e+01   2.0000000000e-01
4.8500000000e+01   2.0000000000e-01
4.9500000000e+01   2.0000000000e-01
