DIM,6,6
k,1+2.3402812767e-05
1.6666666667e+01,1.6666666667e+01 | 1.0796026053e-03  , 3.0626507025e-04
5.0000000000e+01,1.6666666667e+01 | 1.0077507152e-03  , 2.8588189959e-04
8.3333333333e+01,1.6666666667e+01 | 8.6882896980e-04  , 2.4647214093e-04
1.1666666667e+02,1.6666666667e+01 | 6.7208317034e-04  , 1.9065867227e-04
1.5000000000e+02,1.6666666667e+01 | 4.3060754807e-04  , 1.2215606795e-04
1.8333333333e+02,1.6666666667e+01 | 1.6047700266e-04  , 4.5505302708e-05
1.6666666667e+01,5.0000000000e+01 | 1.0796026053e-03  , 3.0626507025e-04
5.0000000000e+01,5.0000000000e+01 | 1.0077507152e-03  , 2.8588189959e-04
8.3333333333e+01,5.0000000000e+01 | 8.6882896980e-04  , 2.4647214093e-04
1.1666666667e+02,5.0000000000e+01 | 6.7208317034e-04  , 1.9065867227e-04
1.5000000000e+02,5.0000000000e+01 | 4.3060754807e-04  , 1.2215606795e-04
1.8333333333e+02,5.0000000000e+01 | 1.6047700266e-04  , 4.5505302708e-05
1.6666666667e+01,8.3333333333e+01 | 1.0796026053e-03  , 3.0626507025e-04
5.0000000000e+01,8.3333333333e+01 | 1.0077507152e-03  , 2.8588189959e-04
8.3333333333e+01,8.3333333333e+01 | 8.6882896980e-04  , 2.4647214093e-04
1.1666666667e+02,8.3333333333e+01 | 6.7208317034e-04  , 1.9065867227e-04
1.5000000000e+02,8.3333333333e+01 | 4.3060754807e-04  , 1.2215606795e-04
1.8333333333e+02,8.3333333333e+01 | 1.6047700266e-04  , 4.5505302708e-05
1.6666666667e+01,1.1666666667e+02 | 1.0796026053e-03  , 3.0626507025e-04
5.0000000000e+01,1.1666666667e+02 | 1.0077507152e-03  , 2.8588189959e-04
8.3333333333e+01,1.1666666667e+02 | 8.6882896980e-04  , 2.4647214093e-04
1.1666666667e+02,1.1666666667e+02 | 6.7208317034e-04  , 1.9065867227e-04
1.5000000000e+02,1.1666666667e+02 | 4.3060754807e-04  , 1.2215606795e-04
1.8333333333e+02,1.1666666667e+02 | 1.6047700266e-04  , 4.5505302708e-05
1.6666666667e+01,1.5000000000e+02 | 1.0796026053e-03  , 3.0626507025e-04
5.0000000000e+01,1.5000000000e+02 | 1.0077507152e-03  , 2.8588189959e-04
8.3333333333e+01,1.5000000000e+02 | 8.6882896980e-04  , 2.4647214093e-04
1.1666666667e+02,1.5000000000e+02 | 6.7208317034e-04  , 1.9065867227e-04
1.5000000000e+02,1.5000000000e+02 | 4.3060754807e-04  , 1.2215606795e-04
1.8333333333e+02,1.5000000000e+02 | 1.6047700266e-04  , 4.5505302708e-05
1.6666666667e+01,1.8333333333e+02 | 1.0796026053e-03  , 3.0626507025e-04
5.0000000000e+01,1.8333333333e+02 | 1.0077507152e-03  , 2.8588189959e-04
8.3333333333e+01,1.8333333333e+02 | 8.6882896980e-04  , 2.4647214093e-04
1.1666666667e+02,1.8333333333e+02 | 6.7208317034e-04  , 1.9065867227e-04
1.5000000000e+02,1.8333333333e+02 | 4.3060754807e-04  , 1.2215606795e-04
1.8333333333e+02,1.8333333333e+02 | 1.6047700266e-04  , 4.5505302708e-05
