DIM,18,18
k,1+1.1500885988e-05
5.5555555556e+00,5.5555555556e+00 | 1.0905821243e-03  , 3.0937954350e-04
1.6666666667e+01,5.5555555556e+00 | 1.0824744753e-03  , 3.0707954211e-04
2.7777777778e+01,5.5555555556e+00 | 1.0663194617e-03  , 3.0249663838e-04
3.8888888889e+01,5.5555555556e+00 | 1.0422371957e-03  , 2.9566491125e-04
5.0000000000e+01,5.5555555556e+00 | 1.0104066767e-03  , 2.8663513555e-04
6.1111111111e+01,5.5555555556e+00 | 9.7106456828e-04  , 2.7547445117e-04
7.2222222222e+01,5.5555555556e+00 | 9.2450334273e-04  , 2.6226582229e-04
8.3333333333e+01,5.5555555556e+00 | 8.7106918458e-04  , 2.4710746341e-04
9.4444444444e+01,5.5555555556e+00 | 8.1115934262e-04  , 2.3011206373e-04
1.0555555556e+02,5.5555555556e+00 | 7.4521920228e-04  , 2.1140597036e-04
1.1666666667e+02,5.5555555556e+00 | 6.7373897039e-04  , 1.9112825198e-04
1.2777777778e+02,5.5555555556e+00 | 5.9724999181e-04  , 1.6942963782e-04
1.3888888889e+02,5.5555555556e+00 | 5.1632085801e-04  , 1.4647141860e-04
1.5000000000e+02,5.5555555556e+00 | 4.3155326542e-04  , 1.2242429787e-04
1.6111111111e+02,5.5555555556e+00 | 3.4357741092e-04  , 9.7467047118e-05
1.7222222222e+02,5.5555555556e+00 | 2.5304740085e-04  , 7.1785185267e-05
1.8333333333e+02,5.5555555556e+00 | 1.6063667493e-04  , 4.5567132961e-05
1.9444444444e+02,5.5555555556e+00 | 6.7061250291e-05  , 1.8866628078e-05
5.5555555556e+00,1.6666666667e+01 | 1.0905821243e-03  , 3.0937954350e-04
1.6666666667e+01,1.6666666667e+01 | 1.0824744753e-03  , 3.0707954211e-04
2.7777777778e+01,1.6666666667e+01 | 1.0663194617e-03  , 3.0249663838e-04
3.8888888889e+01,1.6666666667e+01 | 1.0422371957e-03  , 2.9566491125e-04
5.0000000000e+01,1.6666666667e+01 | 1.0104066767e-03  , 2.8663513555e-04
6.1111111111e+01,1.6666666667e+01 | 9.7106456828e-04  , 2.7547445117e-04
7.2222222222e+01,1.6666666667e+01 | 9.2450334273e-04  , 2.6226582229e-04
8.3333333333e+01,1.6666666667e+01 | 8.7106918458e-04  , 2.4710746341e-04
9.4444444444e+01,1.6666666667e+01 | 8.1115934262e-04  , 2.3011206373e-04
1.0555555556e+02,1.6666666667e+01 | 7.4521920228e-04  , 2.1140597036e-04
1.1666666667e+02,1.6666666667e+01 | 6.7373897039e-04  , 1.9112825198e-04
1.2777777778e+02,1.6666666667e+01 | 5.9724999181e-04  , 1.6942963782e-04
1.3888888889e+02,1.6666666667e+01 | 5.1632085801e-04  , 1.4647141860e-04
1.5000000000e+02,1.6666666667e+01 | 4.3155326542e-04  , 1.2242429787e-04
1.6111111111e+02,1.6666666667e+01 | 3.4357741092e-04  , 9.7467047118e-05
1.7222222222e+02,1.6666666667e+01 | 2.5304740085e-04  , 7.1785185267e-05
1.8333333333e+02,1.6666666667e+01 | 1.6063667493e-04  , 4.5567132961e-05
1.9444444444e+02,1.6666666667e+01 | 6.7061250291e-05  , 1.8866628078e-05
5.5555555556e+00,2.7777777778e+01 | 1.0905821243e-03  , 3.0937954350e-04
1.6666666667e+01,2.7777777778e+01 | 1.0824744753e-03  , 3.0707954211e-04
2.7777777778e+01,2.7777777778e+01 | 1.0663194617e-03  , 3.0249663838e-04
3.8888888889e+01,2.7777777778e+01 | 1.0422371957e-03  , 2.9566491125e-04
5.0000000000e+01,2.7777777778e+01 | 1.0104066767e-03  , 2.8663513555e-04
6.1111111111e+01,2.7777777778e+01 | 9.7106456828e-04  , 2.7547445117e-04
7.2222222222e+01,2.7777777778e+01 | 9.2450334273e-04  , 2.6226582229e-04
8.3333333333e+01,2.7777777778e+01 | 8.7106918458e-04  , 2.4710746341e-04
9.4444444444e+01,2.7777777778e+01 | 8.1115934262e-04  , 2.3011206373e-04
1.0555555556e+02,2.7777777778e+01 | 7.4521920228e-04  , 2.1140597036e-04
1.1666666667e+02,2.7777777778e+01 | 6.7373897039e-04  , 1.9112825198e-04
1.2777777778e+02,2.7777777778e+01 | 5.9724999181e-04  , 1.6942963782e-04
1.3888888889e+02,2.7777777778e+01 | 5.1632085801e-04  , 1.4647141860e-04
1.5000000000e+02,2.7777777778e+01 | 4.3155326542e-04  , 1.2242429787e-04
1.6111111111e+02,2.7777777778e+01 | 3.4357741092e-04  , 9.7467047118e-05
1.7222222222e+02,2.7777777778e+01 | 2.5304740085e-04  , 7.1785185267e-05
1.8333333333e+02,2.7777777778e+01 | 1.6063667493e-04  , 4.5567132961e-05
1.9444444444e+02,2.7777777778e+01 | 6.7061250291e-05  , 1.8866628078e-05
5.5555555556e+00,3.8888888889e+01 | 1.0905821243e-03  , 3.0937954350e-04
1.6666666667e+01,3.8888888889e+01 | 1.0824744753e-03  , 3.0707954211e-04
2.7777777778e+01,3.8888888889e+01 | 1.0663194617e-03  , 3.0249663838e-04
3.8888888889e+01,3.8888888889e+01 | 1.0422371957e-03  , 2.9566491125e-04
5.0000000000e+01,3.8888888889e+01 | 1.0104066767e-03  , 2.8663513555e-04
6.1111111111e+01,3.8888888889e+01 | 9.7106456828e-04  , 2.7547445117e-04
7.2222222222e+01,3.8888888889e+01 | 9.2450334273e-04  , 2.6226582229e-04
8.3333333333e+01,3.8888888889e+01 | 8.7106918458e-04  , 2.4710746341e-04
9.4444444444e+01,3.8888888889e+01 | 8.1115934262e-04  , 2.3011206373e-04
1.0555555556e+02,3.8888888889e+01 | 7.4521920228e-04  , 2.1140597036e-04
1.1666666667e+02,3.8888888889e+01 | 6.7373897039e-04  , 1.9112825198e-04
1.2777777778e+02,3.8888888889e+01 | 5.9724999181e-04  , 1.6942963782e-04
1.3888888889e+02,3.8888888889e+01 | 5.1632085801e-04  , 1.4647141860e-04
1.5000000000e+02,3.8888888889e+01 | 4.3155326542e-04  , 1.2242429787e-04
1.6111111111e+02,3.8888888889e+01 | 3.4357741092e-04  , 9.7467047118e-05
1.7222222222e+02,3.8888888889e+01 | 2.5304740085e-04  , 7.1785185267e-05
1.8333333333e+02,3.8888888889e+01 | 1.6063667493e-04  , 4.5567132961e-05
1.9444444444e+02,3.8888888889e+01 | 6.7061250291e-05  , 1.8866628078e-05
5.5555555556e+00,5.0000000000e+01 | 1.0905821243e-03  , 3.0937954350e-04
1.6666666667e+01,5.0000000000e+01 | 1.0824744753e-03  , 3.0707954211e-04
2.7777777778e+01,5.0000000000e+01 | 1.0663194617e-03  , 3.0249663838e-04
3.8888888889e+01,5.0000000000e+01 | 1.0422371957e-03  , 2.9566491125e-04
5.0000000000e+01,5.0000000000e+01 | 1.0104066767e-03  , 2.8663513555e-04
6.1111111111e+01,5.0000000000e+01 | 9.7106456828e-04  , 2.7547445117e-04
7.2222222222e+01,5.0000000000e+01 | 9.2450334273e-04  , 2.6226582229e-04
8.3333333333e+01,5.0000000000e+01 | 8.7106918458e-04  , 2.4710746341e-04
9.4444444444e+01,5.0000000000e+01 | 8.1115934262e-04  , 2.3011206373e-04
1.0555555556e+02,5.0000000000e+01 | 7.4521920228e-04  , 2.1140597036e-04
1.1666666667e+02,5.0000000000e+01 | 6.7373897039e-04  , 1.9112825198e-04
1.2777777778e+02,5.0000000000e+01 | 5.9724999181e-04  , 1.6942963782e-04
1.3888888889e+02,5.0000000000e+01 | 5.1632085801e-04  , 1.4647141860e-04
1.5000000000e+02,5.0000000000e+01 | 4.3155326542e-04  , 1.2242429787e-04
1.6111111111e+02,5.0000000000e+01 | 3.4357741092e-04  , 9.7467047118e-05
1.7222222222e+02,5.0000000000e+01 | 2.5304740085e-04  , 7.1785185267e-05
1.8333333333e+02,5.0000000000e+01 | 1.6063667493e-04  , 4.5567132961e-05
1.9444444444e+02,5.0000000000e+01 | 6.7061250291e-05  , 1.8866628078e-05
5.5555555556e+00,6.1111111111e+01 | 1.0905821243e-03  , 3.0937954350e-04
1.6666666667e+01,6.1111111111e+01 | 1.0824744753e-03  , 3.0707954211e-04
2.7777777778e+01,6.1111111111e+01 | 1.0663194617e-03  , 3.0249663838e-04
3.8888888889e+01,6.1111111111e+01 | 1.0422371957e-03  , 2.9566491125e-04
5.0000000000e+01,6.1111111111e+01 | 1.0104066767e-03  , 2.8663513555e-04
6.1111111111e+01,6.1111111111e+01 | 9.7106456828e-04  , 2.7547445117e-04
7.2222222222e+01,6.1111111111e+01 | 9.2450334273e-04  , 2.6226582229e-04
8.3333333333e+01,6.1111111111e+01 | 8.7106918458e-04  , 2.4710746341e-04
9.4444444444e+01,6.1111111111e+01 | 8.1115934262e-04  , 2.3011206373e-04
1.0555555556e+02,6.1111111111e+01 | 7.4521920228e-04  , 2.1140597036e-04
1.1666666667e+02,6.1111111111e+01 | 6.7373897039e-04  , 1.9112825198e-04
1.2777777778e+02,6.1111111111e+01 | 5.9724999181e-04  , 1.6942963782e-04
1.3888888889e+02,6.1111111111e+01 | 5.1632085801e-04  , 1.4647141860e-04
1.5000000000e+02,6.1111111111e+01 | 4.3155326542e-04  , 1.2242429787e-04
1.6111111111e+02,6.1111111111e+01 | 3.4357741092e-04  , 9.7467047118e-05
1.7222222222e+02,6.1111111111e+01 | 2.5304740085e-04  , 7.1785185267e-05
1.8333333333e+02,6.1111111111e+01 | 1.6063667493e-04  , 4.5567132961e-05
1.9444444444e+02,6.1111111111e+01 | 6.7061250291e-05  , 1.8866628078e-05
5.5555555556e+00,7.2222222222e+01 | 1.0905821243e-03  , 3.0937954350e-04
1.6666666667e+01,7.2222222222e+01 | 1.0824744753e-03  , 3.0707954211e-04
2.7777777778e+01,7.2222222222e+01 | 1.0663194617e-03  , 3.0249663838e-04
3.8888888889e+01,7.2222222222e+01 | 1.0422371957e-03  , 2.9566491125e-04
5.0000000000e+01,7.2222222222e+01 | 1.0104066767e-03  , 2.8663513555e-04
6.1111111111e+01,7.2222222222e+01 | 9.7106456828e-04  , 2.7547445117e-04
7.2222222222e+01,7.2222222222e+01 | 9.2450334273e-04  , 2.6226582229e-04
8.3333333333e+01,7.2222222222e+01 | 8.7106918458e-04  , 2.4710746341e-04
9.4444444444e+01,7.2222222222e+01 | 8.1115934262e-04  , 2.3011206373e-04
1.0555555556e+02,7.2222222222e+01 | 7.4521920228e-04  , 2.1140597036e-04
1.1666666667e+02,7.2222222222e+01 | 6.7373897039e-04  , 1.9112825198e-04
1.2777777778e+02,7.2222222222e+01 | 5.9724999181e-04  , 1.6942963782e-04
1.3888888889e+02,7.2222222222e+01 | 5.1632085801e-04  , 1.4647141860e-04
1.5000000000e+02,7.2222222222e+01 | 4.3155326542e-04  , 1.2242429787e-04
1.6111111111e+02,7.2222222222e+01 | 3.4357741092e-04  , 9.7467047118e-05
1.7222222222e+02,7.2222222222e+01 | 2.5304740085e-04  , 7.1785185267e-05
1.8333333333e+02,7.2222222222e+01 | 1.6063667493e-04  , 4.5567132961e-05
1.9444444444e+02,7.2222222222e+01 | 6.7061250291e-05  , 1.8866628078e-05
5.5555555556e+00,8.3333333333e+01 | 1.0905821243e-03  , 3.0937954350e-04
1.6666666667e+01,8.3333333333e+01 | 1.0824744753e-03  , 3.0707954211e-04
2.7777777778e+01,8.3333333333e+01 | 1.0663194617e-03  , 3.0249663838e-04
3.8888888889e+01,8.3333333333e+01 | 1.0422371957e-03  , 2.9566491125e-04
5.0000000000e+01,8.3333333333e+01 | 1.0104066767e-03  , 2.8663513555e-04
6.1111111111e+01,8.3333333333e+01 | 9.7106456828e-04  , 2.7547445117e-04
7.2222222222e+01,8.3333333333e+01 | 9.2450334273e-04  , 2.6226582229e-04
8.3333333333e+01,8.3333333333e+01 | 8.7106918458e-04  , 2.4710746341e-04
9.4444444444e+01,8.3333333333e+01 | 8.1115934262e-04  , 2.3011206373e-04
1.0555555556e+02,8.3333333333e+01 | 7.4521920228e-04  , 2.1140597036e-04
1.1666666667e+02,8.3333333333e+01 | 6.7373897039e-04  , 1.9112825198e-04
1.2777777778e+02,8.3333333333e+01 | 5.9724999181e-04  , 1.6942963782e-04
1.3888888889e+02,8.3333333333e+01 | 5.1632085801e-04  , 1.4647141860e-04
1.5000000000e+02,8.3333333333e+01 | 4.3155326542e-04  , 1.2242429787e-04
1.6111111111e+02,8.3333333333e+01 | 3.4357741092e-04  , 9.7467047118e-05
1.7222222222e+02,8.3333333333e+01 | 2.5304740085e-04  , 7.1785185267e-05
1.8333333333e+02,8.3333333333e+01 | 1.6063667493e-04  , 4.5567132961e-05
1.9444444444e+02,8.3333333333e+01 | 6.7061250291e-05  , 1.8866628078e-05
5.5555555556e+00,9.4444444444e+01 | 1.0905821243e-03  , 3.0937954350e-04
1.6666666667e+01,9.4444444444e+01 | 1.0824744753e-03  , 3.0707954211e-04
2.7777777778e+01,9.4444444444e+01 | 1.0663194617e-03  , 3.0249663838e-04
3.8888888889e+01,9.4444444444e+01 | 1.0422371957e-03  , 2.9566491125e-04
5.0000000000e+01,9.4444444444e+01 | 1.0104066767e-03  , 2.8663513555e-04
6.1111111111e+01,9.4444444444e+01 | 9.7106456828e-04  , 2.7547445117e-04
7.2222222222e+01,9.4444444444e+01 | 9.2450334273e-04  , 2.6226582229e-04
8.3333333333e+01,9.4444444444e+01 | 8.7106918458e-04  , 2.4710746341e-04
9.4444444444e+01,9.4444444444e+01 | 8.1115934262e-04  , 2.3011206373e-04
1.0555555556e+02,9.4444444444e+01 | 7.4521920228e-04  , 2.1140597036e-04
1.1666666667e+02,9.4444444444e+01 | 6.7373897039e-04  , 1.9112825198e-04
1.2777777778e+02,9.4444444444e+01 | 5.9724999181e-04  , 1.6942963782e-04
1.3888888889e+02,9.4444444444e+01 | 5.1632085801e-04  , 1.4647141860e-04
1.5000000000e+02,9.4444444444e+01 | 4.3155326542e-04  , 1.2242429787e-04
1.6111111111e+02,9.4444444444e+01 | 3.4357741092e-04  , 9.7467047118e-05
1.7222222222e+02,9.4444444444e+01 | 2.5304740085e-04  , 7.1785185267e-05
1.8333333333e+02,9.4444444444e+01 | 1.6063667493e-04  , 4.5567132961e-05
1.9444444444e+02,9.4444444444e+01 | 6.7061250291e-05  , 1.8866628078e-05
5.5555555556e+00,1.0555555556e+02 | 1.0905821243e-03  , 3.0937954350e-04
1.6666666667e+01,1.0555555556e+02 | 1.0824744753e-03  , 3.0707954211e-04
2.7777777778e+01,1.0555555556e+02 | 1.0663194617e-03  , 3.0249663838e-04
3.8888888889e+01,1.0555555556e+02 | 1.0422371957e-03  , 2.9566491125e-04
5.0000000000e+01,1.0555555556e+02 | 1.0104066767e-03  , 2.8663513555e-04
6.1111111111e+01,1.0555555556e+02 | 9.7106456828e-04  , 2.7547445117e-04
7.2222222222e+01,1.0555555556e+02 | 9.2450334273e-04  , 2.6226582229e-04
8.3333333333e+01,1.0555555556e+02 | 8.7106918458e-04  , 2.4710746341e-04
9.4444444444e+01,1.0555555556e+02 | 8.1115934262e-04  , 2.3011206373e-04
1.0555555556e+02,1.0555555556e+02 | 7.4521920228e-04  , 2.1140597036e-04
1.1666666667e+02,1.0555555556e+02 | 6.7373897039e-04  , 1.9112825198e-04
1.2777777778e+02,1.0555555556e+02 | 5.9724999181e-04  , 1.6942963782e-04
1.3888888889e+02,1.0555555556e+02 | 5.1632085801e-04  , 1.4647141860e-04
1.5000000000e+02,1.0555555556e+02 | 4.3155326542e-04  , 1.2242429787e-04
1.6111111111e+02,1.0555555556e+02 | 3.4357741092e-04  , 9.7467047118e-05
1.7222222222e+02,1.0555555556e+02 | 2.5304740085e-04  , 7.1785185267e-05
1.8333333333e+02,1.0555555556e+02 | 1.6063667493e-04  , 4.5567132961e-05
1.9444444444e+02,1.0555555556e+02 | 6.7061250291e-05  , 1.8866628078e-05
5.5555555556e+00,1.1666666667e+02 | 1.0905821243e-03  , 3.0937954350e-04
1.6666666667e+01,1.1666666667e+02 | 1.0824744753e-03  , 3.0707954211e-04
2.7777777778e+01,1.1666666667e+02 | 1.0663194617e-03  , 3.0249663838e-04
3.8888888889e+01,1.1666666667e+02 | 1.0422371957e-03  , 2.9566491125e-04
5.0000000000e+01,1.1666666667e+02 | 1.0104066767e-03  , 2.8663513555e-04
6.1111111111e+01,1.1666666667e+02 | 9.7106456828e-04  , 2.7547445117e-04
7.2222222222e+01,1.1666666667e+02 | 9.2450334273e-04  , 2.6226582229e-04
8.3333333333e+01,1.1666666667e+02 | 8.7106918458e-04  , 2.4710746341e-04
9.4444444444e+01,1.1666666667e+02 | 8.1115934262e-04  , 2.3011206373e-04
1.0555555556e+02,1.1666666667e+02 | 7.4521920228e-04  , 2.1140597036e-04
1.1666666667e+02,1.1666666667e+02 | 6.7373897039e-04  , 1.9112825198e-04
1.2777777778e+02,1.1666666667e+02 | 5.9724999181e-04  , 1.6942963782e-04
1.3888888889e+02,1.1666666667e+02 | 5.1632085801e-04  , 1.4647141860e-04
1.5000000000e+02,1.1666666667e+02 | 4.3155326542e-04  , 1.2242429787e-04
1.6111111111e+02,1.1666666667e+02 | 3.4357741092e-04  , 9.7467047118e-05
1.7222222222e+02,1.1666666667e+02 | 2.5304740085e-04  , 7.1785185267e-05
1.8333333333e+02,1.1666666667e+02 | 1.6063667493e-04  , 4.5567132961e-05
1.9444444444e+02,1.1666666667e+02 | 6.7061250291e-05  , 1.8866628078e-05
5.5555555556e+00,1.2777777778e+02 | 1.0905821243e-03  , 3.0937954350e-04
1.6666666667e+01,1.2777777778e+02 | 1.0824744753e-03  , 3.0707954211e-04
2.7777777778e+01,1.2777777778e+02 | 1.0663194617e-03  , 3.0249663838e-04
3.8888888889e+01,1.2777777778e+02 | 1.0422371957e-03  , 2.9566491125e-04
5.0000000000e+01,1.2777777778e+02 | 1.0104066767e-03  , 2.8663513555e-04
6.1111111111e+01,1.2777777778e+02 | 9.7106456828e-04  , 2.7547445117e-04
7.2222222222e+01,1.2777777778e+02 | 9.2450334273e-04  , 2.6226582229e-04
8.3333333333e+01,1.2777777778e+02 | 8.7106918458e-04  , 2.4710746341e-04
9.4444444444e+01,1.2777777778e+02 | 8.1115934262e-04  , 2.3011206373e-04
1.0555555556e+02,1.2777777778e+02 | 7.4521920228e-04  , 2.1140597036e-04
1.1666666667e+02,1.2777777778e+02 | 6.7373897039e-04  , 1.9112825198e-04
1.2777777778e+02,1.2777777778e+02 | 5.9724999181e-04  , 1.6942963782e-04
1.3888888889e+02,1.2777777778e+02 | 5.1632085801e-04  , 1.4647141860e-04
1.5000000000e+02,1.2777777778e+02 | 4.3155326542e-04  , 1.2242429787e-04
1.6111111111e+02,1.2777777778e+02 | 3.4357741092e-04  , 9.7467047118e-05
1.7222222222e+02,1.2777777778e+02 | 2.5304740085e-04  , 7.1785185267e-05
1.8333333333e+02,1.2777777778e+02 | 1.6063667493e-04  , 4.5567132961e-05
1.9444444444e+02,1.2777777778e+02 | 6.7061250291e-05  , 1.8866628078e-05
5.5555555556e+00,1.3888888889e+02 | 1.0905821243e-03  , 3.0937954350e-04
1.6666666667e+01,1.3888888889e+02 | 1.0824744753e-03  , 3.0707954211e-04
2.7777777778e+01,1.3888888889e+02 | 1.0663194617e-03  , 3.0249663838e-04
3.8888888889e+01,1.3888888889e+02 | 1.0422371957e-03  , 2.9566491125e-04
5.0000000000e+01,1.3888888889e+02 | 1.0104066767e-03  , 2.8663513555e-04
6.1111111111e+01,1.3888888889e+02 | 9.7106456828e-04  , 2.7547445117e-04
7.2222222222e+01,1.3888888889e+02 | 9.2450334273e-04  , 2.6226582229e-04
8.3333333333e+01,1.3888888889e+02 | 8.7106918458e-04  , 2.4710746341e-04
9.4444444444e+01,1.3888888889e+02 | 8.1115934262e-04  , 2.3011206373e-04
1.0555555556e+02,1.3888888889e+02 | 7.4521920228e-04  , 2.1140597036e-04
1.1666666667e+02,1.3888888889e+02 | 6.7373897039e-04  , 1.9112825198e-04
1.2777777778e+02,1.3888888889e+02 | 5.9724999181e-04  , 1.6942963782e-04
1.3888888889e+02,1.3888888889e+02 | 5.1632085801e-04  , 1.4647141860e-04
1.5000000000e+02,1.3888888889e+02 | 4.3155326542e-04  , 1.2242429787e-04
1.6111111111e+02,1.3888888889e+02 | 3.4357741092e-04  , 9.7467047118e-05
1.7222222222e+02,1.3888888889e+02 | 2.5304740085e-04  , 7.1785185267e-05
1.8333333333e+02,1.3888888889e+02 | 1.6063667493e-04  , 4.5567132961e-05
1.9444444444e+02,1.3888888889e+02 | 6.7061250291e-05  , 1.8866628078e-05
5.5555555556e+00,1.5000000000e+02 | 1.0905821243e-03  , 3.0937954350e-04
1.6666666667e+01,1.5000000000e+02 | 1.0824744753e-03  , 3.0707954211e-04
2.7777777778e+01,1.5000000000e+02 | 1.0663194617e-03  , 3.0249663838e-04
3.8888888889e+01,1.5000000000e+02 | 1.0422371957e-03  , 2.9566491125e-04
5.0000000000e+01,1.5000000000e+02 | 1.0104066767e-03  , 2.8663513555e-04
6.1111111111e+01,1.5000000000e+02 | 9.7106456828e-04  , 2.7547445117e-04
7.2222222222e+01,1.5000000000e+02 | 9.2450334273e-04  , 2.6226582229e-04
8.3333333333e+01,1.5000000000e+02 | 8.7106918458e-04  , 2.4710746341e-04
9.4444444444e+01,1.5000000000e+02 | 8.1115934262e-04  , 2.3011206373e-04
1.0555555556e+02,1.5000000000e+02 | 7.4521920228e-04  , 2.1140597036e-04
1.1666666667e+02,1.5000000000e+02 | 6.7373897039e-04  , 1.9112825198e-04
1.2777777778e+02,1.5000000000e+02 | 5.9724999181e-04  , 1.6942963782e-04
1.3888888889e+02,1.5000000000e+02 | 5.1632085801e-04  , 1.4647141860e-04
1.5000000000e+02,1.5000000000e+02 | 4.3155326542e-04  , 1.2242429787e-04
1.6111111111e+02,1.5000000000e+02 | 3.4357741092e-04  , 9.7467047118e-05
1.7222222222e+02,1.5000000000e+02 | 2.5304740085e-04  , 7.1785185267e-05
1.8333333333e+02,1.5000000000e+02 | 1.6063667493e-04  , 4.5567132961e-05
1.9444444444e+02,1.5000000000e+02 | 6.7061250291e-05  , 1.8866628078e-05
5.5555555556e+00,1.6111111111e+02 | 1.0905821243e-03  , 3.0937954350e-04
1.6666666667e+01,1.6111111111e+02 | 1.0824744753e-03  , 3.0707954211e-04
2.7777777778e+01,1.6111111111e+02 | 1.0663194617e-03  , 3.0249663838e-04
3.8888888889e+01,1.6111111111e+02 | 1.0422371957e-03  , 2.9566491125e-04
5.0000000000e+01,1.6111111111e+02 | 1.0104066767e-03  , 2.8663513555e-04
6.1111111111e+01,1.6111111111e+02 | 9.7106456828e-04  , 2.7547445117e-04
7.2222222222e+01,1.6111111111e+02 | 9.2450334273e-04  , 2.6226582229e-04
8.3333333333e+01,1.6111111111e+02 | 8.7106918458e-04  , 2.4710746341e-04
9.4444444444e+01,1.6111111111e+02 | 8.1115934262e-04  , 2.3011206373e-04
1.0555555556e+02,1.6111111111e+02 | 7.4521920228e-04  , 2.1140597036e-04
1.1666666667e+02,1.6111111111e+02 | 6.7373897039e-04  , 1.9112825198e-04
1.2777777778e+02,1.6111111111e+02 | 5.9724999181e-04  , 1.6942963782e-04
1.3888888889e+02,1.6111111111e+02 | 5.1632085801e-04  , 1.4647141860e-04
1.5000000000e+02,1.6111111111e+02 | 4.3155326542e-04  , 1.2242429787e-04
1.6111111111e+02,1.6111111111e+02 | 3.4357741092e-04  , 9.7467047118e-05
1.7222222222e+02,1.6111111111e+02 | 2.5304740085e-04  , 7.1785185267e-05
1.8333333333e+02,1.6111111111e+02 | 1.6063667493e-04  , 4.5567132961e-05
1.9444444444e+02,1.6111111111e+02 | 6.7061250291e-05  , 1.8866628078e-05
5.5555555556e+00,1.7222222222e+02 | 1.0905821243e-03  , 3.0937954350e-04
1.6666666667e+01,1.7222222222e+02 | 1.0824744753e-03  , 3.0707954211e-04
2.7777777778e+01,1.7222222222e+02 | 1.0663194617e-03  , 3.0249663838e-04
3.8888888889e+01,1.7222222222e+02 | 1.0422371957e-03  , 2.9566491125e-04
5.0000000000e+01,1.7222222222e+02 | 1.0104066767e-03  , 2.8663513555e-04
6.1111111111e+01,1.7222222222e+02 | 9.7106456828e-04  , 2.7547445117e-04
7.2222222222e+01,1.7222222222e+02 | 9.2450334273e-04  , 2.6226582229e-04
8.3333333333e+01,1.7222222222e+02 | 8.7106918458e-04  , 2.4710746341e-04
9.4444444444e+01,1.7222222222e+02 | 8.1115934262e-04  , 2.3011206373e-04
1.0555555556e+02,1.7222222222e+02 | 7.4521920228e-04  , 2.1140597036e-04
1.1666666667e+02,1.7222222222e+02 | 6.7373897039e-04  , 1.9112825198e-04
1.2777777778e+02,1.7222222222e+02 | 5.9724999181e-04  , 1.6942963782e-04
1.3888888889e+02,1.7222222222e+02 | 5.1632085801e-04  , 1.4647141860e-04
1.5000000000e+02,1.7222222222e+02 | 4.3155326542e-04  , 1.2242429787e-04
1.6111111111e+02,1.7222222222e+02 | 3.4357741092e-04  , 9.7467047118e-05
1.7222222222e+02,1.7222222222e+02 | 2.5304740085e-04  , 7.1785185267e-05
1.8333333333e+02,1.7222222222e+02 | 1.6063667493e-04  , 4.5567132961e-05
1.9444444444e+02,1.7222222222e+02 | 6.7061250291e-05  , 1.8866628078e-05
5.5555555556e+00,1.8333333333e+02 | 1.0905821243e-03  , 3.0937954350e-04
1.6666666667e+01,1.8333333333e+02 | 1.0824744753e-03  , 3.0707954211e-04
2.7777777778e+01,1.8333333333e+02 | 1.0663194617e-03  , 3.0249663838e-04
3.8888888889e+01,1.8333333333e+02 | 1.0422371957e-03  , 2.9566491125e-04
5.0000000000e+01,1.8333333333e+02 | 1.0104066767e-03  , 2.8663513555e-04
6.1111111111e+01,1.8333333333e+02 | 9.7106456828e-04  , 2.7547445117e-04
7.2222222222e+01,1.8333333333e+02 | 9.2450334273e-04  , 2.6226582229e-04
8.3333333333e+01,1.8333333333e+02 | 8.7106918458e-04  , 2.4710746341e-04
9.4444444444e+01,1.8333333333e+02 | 8.1115934262e-04  , 2.3011206373e-04
1.0555555556e+02,1.8333333333e+02 | 7.4521920228e-04  , 2.1140597036e-04
1.1666666667e+02,1.8333333333e+02 | 6.7373897039e-04  , 1.9112825198e-04
1.2777777778e+02,1.8333333333e+02 | 5.9724999181e-04  , 1.6942963782e-04
1.3888888889e+02,1.8333333333e+02 | 5.1632085801e-04  , 1.4647141860e-04
1.5000000000e+02,1.8333333333e+02 | 4.3155326542e-04  , 1.2242429787e-04
1.6111111111e+02,1.8333333333e+02 | 3.4357741092e-04  , 9.7467047118e-05
1.7222222222e+02,1.8333333333e+02 | 2.5304740085e-04  , 7.1785185267e-05
1.8333333333e+02,1.8333333333e+02 | 1.6063667493e-04  , 4.5567132961e-05
1.9444444444e+02,1.8333333333e+02 | 6.7061250291e-05  , 1.8866628078e-05
5.5555555556e+00,1.9444444444e+02 | 1.0905821243e-03  , 3.0937954350e-04
1.6666666667e+01,1.9444444444e+02 | 1.0824744753e-03  , 3.0707954211e-04
2.7777777778e+01,1.9444444444e+02 | 1.0663194617e-03  , 3.0249663838e-04
3.8888888889e+01,1.9444444444e+02 | 1.0422371957e-03  , 2.9566491125e-04
5.0000000000e+01,1.9444444444e+02 | 1.0104066767e-03  , 2.8663513555e-04
6.1111111111e+01,1.9444444444e+02 | 9.7106456828e-04  , 2.7547445117e-04
7.2222222222e+01,1.9444444444e+02 | 9.2450334273e-04  , 2.6226582229e-04
8.3333333333e+01,1.9444444444e+02 | 8.7106918458e-04  , 2.4710746341e-04
9.4444444444e+01,1.9444444444e+02 | 8.1115934262e-04  , 2.3011206373e-04
1.0555555556e+02,1.9444444444e+02 | 7.4521920228e-04  , 2.1140597036e-04
1.1666666667e+02,1.9444444444e+02 | 6.7373897039e-04  , 1.9112825198e-04
1.2777777778e+02,1.9444444444e+02 | 5.9724999181e-04  , 1.6942963782e-04
1.3888888889e+02,1.9444444444e+02 | 5.1632085801e-04  , 1.4647141860e-04
1.5000000000e+02,1.9444444444e+02 | 4.3155326542e-04  , 1.2242429787e-04
1.6111111111e+02,1.9444444444e+02 | 3.4357741092e-04  , 9.7467047118e-05
1.7222222222e+02,1.9444444444e+02 | 2.5304740085e-04  , 7.1785185267e-05
1.8333333333e+02,1.9444444444e+02 | 1.6063667493e-04  , 4.5567132961e-05
1.9444444444e+02,1.9444444444e+02 | 6.7061250291e-05  , 1.8866628078e-05
